[0.016s] Invoking command in '/home/zuriel_tov/Brazo-Robotico/build/robot_interfaces': CMAKE_PREFIX_PATH=${CMAKE_PREFIX_PATH}:/home/zuriel_tov/Brazo-Robotico/irb14050_ws/install/robot_task_manager:/home/zuriel_tov/Brazo-Robotico/irb14050_ws/install/robot_speech:/home/zuriel_tov/Brazo-Robotico/irb14050_ws/install/robot_perception:/opt/ros/jazzy DEBUGINFOD_URLS=https://debuginfod.ubuntu.com PS1=(yolo_env) \[\e]0;\u@\h: \w\a\]${debian_chroot:+($debian_chroot)}\[\033[01;32m\]\u@\h\[\033[00m\]:\[\033[01;34m\]\w\[\033[00m\]\$ VIRTUAL_ENV_PROMPT=(yolo_env) /usr/bin/cmake --build /home/zuriel_tov/Brazo-Robotico/build/robot_interfaces -- -j32 -l32
[0.283s] -- Found ament_cmake: 2.5.5 (/opt/ros/jazzy/share/ament_cmake/cmake)
[0.284s] -- Found Python3: /home/zuriel_tov/yolo_env/bin/python3 (found version "3.12.3") found components: Interpreter 
[0.284s] -- Found rosidl_default_generators: 1.6.0 (/opt/ros/jazzy/share/rosidl_default_generators/cmake)
[0.284s] -- Using all available rosidl_typesupport_c: rosidl_typesupport_fastrtps_c;rosidl_typesupport_introspection_c
[0.284s] -- Using all available rosidl_typesupport_cpp: rosidl_typesupport_fastrtps_cpp;rosidl_typesupport_introspection_cpp
[0.284s] -- Found rosidl_adapter: 4.6.7 (/opt/ros/jazzy/share/rosidl_adapter/cmake)
[0.284s] -- Found std_msgs: 5.3.6 (/opt/ros/jazzy/share/std_msgs/cmake)
[0.284s] -- Found ament_lint_auto: 0.17.4 (/opt/ros/jazzy/share/ament_lint_auto/cmake)
[0.325s] -- Found ament_cmake_ros: 0.12.0 (/opt/ros/jazzy/share/ament_cmake_ros/cmake)
[0.400s] -- Using all available rosidl_typesupport_c: rosidl_typesupport_fastrtps_c;rosidl_typesupport_introspection_c
[0.500s] -- Using all available rosidl_typesupport_cpp: rosidl_typesupport_fastrtps_cpp;rosidl_typesupport_introspection_cpp
[0.501s] -- Found python_cmake_module: 0.11.1 (/opt/ros/jazzy/share/python_cmake_module/cmake)
[0.806s] -- Found Python3: /home/zuriel_tov/yolo_env/bin/python3 (found version "3.12.3") found components: Interpreter Development NumPy Development.Module Development.Embed 
[0.838s] -- Added test 'lint_cmake' to check CMake code style
[0.839s] -- Added test 'xmllint' to check XML markup files
[0.841s] -- Configuring done (0.8s)
[0.865s] -- Generating done (0.0s)
[0.873s] -- Build files have been written to: /home/zuriel_tov/Brazo-Robotico/build/robot_interfaces
[0.902s] [  2%] Built target robot_interfaces__rosidl_generator_type_description
[0.911s] [  2%] Built target ament_cmake_python_copy_robot_interfaces
[0.921s] [  4%] Built target robot_interfaces__cpp
[0.922s] [ 22%] Built target robot_interfaces__rosidl_generator_c
[0.943s] [ 36%] Built target robot_interfaces__rosidl_typesupport_c
[0.943s] [ 40%] Built target robot_interfaces__rosidl_typesupport_introspection_c
[0.943s] [ 50%] Built target robot_interfaces__rosidl_typesupport_introspection_cpp
[0.944s] [ 59%] Built target robot_interfaces__rosidl_typesupport_cpp
[0.944s] [ 68%] Built target robot_interfaces__rosidl_typesupport_fastrtps_cpp
[0.945s] [ 77%] Built target robot_interfaces__rosidl_typesupport_fastrtps_c
[0.964s] [ 77%] Built target robot_interfaces
[0.985s] [ 79%] Built target robot_interfaces__py
[1.007s] [ 86%] Built target robot_interfaces__rosidl_generator_py
[1.029s] [ 90%] Built target robot_interfaces_s__rosidl_typesupport_c
[1.029s] [ 95%] Built target robot_interfaces_s__rosidl_typesupport_introspection_c
[1.030s] [100%] Built target robot_interfaces_s__rosidl_typesupport_fastrtps_c
[1.051s] running egg_info
[1.061s] writing robot_interfaces.egg-info/PKG-INFO
[1.061s] writing dependency_links to robot_interfaces.egg-info/dependency_links.txt
[1.061s] writing top-level names to robot_interfaces.egg-info/top_level.txt
[1.088s] reading manifest file 'robot_interfaces.egg-info/SOURCES.txt'
[1.088s] writing manifest file 'robot_interfaces.egg-info/SOURCES.txt'
[1.109s] [100%] Built target ament_cmake_python_build_robot_interfaces_egg
[1.118s] Invoked command in '/home/zuriel_tov/Brazo-Robotico/build/robot_interfaces' returned '0': CMAKE_PREFIX_PATH=${CMAKE_PREFIX_PATH}:/home/zuriel_tov/Brazo-Robotico/irb14050_ws/install/robot_task_manager:/home/zuriel_tov/Brazo-Robotico/irb14050_ws/install/robot_speech:/home/zuriel_tov/Brazo-Robotico/irb14050_ws/install/robot_perception:/opt/ros/jazzy DEBUGINFOD_URLS=https://debuginfod.ubuntu.com PS1=(yolo_env) \[\e]0;\u@\h: \w\a\]${debian_chroot:+($debian_chroot)}\[\033[01;32m\]\u@\h\[\033[00m\]:\[\033[01;34m\]\w\[\033[00m\]\$ VIRTUAL_ENV_PROMPT=(yolo_env) /usr/bin/cmake --build /home/zuriel_tov/Brazo-Robotico/build/robot_interfaces -- -j32 -l32
[1.125s] Invoking command in '/home/zuriel_tov/Brazo-Robotico/build/robot_interfaces': CMAKE_PREFIX_PATH=${CMAKE_PREFIX_PATH}:/home/zuriel_tov/Brazo-Robotico/irb14050_ws/install/robot_task_manager:/home/zuriel_tov/Brazo-Robotico/irb14050_ws/install/robot_speech:/home/zuriel_tov/Brazo-Robotico/irb14050_ws/install/robot_perception:/opt/ros/jazzy DEBUGINFOD_URLS=https://debuginfod.ubuntu.com PS1=(yolo_env) \[\e]0;\u@\h: \w\a\]${debian_chroot:+($debian_chroot)}\[\033[01;32m\]\u@\h\[\033[00m\]:\[\033[01;34m\]\w\[\033[00m\]\$ VIRTUAL_ENV_PROMPT=(yolo_env) /usr/bin/cmake --install /home/zuriel_tov/Brazo-Robotico/build/robot_interfaces
[1.134s] -- Install configuration: ""
[1.134s] -- Up-to-date: /home/zuriel_tov/Brazo-Robotico/install/robot_interfaces/share/ament_index/resource_index/rosidl_interfaces/robot_interfaces
[1.134s] -- Up-to-date: /home/zuriel_tov/Brazo-Robotico/install/robot_interfaces/share/robot_interfaces/msg/DetectedObject.json
[1.134s] -- Up-to-date: /home/zuriel_tov/Brazo-Robotico/install/robot_interfaces/share/robot_interfaces/msg/DetectedObjectArray.json
[1.134s] -- Up-to-date: /home/zuriel_tov/Brazo-Robotico/install/robot_interfaces/include/robot_interfaces/robot_interfaces
[1.134s] -- Up-to-date: /home/zuriel_tov/Brazo-Robotico/install/robot_interfaces/include/robot_interfaces/robot_interfaces/msg
[1.134s] -- Up-to-date: /home/zuriel_tov/Brazo-Robotico/install/robot_interfaces/include/robot_interfaces/robot_interfaces/msg/detail
[1.134s] -- Up-to-date: /home/zuriel_tov/Brazo-Robotico/install/robot_interfaces/include/robot_interfaces/robot_interfaces/msg/detail/detected_object__type_support.h
[1.134s] -- Up-to-date: /home/zuriel_tov/Brazo-Robotico/install/robot_interfaces/include/robot_interfaces/robot_interfaces/msg/detail/detected_object__description.c
[1.134s] -- Up-to-date: /home/zuriel_tov/Brazo-Robotico/install/robot_interfaces/include/robot_interfaces/robot_interfaces/msg/detail/detected_object_array__functions.c
[1.134s] -- Up-to-date: /home/zuriel_tov/Brazo-Robotico/install/robot_interfaces/include/robot_interfaces/robot_interfaces/msg/detail/detected_object_array__type_support.c
[1.134s] -- Up-to-date: /home/zuriel_tov/Brazo-Robotico/install/robot_interfaces/include/robot_interfaces/robot_interfaces/msg/detail/detected_object__struct.h
[1.134s] -- Up-to-date: /home/zuriel_tov/Brazo-Robotico/install/robot_interfaces/include/robot_interfaces/robot_interfaces/msg/detail/detected_object_array__functions.h
[1.134s] -- Up-to-date: /home/zuriel_tov/Brazo-Robotico/install/robot_interfaces/include/robot_interfaces/robot_interfaces/msg/detail/detected_object__functions.h
[1.134s] -- Up-to-date: /home/zuriel_tov/Brazo-Robotico/install/robot_interfaces/include/robot_interfaces/robot_interfaces/msg/detail/detected_object__type_support.c
[1.134s] -- Up-to-date: /home/zuriel_tov/Brazo-Robotico/install/robot_interfaces/include/robot_interfaces/robot_interfaces/msg/detail/detected_object_array__type_support.h
[1.134s] -- Up-to-date: /home/zuriel_tov/Brazo-Robotico/install/robot_interfaces/include/robot_interfaces/robot_interfaces/msg/detail/detected_object__functions.c
[1.134s] -- Up-to-date: /home/zuriel_tov/Brazo-Robotico/install/robot_interfaces/include/robot_interfaces/robot_interfaces/msg/detail/detected_object_array__struct.h
[1.135s] -- Up-to-date: /home/zuriel_tov/Brazo-Robotico/install/robot_interfaces/include/robot_interfaces/robot_interfaces/msg/detail/detected_object_array__description.c
[1.135s] -- Up-to-date: /home/zuriel_tov/Brazo-Robotico/install/robot_interfaces/include/robot_interfaces/robot_interfaces/msg/detected_object_array.h
[1.135s] -- Up-to-date: /home/zuriel_tov/Brazo-Robotico/install/robot_interfaces/include/robot_interfaces/robot_interfaces/msg/rosidl_generator_c__visibility_control.h
[1.135s] -- Up-to-date: /home/zuriel_tov/Brazo-Robotico/install/robot_interfaces/include/robot_interfaces/robot_interfaces/msg/detected_object.h
[1.135s] -- Up-to-date: /home/zuriel_tov/Brazo-Robotico/install/robot_interfaces/share/robot_interfaces/environment/library_path.sh
[1.135s] -- Up-to-date: /home/zuriel_tov/Brazo-Robotico/install/robot_interfaces/share/robot_interfaces/environment/library_path.dsv
[1.135s] -- Up-to-date: /home/zuriel_tov/Brazo-Robotico/install/robot_interfaces/lib/librobot_interfaces__rosidl_generator_c.so
[1.135s] -- Up-to-date: /home/zuriel_tov/Brazo-Robotico/install/robot_interfaces/include/robot_interfaces/robot_interfaces
[1.135s] -- Up-to-date: /home/zuriel_tov/Brazo-Robotico/install/robot_interfaces/include/robot_interfaces/robot_interfaces/msg
[1.135s] -- Up-to-date: /home/zuriel_tov/Brazo-Robotico/install/robot_interfaces/include/robot_interfaces/robot_interfaces/msg/detail
[1.135s] -- Up-to-date: /home/zuriel_tov/Brazo-Robotico/install/robot_interfaces/include/robot_interfaces/robot_interfaces/msg/detail/detected_object__rosidl_typesupport_fastrtps_c.h
[1.135s] -- Up-to-date: /home/zuriel_tov/Brazo-Robotico/install/robot_interfaces/include/robot_interfaces/robot_interfaces/msg/detail/detected_object_array__rosidl_typesupport_fastrtps_c.h
[1.135s] -- Up-to-date: /home/zuriel_tov/Brazo-Robotico/install/robot_interfaces/include/robot_interfaces/robot_interfaces/msg/rosidl_typesupport_fastrtps_c__visibility_control.h
[1.135s] -- Up-to-date: /home/zuriel_tov/Brazo-Robotico/install/robot_interfaces/lib/librobot_interfaces__rosidl_typesupport_fastrtps_c.so
[1.135s] -- Up-to-date: /home/zuriel_tov/Brazo-Robotico/install/robot_interfaces/include/robot_interfaces/robot_interfaces
[1.135s] -- Up-to-date: /home/zuriel_tov/Brazo-Robotico/install/robot_interfaces/include/robot_interfaces/robot_interfaces/msg
[1.135s] -- Up-to-date: /home/zuriel_tov/Brazo-Robotico/install/robot_interfaces/include/robot_interfaces/robot_interfaces/msg/detail
[1.135s] -- Up-to-date: /home/zuriel_tov/Brazo-Robotico/install/robot_interfaces/include/robot_interfaces/robot_interfaces/msg/detail/detected_object_array__rosidl_typesupport_introspection_c.h
[1.135s] -- Up-to-date: /home/zuriel_tov/Brazo-Robotico/install/robot_interfaces/include/robot_interfaces/robot_interfaces/msg/detail/detected_object_array__type_support.c
[1.135s] -- Up-to-date: /home/zuriel_tov/Brazo-Robotico/install/robot_interfaces/include/robot_interfaces/robot_interfaces/msg/detail/detected_object__type_support.c
[1.135s] -- Up-to-date: /home/zuriel_tov/Brazo-Robotico/install/robot_interfaces/include/robot_interfaces/robot_interfaces/msg/detail/detected_object__rosidl_typesupport_introspection_c.h
[1.135s] -- Up-to-date: /home/zuriel_tov/Brazo-Robotico/install/robot_interfaces/include/robot_interfaces/robot_interfaces/msg/rosidl_typesupport_introspection_c__visibility_control.h
[1.136s] -- Up-to-date: /home/zuriel_tov/Brazo-Robotico/install/robot_interfaces/lib/librobot_interfaces__rosidl_typesupport_introspection_c.so
[1.136s] -- Up-to-date: /home/zuriel_tov/Brazo-Robotico/install/robot_interfaces/lib/librobot_interfaces__rosidl_typesupport_c.so
[1.136s] -- Up-to-date: /home/zuriel_tov/Brazo-Robotico/install/robot_interfaces/include/robot_interfaces/robot_interfaces
[1.136s] -- Up-to-date: /home/zuriel_tov/Brazo-Robotico/install/robot_interfaces/include/robot_interfaces/robot_interfaces/msg
[1.136s] -- Up-to-date: /home/zuriel_tov/Brazo-Robotico/install/robot_interfaces/include/robot_interfaces/robot_interfaces/msg/detail
[1.136s] -- Up-to-date: /home/zuriel_tov/Brazo-Robotico/install/robot_interfaces/include/robot_interfaces/robot_interfaces/msg/detail/detected_object__traits.hpp
[1.136s] -- Up-to-date: /home/zuriel_tov/Brazo-Robotico/install/robot_interfaces/include/robot_interfaces/robot_interfaces/msg/detail/detected_object_array__struct.hpp
[1.136s] -- Up-to-date: /home/zuriel_tov/Brazo-Robotico/install/robot_interfaces/include/robot_interfaces/robot_interfaces/msg/detail/detected_object_array__builder.hpp
[1.136s] -- Up-to-date: /home/zuriel_tov/Brazo-Robotico/install/robot_interfaces/include/robot_interfaces/robot_interfaces/msg/detail/detected_object__type_support.hpp
[1.136s] -- Up-to-date: /home/zuriel_tov/Brazo-Robotico/install/robot_interfaces/include/robot_interfaces/robot_interfaces/msg/detail/detected_object__struct.hpp
[1.136s] -- Up-to-date: /home/zuriel_tov/Brazo-Robotico/install/robot_interfaces/include/robot_interfaces/robot_interfaces/msg/detail/detected_object_array__type_support.hpp
[1.136s] -- Up-to-date: /home/zuriel_tov/Brazo-Robotico/install/robot_interfaces/include/robot_interfaces/robot_interfaces/msg/detail/detected_object_array__traits.hpp
[1.136s] -- Up-to-date: /home/zuriel_tov/Brazo-Robotico/install/robot_interfaces/include/robot_interfaces/robot_interfaces/msg/detail/detected_object__builder.hpp
[1.136s] -- Up-to-date: /home/zuriel_tov/Brazo-Robotico/install/robot_interfaces/include/robot_interfaces/robot_interfaces/msg/rosidl_generator_cpp__visibility_control.hpp
[1.136s] -- Up-to-date: /home/zuriel_tov/Brazo-Robotico/install/robot_interfaces/include/robot_interfaces/robot_interfaces/msg/detected_object.hpp
[1.136s] -- Up-to-date: /home/zuriel_tov/Brazo-Robotico/install/robot_interfaces/include/robot_interfaces/robot_interfaces/msg/detected_object_array.hpp
[1.136s] -- Up-to-date: /home/zuriel_tov/Brazo-Robotico/install/robot_interfaces/include/robot_interfaces/robot_interfaces
[1.136s] -- Up-to-date: /home/zuriel_tov/Brazo-Robotico/install/robot_interfaces/include/robot_interfaces/robot_interfaces/msg
[1.136s] -- Up-to-date: /home/zuriel_tov/Brazo-Robotico/install/robot_interfaces/include/robot_interfaces/robot_interfaces/msg/detail
[1.136s] -- Up-to-date: /home/zuriel_tov/Brazo-Robotico/install/robot_interfaces/include/robot_interfaces/robot_interfaces/msg/detail/dds_fastrtps
[1.136s] -- Up-to-date: /home/zuriel_tov/Brazo-Robotico/install/robot_interfaces/include/robot_interfaces/robot_interfaces/msg/detail/detected_object__rosidl_typesupport_fastrtps_cpp.hpp
[1.137s] -- Up-to-date: /home/zuriel_tov/Brazo-Robotico/install/robot_interfaces/include/robot_interfaces/robot_interfaces/msg/detail/detected_object_array__rosidl_typesupport_fastrtps_cpp.hpp
[1.137s] -- Up-to-date: /home/zuriel_tov/Brazo-Robotico/install/robot_interfaces/include/robot_interfaces/robot_interfaces/msg/rosidl_typesupport_fastrtps_cpp__visibility_control.h
[1.137s] -- Up-to-date: /home/zuriel_tov/Brazo-Robotico/install/robot_interfaces/lib/librobot_interfaces__rosidl_typesupport_fastrtps_cpp.so
[1.137s] -- Up-to-date: /home/zuriel_tov/Brazo-Robotico/install/robot_interfaces/include/robot_interfaces/robot_interfaces
[1.137s] -- Up-to-date: /home/zuriel_tov/Brazo-Robotico/install/robot_interfaces/include/robot_interfaces/robot_interfaces/msg
[1.137s] -- Up-to-date: /home/zuriel_tov/Brazo-Robotico/install/robot_interfaces/include/robot_interfaces/robot_interfaces/msg/detail
[1.137s] -- Up-to-date: /home/zuriel_tov/Brazo-Robotico/install/robot_interfaces/include/robot_interfaces/robot_interfaces/msg/detail/detected_object_array__rosidl_typesupport_introspection_cpp.hpp
[1.137s] -- Up-to-date: /home/zuriel_tov/Brazo-Robotico/install/robot_interfaces/include/robot_interfaces/robot_interfaces/msg/detail/detected_object__type_support.cpp
[1.137s] -- Up-to-date: /home/zuriel_tov/Brazo-Robotico/install/robot_interfaces/include/robot_interfaces/robot_interfaces/msg/detail/detected_object_array__type_support.cpp
[1.137s] -- Up-to-date: /home/zuriel_tov/Brazo-Robotico/install/robot_interfaces/include/robot_interfaces/robot_interfaces/msg/detail/detected_object__rosidl_typesupport_introspection_cpp.hpp
[1.137s] -- Up-to-date: /home/zuriel_tov/Brazo-Robotico/install/robot_interfaces/lib/librobot_interfaces__rosidl_typesupport_introspection_cpp.so
[1.137s] -- Up-to-date: /home/zuriel_tov/Brazo-Robotico/install/robot_interfaces/lib/librobot_interfaces__rosidl_typesupport_cpp.so
[1.137s] -- Up-to-date: /home/zuriel_tov/Brazo-Robotico/install/robot_interfaces/share/robot_interfaces/environment/pythonpath.sh
[1.137s] -- Up-to-date: /home/zuriel_tov/Brazo-Robotico/install/robot_interfaces/share/robot_interfaces/environment/pythonpath.dsv
[1.137s] -- Up-to-date: /home/zuriel_tov/Brazo-Robotico/install/robot_interfaces/lib/python3.12/site-packages/robot_interfaces-0.0.0-py3.12.egg-info
[1.137s] -- Installing: /home/zuriel_tov/Brazo-Robotico/install/robot_interfaces/lib/python3.12/site-packages/robot_interfaces-0.0.0-py3.12.egg-info/dependency_links.txt
[1.137s] -- Installing: /home/zuriel_tov/Brazo-Robotico/install/robot_interfaces/lib/python3.12/site-packages/robot_interfaces-0.0.0-py3.12.egg-info/PKG-INFO
[1.137s] -- Installing: /home/zuriel_tov/Brazo-Robotico/install/robot_interfaces/lib/python3.12/site-packages/robot_interfaces-0.0.0-py3.12.egg-info/top_level.txt
[1.137s] -- Installing: /home/zuriel_tov/Brazo-Robotico/install/robot_interfaces/lib/python3.12/site-packages/robot_interfaces-0.0.0-py3.12.egg-info/SOURCES.txt
[1.137s] -- Up-to-date: /home/zuriel_tov/Brazo-Robotico/install/robot_interfaces/lib/python3.12/site-packages/robot_interfaces
[1.137s] -- Up-to-date: /home/zuriel_tov/Brazo-Robotico/install/robot_interfaces/lib/python3.12/site-packages/robot_interfaces/_robot_interfaces_s.ep.rosidl_typesupport_introspection_c.c
[1.137s] -- Up-to-date: /home/zuriel_tov/Brazo-Robotico/install/robot_interfaces/lib/python3.12/site-packages/robot_interfaces/robot_interfaces_s__rosidl_typesupport_c.so
[1.137s] -- Installing: /home/zuriel_tov/Brazo-Robotico/install/robot_interfaces/lib/python3.12/site-packages/robot_interfaces/__init__.py
[1.137s] -- Up-to-date: /home/zuriel_tov/Brazo-Robotico/install/robot_interfaces/lib/python3.12/site-packages/robot_interfaces/robot_interfaces_s__rosidl_typesupport_fastrtps_c.so
[1.137s] -- Up-to-date: /home/zuriel_tov/Brazo-Robotico/install/robot_interfaces/lib/python3.12/site-packages/robot_interfaces/robot_interfaces_s__rosidl_typesupport_introspection_c.so
[1.138s] -- Up-to-date: /home/zuriel_tov/Brazo-Robotico/install/robot_interfaces/lib/python3.12/site-packages/robot_interfaces/msg
[1.138s] -- Up-to-date: /home/zuriel_tov/Brazo-Robotico/install/robot_interfaces/lib/python3.12/site-packages/robot_interfaces/msg/_detected_object_s.c
[1.138s] -- Up-to-date: /home/zuriel_tov/Brazo-Robotico/install/robot_interfaces/lib/python3.12/site-packages/robot_interfaces/msg/_detected_object_array.py
[1.138s] -- Up-to-date: /home/zuriel_tov/Brazo-Robotico/install/robot_interfaces/lib/python3.12/site-packages/robot_interfaces/msg/__init__.py
[1.138s] -- Up-to-date: /home/zuriel_tov/Brazo-Robotico/install/robot_interfaces/lib/python3.12/site-packages/robot_interfaces/msg/_detected_object_array_s.c
[1.138s] -- Up-to-date: /home/zuriel_tov/Brazo-Robotico/install/robot_interfaces/lib/python3.12/site-packages/robot_interfaces/msg/_detected_object.py
[1.138s] -- Up-to-date: /home/zuriel_tov/Brazo-Robotico/install/robot_interfaces/lib/python3.12/site-packages/robot_interfaces/_robot_interfaces_s.ep.rosidl_typesupport_c.c
[1.138s] -- Up-to-date: /home/zuriel_tov/Brazo-Robotico/install/robot_interfaces/lib/python3.12/site-packages/robot_interfaces/_robot_interfaces_s.ep.rosidl_typesupport_fastrtps_c.c
[1.165s] Listing '/home/zuriel_tov/Brazo-Robotico/install/robot_interfaces/lib/python3.12/site-packages/robot_interfaces'...
[1.165s] Compiling '/home/zuriel_tov/Brazo-Robotico/install/robot_interfaces/lib/python3.12/site-packages/robot_interfaces/__init__.py'...
[1.165s] Listing '/home/zuriel_tov/Brazo-Robotico/install/robot_interfaces/lib/python3.12/site-packages/robot_interfaces/msg'...
[1.169s] -- Up-to-date: /home/zuriel_tov/Brazo-Robotico/install/robot_interfaces/lib/python3.12/site-packages/robot_interfaces/robot_interfaces_s__rosidl_typesupport_fastrtps_c.so
[1.169s] -- Up-to-date: /home/zuriel_tov/Brazo-Robotico/install/robot_interfaces/lib/python3.12/site-packages/robot_interfaces/robot_interfaces_s__rosidl_typesupport_introspection_c.so
[1.169s] -- Up-to-date: /home/zuriel_tov/Brazo-Robotico/install/robot_interfaces/lib/python3.12/site-packages/robot_interfaces/robot_interfaces_s__rosidl_typesupport_c.so
[1.169s] -- Up-to-date: /home/zuriel_tov/Brazo-Robotico/install/robot_interfaces/lib/librobot_interfaces__rosidl_generator_py.so
[1.169s] -- Up-to-date: /home/zuriel_tov/Brazo-Robotico/install/robot_interfaces/share/robot_interfaces/msg/DetectedObject.idl
[1.169s] -- Up-to-date: /home/zuriel_tov/Brazo-Robotico/install/robot_interfaces/share/robot_interfaces/msg/DetectedObjectArray.idl
[1.169s] -- Up-to-date: /home/zuriel_tov/Brazo-Robotico/install/robot_interfaces/share/robot_interfaces/msg/DetectedObject.msg
[1.170s] -- Up-to-date: /home/zuriel_tov/Brazo-Robotico/install/robot_interfaces/share/robot_interfaces/msg/DetectedObjectArray.msg
[1.170s] -- Up-to-date: /home/zuriel_tov/Brazo-Robotico/install/robot_interfaces/share/ament_index/resource_index/package_run_dependencies/robot_interfaces
[1.170s] -- Installing: /home/zuriel_tov/Brazo-Robotico/install/robot_interfaces/share/ament_index/resource_index/parent_prefix_path/robot_interfaces
[1.170s] -- Up-to-date: /home/zuriel_tov/Brazo-Robotico/install/robot_interfaces/share/robot_interfaces/environment/ament_prefix_path.sh
[1.170s] -- Up-to-date: /home/zuriel_tov/Brazo-Robotico/install/robot_interfaces/share/robot_interfaces/environment/ament_prefix_path.dsv
[1.170s] -- Up-to-date: /home/zuriel_tov/Brazo-Robotico/install/robot_interfaces/share/robot_interfaces/environment/path.sh
[1.170s] -- Up-to-date: /home/zuriel_tov/Brazo-Robotico/install/robot_interfaces/share/robot_interfaces/environment/path.dsv
[1.170s] -- Up-to-date: /home/zuriel_tov/Brazo-Robotico/install/robot_interfaces/share/robot_interfaces/local_setup.bash
[1.170s] -- Up-to-date: /home/zuriel_tov/Brazo-Robotico/install/robot_interfaces/share/robot_interfaces/local_setup.sh
[1.170s] -- Up-to-date: /home/zuriel_tov/Brazo-Robotico/install/robot_interfaces/share/robot_interfaces/local_setup.zsh
[1.171s] -- Up-to-date: /home/zuriel_tov/Brazo-Robotico/install/robot_interfaces/share/robot_interfaces/local_setup.dsv
[1.171s] -- Installing: /home/zuriel_tov/Brazo-Robotico/install/robot_interfaces/share/robot_interfaces/package.dsv
[1.171s] -- Up-to-date: /home/zuriel_tov/Brazo-Robotico/install/robot_interfaces/share/ament_index/resource_index/packages/robot_interfaces
[1.171s] -- Up-to-date: /home/zuriel_tov/Brazo-Robotico/install/robot_interfaces/share/robot_interfaces/cmake/export_robot_interfaces__rosidl_generator_cExport.cmake
[1.171s] -- Up-to-date: /home/zuriel_tov/Brazo-Robotico/install/robot_interfaces/share/robot_interfaces/cmake/export_robot_interfaces__rosidl_generator_cExport-noconfig.cmake
[1.171s] -- Up-to-date: /home/zuriel_tov/Brazo-Robotico/install/robot_interfaces/share/robot_interfaces/cmake/export_robot_interfaces__rosidl_typesupport_fastrtps_cExport.cmake
[1.171s] -- Up-to-date: /home/zuriel_tov/Brazo-Robotico/install/robot_interfaces/share/robot_interfaces/cmake/export_robot_interfaces__rosidl_typesupport_fastrtps_cExport-noconfig.cmake
[1.172s] -- Up-to-date: /home/zuriel_tov/Brazo-Robotico/install/robot_interfaces/share/robot_interfaces/cmake/robot_interfaces__rosidl_typesupport_introspection_cExport.cmake
[1.172s] -- Up-to-date: /home/zuriel_tov/Brazo-Robotico/install/robot_interfaces/share/robot_interfaces/cmake/robot_interfaces__rosidl_typesupport_introspection_cExport-noconfig.cmake
[1.172s] -- Up-to-date: /home/zuriel_tov/Brazo-Robotico/install/robot_interfaces/share/robot_interfaces/cmake/robot_interfaces__rosidl_typesupport_cExport.cmake
[1.172s] -- Up-to-date: /home/zuriel_tov/Brazo-Robotico/install/robot_interfaces/share/robot_interfaces/cmake/robot_interfaces__rosidl_typesupport_cExport-noconfig.cmake
[1.172s] -- Up-to-date: /home/zuriel_tov/Brazo-Robotico/install/robot_interfaces/share/robot_interfaces/cmake/export_robot_interfaces__rosidl_generator_cppExport.cmake
[1.172s] -- Up-to-date: /home/zuriel_tov/Brazo-Robotico/install/robot_interfaces/share/robot_interfaces/cmake/export_robot_interfaces__rosidl_typesupport_fastrtps_cppExport.cmake
[1.172s] -- Up-to-date: /home/zuriel_tov/Brazo-Robotico/install/robot_interfaces/share/robot_interfaces/cmake/export_robot_interfaces__rosidl_typesupport_fastrtps_cppExport-noconfig.cmake
[1.172s] -- Up-to-date: /home/zuriel_tov/Brazo-Robotico/install/robot_interfaces/share/robot_interfaces/cmake/robot_interfaces__rosidl_typesupport_introspection_cppExport.cmake
[1.172s] -- Up-to-date: /home/zuriel_tov/Brazo-Robotico/install/robot_interfaces/share/robot_interfaces/cmake/robot_interfaces__rosidl_typesupport_introspection_cppExport-noconfig.cmake
[1.172s] -- Up-to-date: /home/zuriel_tov/Brazo-Robotico/install/robot_interfaces/share/robot_interfaces/cmake/robot_interfaces__rosidl_typesupport_cppExport.cmake
[1.172s] -- Up-to-date: /home/zuriel_tov/Brazo-Robotico/install/robot_interfaces/share/robot_interfaces/cmake/robot_interfaces__rosidl_typesupport_cppExport-noconfig.cmake
[1.172s] -- Up-to-date: /home/zuriel_tov/Brazo-Robotico/install/robot_interfaces/share/robot_interfaces/cmake/export_robot_interfaces__rosidl_generator_pyExport.cmake
[1.172s] -- Up-to-date: /home/zuriel_tov/Brazo-Robotico/install/robot_interfaces/share/robot_interfaces/cmake/export_robot_interfaces__rosidl_generator_pyExport-noconfig.cmake
[1.173s] -- Up-to-date: /home/zuriel_tov/Brazo-Robotico/install/robot_interfaces/share/robot_interfaces/cmake/rosidl_cmake-extras.cmake
[1.173s] -- Installing: /home/zuriel_tov/Brazo-Robotico/install/robot_interfaces/share/robot_interfaces/cmake/ament_cmake_export_dependencies-extras.cmake
[1.173s] -- Up-to-date: /home/zuriel_tov/Brazo-Robotico/install/robot_interfaces/share/robot_interfaces/cmake/ament_cmake_export_include_directories-extras.cmake
[1.173s] -- Up-to-date: /home/zuriel_tov/Brazo-Robotico/install/robot_interfaces/share/robot_interfaces/cmake/ament_cmake_export_libraries-extras.cmake
[1.173s] -- Up-to-date: /home/zuriel_tov/Brazo-Robotico/install/robot_interfaces/share/robot_interfaces/cmake/ament_cmake_export_targets-extras.cmake
[1.173s] -- Up-to-date: /home/zuriel_tov/Brazo-Robotico/install/robot_interfaces/share/robot_interfaces/cmake/rosidl_cmake_export_typesupport_targets-extras.cmake
[1.173s] -- Up-to-date: /home/zuriel_tov/Brazo-Robotico/install/robot_interfaces/share/robot_interfaces/cmake/rosidl_cmake_export_typesupport_libraries-extras.cmake
[1.173s] -- Up-to-date: /home/zuriel_tov/Brazo-Robotico/install/robot_interfaces/share/robot_interfaces/cmake/robot_interfacesConfig.cmake
[1.173s] -- Up-to-date: /home/zuriel_tov/Brazo-Robotico/install/robot_interfaces/share/robot_interfaces/cmake/robot_interfacesConfig-version.cmake
[1.173s] -- Installing: /home/zuriel_tov/Brazo-Robotico/install/robot_interfaces/share/robot_interfaces/package.xml
[1.173s] Invoked command in '/home/zuriel_tov/Brazo-Robotico/build/robot_interfaces' returned '0': CMAKE_PREFIX_PATH=${CMAKE_PREFIX_PATH}:/home/zuriel_tov/Brazo-Robotico/irb14050_ws/install/robot_task_manager:/home/zuriel_tov/Brazo-Robotico/irb14050_ws/install/robot_speech:/home/zuriel_tov/Brazo-Robotico/irb14050_ws/install/robot_perception:/opt/ros/jazzy DEBUGINFOD_URLS=https://debuginfod.ubuntu.com PS1=(yolo_env) \[\e]0;\u@\h: \w\a\]${debian_chroot:+($debian_chroot)}\[\033[01;32m\]\u@\h\[\033[00m\]:\[\033[01;34m\]\w\[\033[00m\]\$ VIRTUAL_ENV_PROMPT=(yolo_env) /usr/bin/cmake --install /home/zuriel_tov/Brazo-Robotico/build/robot_interfaces
