[0.903s] Invoking command in '/home/zuriel_tov/Brazo-Robotico/irb14050_ws/src/robot_speech': DEBUGINFOD_URLS=https://debuginfod.ubuntu.com PS1=(yolo_env) \[\e]0;\u@\h: \w\a\]${debian_chroot:+($debian_chroot)}\[\033[01;32m\]\u@\h\[\033[00m\]:\[\033[01;34m\]\w\[\033[00m\]\$ PYTHONPATH=/home/zuriel_tov/Brazo-Robotico/build/robot_speech/prefix_override:/usr/lib/python3/dist-packages/colcon_core/task/python/colcon_distutils_commands:/home/zuriel_tov/Brazo-Robotico/install/robot_speech/lib/python3.12/site-packages:${PYTHONPATH} VIRTUAL_ENV_PROMPT=(yolo_env) /usr/bin/python3 -W ignore:setup.py install is deprecated -W ignore:easy_install command is deprecated setup.py egg_info --egg-base ../../../build/robot_speech build --build-base /home/zuriel_tov/Brazo-Robotico/build/robot_speech/build install --record /home/zuriel_tov/Brazo-Robotico/build/robot_speech/install.log --single-version-externally-managed install_data
[1.089s] running egg_info
[1.100s] writing ../../../build/robot_speech/robot_speech.egg-info/PKG-INFO
[1.100s] writing dependency_links to ../../../build/robot_speech/robot_speech.egg-info/dependency_links.txt
[1.100s] writing requirements to ../../../build/robot_speech/robot_speech.egg-info/requires.txt
[1.100s] writing top-level names to ../../../build/robot_speech/robot_speech.egg-info/top_level.txt
[1.129s] reading manifest file '../../../build/robot_speech/robot_speech.egg-info/SOURCES.txt'
[1.130s] writing manifest file '../../../build/robot_speech/robot_speech.egg-info/SOURCES.txt'
[1.130s] running build
[1.130s] running build_py
[1.130s] copying robot_speech/__init__.py -> /home/zuriel_tov/Brazo-Robotico/build/robot_speech/build/lib/robot_speech
[1.130s] running install
[1.134s] running install_lib
[1.150s] running install_data
[1.150s] copying resource/robot_speech -> /home/zuriel_tov/Brazo-Robotico/install/robot_speech/share/ament_index/resource_index/packages
[1.150s] copying package.xml -> /home/zuriel_tov/Brazo-Robotico/install/robot_speech/share/robot_speech
[1.150s] running install_egg_info
[1.166s] removing '/home/zuriel_tov/Brazo-Robotico/install/robot_speech/lib/python3.12/site-packages/robot_speech-0.0.0-py3.12.egg-info' (and everything under it)
[1.166s] Copying ../../../build/robot_speech/robot_speech.egg-info to /home/zuriel_tov/Brazo-Robotico/install/robot_speech/lib/python3.12/site-packages/robot_speech-0.0.0-py3.12.egg-info
[1.166s] running install_scripts
[1.256s] writing list of installed files to '/home/zuriel_tov/Brazo-Robotico/build/robot_speech/install.log'
[1.276s] Invoked command in '/home/zuriel_tov/Brazo-Robotico/irb14050_ws/src/robot_speech' returned '0': DEBUGINFOD_URLS=https://debuginfod.ubuntu.com PS1=(yolo_env) \[\e]0;\u@\h: \w\a\]${debian_chroot:+($debian_chroot)}\[\033[01;32m\]\u@\h\[\033[00m\]:\[\033[01;34m\]\w\[\033[00m\]\$ PYTHONPATH=/home/zuriel_tov/Brazo-Robotico/build/robot_speech/prefix_override:/usr/lib/python3/dist-packages/colcon_core/task/python/colcon_distutils_commands:/home/zuriel_tov/Brazo-Robotico/install/robot_speech/lib/python3.12/site-packages:${PYTHONPATH} VIRTUAL_ENV_PROMPT=(yolo_env) /usr/bin/python3 -W ignore:setup.py install is deprecated -W ignore:easy_install command is deprecated setup.py egg_info --egg-base ../../../build/robot_speech build --build-base /home/zuriel_tov/Brazo-Robotico/build/robot_speech/build install --record /home/zuriel_tov/Brazo-Robotico/build/robot_speech/install.log --single-version-externally-managed install_data
