running egg_info
creating ../../../build/robot_speech/robot_speech.egg-info
writing ../../../build/robot_speech/robot_speech.egg-info/PKG-INFO
writing dependency_links to ../../../build/robot_speech/robot_speech.egg-info/dependency_links.txt
writing requirements to ../../../build/robot_speech/robot_speech.egg-info/requires.txt
writing top-level names to ../../../build/robot_speech/robot_speech.egg-info/top_level.txt
writing manifest file '../../../build/robot_speech/robot_speech.egg-info/SOURCES.txt'
reading manifest file '../../../build/robot_speech/robot_speech.egg-info/SOURCES.txt'
writing manifest file '../../../build/robot_speech/robot_speech.egg-info/SOURCES.txt'
running build
running build_py
creating /home/zuriel_tov/Brazo-Robotico/build/robot_speech/build
creating /home/zuriel_tov/Brazo-Robotico/build/robot_speech/build/lib
creating /home/zuriel_tov/Brazo-Robotico/build/robot_speech/build/lib/robot_speech
copying robot_speech/__init__.py -> /home/zuriel_tov/Brazo-Robotico/build/robot_speech/build/lib/robot_speech
running install
running install_lib
creating /home/zuriel_tov/Brazo-Robotico/install/robot_speech/lib/python3.12/site-packages/robot_speech
copying /home/zuriel_tov/Brazo-Robotico/build/robot_speech/build/lib/robot_speech/__init__.py -> /home/zuriel_tov/Brazo-Robotico/install/robot_speech/lib/python3.12/site-packages/robot_speech
byte-compiling /home/zuriel_tov/Brazo-Robotico/install/robot_speech/lib/python3.12/site-packages/robot_speech/__init__.py to __init__.cpython-312.pyc
running install_data
creating /home/zuriel_tov/Brazo-Robotico/install/robot_speech/share/ament_index
creating /home/zuriel_tov/Brazo-Robotico/install/robot_speech/share/ament_index/resource_index
creating /home/zuriel_tov/Brazo-Robotico/install/robot_speech/share/ament_index/resource_index/packages
copying resource/robot_speech -> /home/zuriel_tov/Brazo-Robotico/install/robot_speech/share/ament_index/resource_index/packages
copying package.xml -> /home/zuriel_tov/Brazo-Robotico/install/robot_speech/share/robot_speech
running install_egg_info
Copying ../../../build/robot_speech/robot_speech.egg-info to /home/zuriel_tov/Brazo-Robotico/install/robot_speech/lib/python3.12/site-packages/robot_speech-0.0.0-py3.12.egg-info
running install_scripts
writing list of installed files to '/home/zuriel_tov/Brazo-Robotico/build/robot_speech/install.log'
