running egg_info
creating ../../../build/realsense_d415_bringup/realsense_d415_bringup.egg-info
writing ../../../build/realsense_d415_bringup/realsense_d415_bringup.egg-info/PKG-INFO
writing dependency_links to ../../../build/realsense_d415_bringup/realsense_d415_bringup.egg-info/dependency_links.txt
writing requirements to ../../../build/realsense_d415_bringup/realsense_d415_bringup.egg-info/requires.txt
writing top-level names to ../../../build/realsense_d415_bringup/realsense_d415_bringup.egg-info/top_level.txt
writing manifest file '../../../build/realsense_d415_bringup/realsense_d415_bringup.egg-info/SOURCES.txt'
reading manifest file '../../../build/realsense_d415_bringup/realsense_d415_bringup.egg-info/SOURCES.txt'
writing manifest file '../../../build/realsense_d415_bringup/realsense_d415_bringup.egg-info/SOURCES.txt'
running build
running build_py
creating /home/zuriel_tov/Brazo-Robotico/build/realsense_d415_bringup/build
creating /home/zuriel_tov/Brazo-Robotico/build/realsense_d415_bringup/build/lib
creating /home/zuriel_tov/Brazo-Robotico/build/realsense_d415_bringup/build/lib/realsense_d415_bringup
copying realsense_d415_bringup/__init__.py -> /home/zuriel_tov/Brazo-Robotico/build/realsense_d415_bringup/build/lib/realsense_d415_bringup
running install
running install_lib
creating /home/zuriel_tov/Brazo-Robotico/install/realsense_d415_bringup/lib/python3.12/site-packages/realsense_d415_bringup
copying /home/zuriel_tov/Brazo-Robotico/build/realsense_d415_bringup/build/lib/realsense_d415_bringup/__init__.py -> /home/zuriel_tov/Brazo-Robotico/install/realsense_d415_bringup/lib/python3.12/site-packages/realsense_d415_bringup
byte-compiling /home/zuriel_tov/Brazo-Robotico/install/realsense_d415_bringup/lib/python3.12/site-packages/realsense_d415_bringup/__init__.py to __init__.cpython-312.pyc
running install_data
creating /home/zuriel_tov/Brazo-Robotico/install/realsense_d415_bringup/share/ament_index
creating /home/zuriel_tov/Brazo-Robotico/install/realsense_d415_bringup/share/ament_index/resource_index
creating /home/zuriel_tov/Brazo-Robotico/install/realsense_d415_bringup/share/ament_index/resource_index/packages
copying resource/realsense_d415_bringup -> /home/zuriel_tov/Brazo-Robotico/install/realsense_d415_bringup/share/ament_index/resource_index/packages
copying package.xml -> /home/zuriel_tov/Brazo-Robotico/install/realsense_d415_bringup/share/realsense_d415_bringup
creating /home/zuriel_tov/Brazo-Robotico/install/realsense_d415_bringup/share/realsense_d415_bringup/launch
copying launch/d415_rgbd_pointcloud.launch.py -> /home/zuriel_tov/Brazo-Robotico/install/realsense_d415_bringup/share/realsense_d415_bringup/launch
creating /home/zuriel_tov/Brazo-Robotico/install/realsense_d415_bringup/share/realsense_d415_bringup/config
copying config/d415_params.yaml -> /home/zuriel_tov/Brazo-Robotico/install/realsense_d415_bringup/share/realsense_d415_bringup/config
running install_egg_info
Copying ../../../build/realsense_d415_bringup/realsense_d415_bringup.egg-info to /home/zuriel_tov/Brazo-Robotico/install/realsense_d415_bringup/lib/python3.12/site-packages/realsense_d415_bringup-0.0.0-py3.12.egg-info
running install_scripts
writing list of installed files to '/home/zuriel_tov/Brazo-Robotico/build/realsense_d415_bringup/install.log'
