[1.125s] Invoking command in '/home/zuriel_tov/Brazo-Robotico/irb14050_ws/src/robot_perception': DEBUGINFOD_URLS=https://debuginfod.ubuntu.com PYTHONPATH=/home/zuriel_tov/Brazo-Robotico/build/robot_perception/prefix_override:/usr/lib/python3/dist-packages/colcon_core/task/python/colcon_distutils_commands:/home/zuriel_tov/Brazo-Robotico/install/robot_perception/lib/python3.12/site-packages:${PYTHONPATH} /usr/bin/python3 -W ignore:setup.py install is deprecated -W ignore:easy_install command is deprecated setup.py egg_info --egg-base ../../../build/robot_perception build --build-base /home/zuriel_tov/Brazo-Robotico/build/robot_perception/build install --record /home/zuriel_tov/Brazo-Robotico/build/robot_perception/install.log --single-version-externally-managed install_data
[1.344s] running egg_info
[1.359s] writing ../../../build/robot_perception/robot_perception.egg-info/PKG-INFO
[1.359s] writing dependency_links to ../../../build/robot_perception/robot_perception.egg-info/dependency_links.txt
[1.360s] writing entry points to ../../../build/robot_perception/robot_perception.egg-info/entry_points.txt
[1.360s] writing requirements to ../../../build/robot_perception/robot_perception.egg-info/requires.txt
[1.360s] writing top-level names to ../../../build/robot_perception/robot_perception.egg-info/top_level.txt
[1.392s] reading manifest file '../../../build/robot_perception/robot_perception.egg-info/SOURCES.txt'
[1.393s] writing manifest file '../../../build/robot_perception/robot_perception.egg-info/SOURCES.txt'
[1.393s] running build
[1.393s] running build_py
[1.393s] copying robot_perception/pointcloud.py -> /home/zuriel_tov/Brazo-Robotico/build/robot_perception/build/lib/robot_perception
[1.394s] copying robot_perception/camera_node.py -> /home/zuriel_tov/Brazo-Robotico/build/robot_perception/build/lib/robot_perception
[1.394s] copying robot_perception/depth_estimator.py -> /home/zuriel_tov/Brazo-Robotico/build/robot_perception/build/lib/robot_perception
[1.394s] copying robot_perception/yolo_node.py -> /home/zuriel_tov/Brazo-Robotico/build/robot_perception/build/lib/robot_perception
[1.394s] running install
[1.399s] running install_lib
[1.416s] copying /home/zuriel_tov/Brazo-Robotico/build/robot_perception/build/lib/robot_perception/pointcloud.py -> /home/zuriel_tov/Brazo-Robotico/install/robot_perception/lib/python3.12/site-packages/robot_perception
[1.416s] copying /home/zuriel_tov/Brazo-Robotico/build/robot_perception/build/lib/robot_perception/camera_node.py -> /home/zuriel_tov/Brazo-Robotico/install/robot_perception/lib/python3.12/site-packages/robot_perception
[1.416s] copying /home/zuriel_tov/Brazo-Robotico/build/robot_perception/build/lib/robot_perception/depth_estimator.py -> /home/zuriel_tov/Brazo-Robotico/install/robot_perception/lib/python3.12/site-packages/robot_perception
[1.417s] copying /home/zuriel_tov/Brazo-Robotico/build/robot_perception/build/lib/robot_perception/yolo_node.py -> /home/zuriel_tov/Brazo-Robotico/install/robot_perception/lib/python3.12/site-packages/robot_perception
[1.417s] byte-compiling /home/zuriel_tov/Brazo-Robotico/install/robot_perception/lib/python3.12/site-packages/robot_perception/pointcloud.py to pointcloud.cpython-312.pyc
[1.419s] byte-compiling /home/zuriel_tov/Brazo-Robotico/install/robot_perception/lib/python3.12/site-packages/robot_perception/camera_node.py to camera_node.cpython-312.pyc
[1.419s] byte-compiling /home/zuriel_tov/Brazo-Robotico/install/robot_perception/lib/python3.12/site-packages/robot_perception/depth_estimator.py to depth_estimator.cpython-312.pyc
[1.421s] byte-compiling /home/zuriel_tov/Brazo-Robotico/install/robot_perception/lib/python3.12/site-packages/robot_perception/yolo_node.py to yolo_node.cpython-312.pyc
[1.422s] running install_data
[1.423s] creating /home/zuriel_tov/Brazo-Robotico/install/robot_perception/share/robot_perception/launch
[1.423s] copying launch/perception.launch.py -> /home/zuriel_tov/Brazo-Robotico/install/robot_perception/share/robot_perception/launch
[1.423s] creating /home/zuriel_tov/Brazo-Robotico/install/robot_perception/share/robot_perception/config
[1.423s] copying config/yolo_params.yaml -> /home/zuriel_tov/Brazo-Robotico/install/robot_perception/share/robot_perception/config
[1.423s] running install_egg_info
[1.441s] removing '/home/zuriel_tov/Brazo-Robotico/install/robot_perception/lib/python3.12/site-packages/robot_perception-0.0.0-py3.12.egg-info' (and everything under it)
[1.442s] Copying ../../../build/robot_perception/robot_perception.egg-info to /home/zuriel_tov/Brazo-Robotico/install/robot_perception/lib/python3.12/site-packages/robot_perception-0.0.0-py3.12.egg-info
[1.443s] running install_scripts
[1.558s] Installing camera_node script to /home/zuriel_tov/Brazo-Robotico/install/robot_perception/lib/robot_perception
[1.558s] Installing depth_node script to /home/zuriel_tov/Brazo-Robotico/install/robot_perception/lib/robot_perception
[1.558s] Installing pointcloud_node script to /home/zuriel_tov/Brazo-Robotico/install/robot_perception/lib/robot_perception
[1.558s] Installing yolo_node script to /home/zuriel_tov/Brazo-Robotico/install/robot_perception/lib/robot_perception
[1.559s] writing list of installed files to '/home/zuriel_tov/Brazo-Robotico/build/robot_perception/install.log'
[1.580s] Invoked command in '/home/zuriel_tov/Brazo-Robotico/irb14050_ws/src/robot_perception' returned '0': DEBUGINFOD_URLS=https://debuginfod.ubuntu.com PYTHONPATH=/home/zuriel_tov/Brazo-Robotico/build/robot_perception/prefix_override:/usr/lib/python3/dist-packages/colcon_core/task/python/colcon_distutils_commands:/home/zuriel_tov/Brazo-Robotico/install/robot_perception/lib/python3.12/site-packages:${PYTHONPATH} /usr/bin/python3 -W ignore:setup.py install is deprecated -W ignore:easy_install command is deprecated setup.py egg_info --egg-base ../../../build/robot_perception build --build-base /home/zuriel_tov/Brazo-Robotico/build/robot_perception/build install --record /home/zuriel_tov/Brazo-Robotico/build/robot_perception/install.log --single-version-externally-managed install_data
