[0.737s] Invoking command in '/home/zuriel_tov/Brazo-Robotico/irb14050_ws/src/robot_perception': DEBUGINFOD_URLS=https://debuginfod.ubuntu.com PYTHONPATH=/home/zuriel_tov/Brazo-Robotico/build/robot_perception/prefix_override:/usr/lib/python3/dist-packages/colcon_core/task/python/colcon_distutils_commands:/home/zuriel_tov/Brazo-Robotico/install/robot_perception/lib/python3.12/site-packages:${PYTHONPATH} /usr/bin/python3 -W ignore:setup.py install is deprecated -W ignore:easy_install command is deprecated setup.py egg_info --egg-base ../../../build/robot_perception build --build-base /home/zuriel_tov/Brazo-Robotico/build/robot_perception/build install --record /home/zuriel_tov/Brazo-Robotico/build/robot_perception/install.log --single-version-externally-managed install_data
[0.929s] running egg_info
[0.944s] writing ../../../build/robot_perception/robot_perception.egg-info/PKG-INFO
[0.944s] writing dependency_links to ../../../build/robot_perception/robot_perception.egg-info/dependency_links.txt
[0.944s] writing entry points to ../../../build/robot_perception/robot_perception.egg-info/entry_points.txt
[0.944s] writing requirements to ../../../build/robot_perception/robot_perception.egg-info/requires.txt
[0.944s] writing top-level names to ../../../build/robot_perception/robot_perception.egg-info/top_level.txt
[0.974s] reading manifest file '../../../build/robot_perception/robot_perception.egg-info/SOURCES.txt'
[0.974s] writing manifest file '../../../build/robot_perception/robot_perception.egg-info/SOURCES.txt'
[0.974s] running build
[0.974s] running build_py
[0.974s] copying robot_perception/camera_node.py -> /home/zuriel_tov/Brazo-Robotico/build/robot_perception/build/lib/robot_perception
[0.974s] running install
[0.980s] running install_lib
[0.995s] copying /home/zuriel_tov/Brazo-Robotico/build/robot_perception/build/lib/robot_perception/camera_node.py -> /home/zuriel_tov/Brazo-Robotico/install/robot_perception/lib/python3.12/site-packages/robot_perception
[0.995s] byte-compiling /home/zuriel_tov/Brazo-Robotico/install/robot_perception/lib/python3.12/site-packages/robot_perception/camera_node.py to camera_node.cpython-312.pyc
[0.995s] running install_data
[0.995s] running install_egg_info
[1.011s] removing '/home/zuriel_tov/Brazo-Robotico/install/robot_perception/lib/python3.12/site-packages/robot_perception-0.0.0-py3.12.egg-info' (and everything under it)
[1.011s] Copying ../../../build/robot_perception/robot_perception.egg-info to /home/zuriel_tov/Brazo-Robotico/install/robot_perception/lib/python3.12/site-packages/robot_perception-0.0.0-py3.12.egg-info
[1.012s] running install_scripts
[1.109s] Installing camera_node script to /home/zuriel_tov/Brazo-Robotico/install/robot_perception/lib/robot_perception
[1.109s] Installing depth_node script to /home/zuriel_tov/Brazo-Robotico/install/robot_perception/lib/robot_perception
[1.109s] Installing yolo_node script to /home/zuriel_tov/Brazo-Robotico/install/robot_perception/lib/robot_perception
[1.109s] writing list of installed files to '/home/zuriel_tov/Brazo-Robotico/build/robot_perception/install.log'
[1.129s] Invoked command in '/home/zuriel_tov/Brazo-Robotico/irb14050_ws/src/robot_perception' returned '0': DEBUGINFOD_URLS=https://debuginfod.ubuntu.com PYTHONPATH=/home/zuriel_tov/Brazo-Robotico/build/robot_perception/prefix_override:/usr/lib/python3/dist-packages/colcon_core/task/python/colcon_distutils_commands:/home/zuriel_tov/Brazo-Robotico/install/robot_perception/lib/python3.12/site-packages:${PYTHONPATH} /usr/bin/python3 -W ignore:setup.py install is deprecated -W ignore:easy_install command is deprecated setup.py egg_info --egg-base ../../../build/robot_perception build --build-base /home/zuriel_tov/Brazo-Robotico/build/robot_perception/build install --record /home/zuriel_tov/Brazo-Robotico/build/robot_perception/install.log --single-version-externally-managed install_data
