[  2%] Built target robot_interfaces__rosidl_generator_type_description
[  2%] Built target ament_cmake_python_copy_robot_interfaces
[  4%] Built target robot_interfaces__cpp
[ 22%] Built target robot_interfaces__rosidl_generator_c
[ 31%] Built target robot_interfaces__rosidl_typesupport_c
[ 40%] Built target robot_interfaces__rosidl_typesupport_fastrtps_c
[ 50%] Built target robot_interfaces__rosidl_typesupport_fastrtps_cpp
[ 59%] Built target robot_interfaces__rosidl_typesupport_introspection_cpp
[ 68%] Built target robot_interfaces__rosidl_typesupport_cpp
[ 77%] Built target robot_interfaces__rosidl_typesupport_introspection_c
[ 77%] Built target robot_interfaces
[ 79%] Built target robot_interfaces__py
[ 86%] Built target robot_interfaces__rosidl_generator_py
[ 90%] Built target robot_interfaces_s__rosidl_typesupport_fastrtps_c
[ 95%] Built target robot_interfaces_s__rosidl_typesupport_introspection_c
[100%] Built target robot_interfaces_s__rosidl_typesupport_c
running egg_info
writing robot_interfaces.egg-info/PKG-INFO
writing dependency_links to robot_interfaces.egg-info/dependency_links.txt
writing top-level names to robot_interfaces.egg-info/top_level.txt
reading manifest file 'robot_interfaces.egg-info/SOURCES.txt'
writing manifest file 'robot_interfaces.egg-info/SOURCES.txt'
[100%] Built target ament_cmake_python_build_robot_interfaces_egg
-- Install configuration: ""
-- Up-to-date: /home/zuriel_tov/Brazo-Robotico/install/robot_interfaces/share/ament_index/resource_index/rosidl_interfaces/robot_interfaces
-- Up-to-date: /home/zuriel_tov/Brazo-Robotico/install/robot_interfaces/share/robot_interfaces/msg/DetectedObject.json
-- Up-to-date: /home/zuriel_tov/Brazo-Robotico/install/robot_interfaces/share/robot_interfaces/msg/DetectedObjectArray.json
-- Up-to-date: /home/zuriel_tov/Brazo-Robotico/install/robot_interfaces/include/robot_interfaces/robot_interfaces
-- Up-to-date: /home/zuriel_tov/Brazo-Robotico/install/robot_interfaces/include/robot_interfaces/robot_interfaces/msg
-- Up-to-date: /home/zuriel_tov/Brazo-Robotico/install/robot_interfaces/include/robot_interfaces/robot_interfaces/msg/detail
-- Up-to-date: /home/zuriel_tov/Brazo-Robotico/install/robot_interfaces/include/robot_interfaces/robot_interfaces/msg/detail/detected_object__type_support.h
-- Up-to-date: /home/zuriel_tov/Brazo-Robotico/install/robot_interfaces/include/robot_interfaces/robot_interfaces/msg/detail/detected_object__description.c
-- Up-to-date: /home/zuriel_tov/Brazo-Robotico/install/robot_interfaces/include/robot_interfaces/robot_interfaces/msg/detail/detected_object_array__functions.c
-- Up-to-date: /home/zuriel_tov/Brazo-Robotico/install/robot_interfaces/include/robot_interfaces/robot_interfaces/msg/detail/detected_object_array__type_support.c
-- Up-to-date: /home/zuriel_tov/Brazo-Robotico/install/robot_interfaces/include/robot_interfaces/robot_interfaces/msg/detail/detected_object__struct.h
-- Up-to-date: /home/zuriel_tov/Brazo-Robotico/install/robot_interfaces/include/robot_interfaces/robot_interfaces/msg/detail/detected_object_array__functions.h
-- Up-to-date: /home/zuriel_tov/Brazo-Robotico/install/robot_interfaces/include/robot_interfaces/robot_interfaces/msg/detail/detected_object__functions.h
-- Up-to-date: /home/zuriel_tov/Brazo-Robotico/install/robot_interfaces/include/robot_interfaces/robot_interfaces/msg/detail/detected_object__type_support.c
-- Up-to-date: /home/zuriel_tov/Brazo-Robotico/install/robot_interfaces/include/robot_interfaces/robot_interfaces/msg/detail/detected_object_array__type_support.h
-- Up-to-date: /home/zuriel_tov/Brazo-Robotico/install/robot_interfaces/include/robot_interfaces/robot_interfaces/msg/detail/detected_object__functions.c
-- Up-to-date: /home/zuriel_tov/Brazo-Robotico/install/robot_interfaces/include/robot_interfaces/robot_interfaces/msg/detail/detected_object_array__struct.h
-- Up-to-date: /home/zuriel_tov/Brazo-Robotico/install/robot_interfaces/include/robot_interfaces/robot_interfaces/msg/detail/detected_object_array__description.c
-- Up-to-date: /home/zuriel_tov/Brazo-Robotico/install/robot_interfaces/include/robot_interfaces/robot_interfaces/msg/detected_object_array.h
-- Up-to-date: /home/zuriel_tov/Brazo-Robotico/install/robot_interfaces/include/robot_interfaces/robot_interfaces/msg/rosidl_generator_c__visibility_control.h
-- Up-to-date: /home/zuriel_tov/Brazo-Robotico/install/robot_interfaces/include/robot_interfaces/robot_interfaces/msg/detected_object.h
-- Up-to-date: /home/zuriel_tov/Brazo-Robotico/install/robot_interfaces/share/robot_interfaces/environment/library_path.sh
-- Up-to-date: /home/zuriel_tov/Brazo-Robotico/install/robot_interfaces/share/robot_interfaces/environment/library_path.dsv
-- Up-to-date: /home/zuriel_tov/Brazo-Robotico/install/robot_interfaces/lib/librobot_interfaces__rosidl_generator_c.so
-- Up-to-date: /home/zuriel_tov/Brazo-Robotico/install/robot_interfaces/include/robot_interfaces/robot_interfaces
-- Up-to-date: /home/zuriel_tov/Brazo-Robotico/install/robot_interfaces/include/robot_interfaces/robot_interfaces/msg
-- Up-to-date: /home/zuriel_tov/Brazo-Robotico/install/robot_interfaces/include/robot_interfaces/robot_interfaces/msg/detail
-- Up-to-date: /home/zuriel_tov/Brazo-Robotico/install/robot_interfaces/include/robot_interfaces/robot_interfaces/msg/detail/detected_object__rosidl_typesupport_fastrtps_c.h
-- Up-to-date: /home/zuriel_tov/Brazo-Robotico/install/robot_interfaces/include/robot_interfaces/robot_interfaces/msg/detail/detected_object_array__rosidl_typesupport_fastrtps_c.h
-- Up-to-date: /home/zuriel_tov/Brazo-Robotico/install/robot_interfaces/include/robot_interfaces/robot_interfaces/msg/rosidl_typesupport_fastrtps_c__visibility_control.h
-- Up-to-date: /home/zuriel_tov/Brazo-Robotico/install/robot_interfaces/lib/librobot_interfaces__rosidl_typesupport_fastrtps_c.so
-- Up-to-date: /home/zuriel_tov/Brazo-Robotico/install/robot_interfaces/include/robot_interfaces/robot_interfaces
-- Up-to-date: /home/zuriel_tov/Brazo-Robotico/install/robot_interfaces/include/robot_interfaces/robot_interfaces/msg
-- Up-to-date: /home/zuriel_tov/Brazo-Robotico/install/robot_interfaces/include/robot_interfaces/robot_interfaces/msg/detail
-- Up-to-date: /home/zuriel_tov/Brazo-Robotico/install/robot_interfaces/include/robot_interfaces/robot_interfaces/msg/detail/detected_object_array__rosidl_typesupport_introspection_c.h
-- Up-to-date: /home/zuriel_tov/Brazo-Robotico/install/robot_interfaces/include/robot_interfaces/robot_interfaces/msg/detail/detected_object_array__type_support.c
-- Up-to-date: /home/zuriel_tov/Brazo-Robotico/install/robot_interfaces/include/robot_interfaces/robot_interfaces/msg/detail/detected_object__type_support.c
-- Up-to-date: /home/zuriel_tov/Brazo-Robotico/install/robot_interfaces/include/robot_interfaces/robot_interfaces/msg/detail/detected_object__rosidl_typesupport_introspection_c.h
-- Up-to-date: /home/zuriel_tov/Brazo-Robotico/install/robot_interfaces/include/robot_interfaces/robot_interfaces/msg/rosidl_typesupport_introspection_c__visibility_control.h
-- Up-to-date: /home/zuriel_tov/Brazo-Robotico/install/robot_interfaces/lib/librobot_interfaces__rosidl_typesupport_introspection_c.so
-- Up-to-date: /home/zuriel_tov/Brazo-Robotico/install/robot_interfaces/lib/librobot_interfaces__rosidl_typesupport_c.so
-- Up-to-date: /home/zuriel_tov/Brazo-Robotico/install/robot_interfaces/include/robot_interfaces/robot_interfaces
-- Up-to-date: /home/zuriel_tov/Brazo-Robotico/install/robot_interfaces/include/robot_interfaces/robot_interfaces/msg
-- Up-to-date: /home/zuriel_tov/Brazo-Robotico/install/robot_interfaces/include/robot_interfaces/robot_interfaces/msg/detail
-- Up-to-date: /home/zuriel_tov/Brazo-Robotico/install/robot_interfaces/include/robot_interfaces/robot_interfaces/msg/detail/detected_object__traits.hpp
-- Up-to-date: /home/zuriel_tov/Brazo-Robotico/install/robot_interfaces/include/robot_interfaces/robot_interfaces/msg/detail/detected_object_array__struct.hpp
-- Up-to-date: /home/zuriel_tov/Brazo-Robotico/install/robot_interfaces/include/robot_interfaces/robot_interfaces/msg/detail/detected_object_array__builder.hpp
-- Up-to-date: /home/zuriel_tov/Brazo-Robotico/install/robot_interfaces/include/robot_interfaces/robot_interfaces/msg/detail/detected_object__type_support.hpp
-- Up-to-date: /home/zuriel_tov/Brazo-Robotico/install/robot_interfaces/include/robot_interfaces/robot_interfaces/msg/detail/detected_object__struct.hpp
-- Up-to-date: /home/zuriel_tov/Brazo-Robotico/install/robot_interfaces/include/robot_interfaces/robot_interfaces/msg/detail/detected_object_array__type_support.hpp
-- Up-to-date: /home/zuriel_tov/Brazo-Robotico/install/robot_interfaces/include/robot_interfaces/robot_interfaces/msg/detail/detected_object_array__traits.hpp
-- Up-to-date: /home/zuriel_tov/Brazo-Robotico/install/robot_interfaces/include/robot_interfaces/robot_interfaces/msg/detail/detected_object__builder.hpp
-- Up-to-date: /home/zuriel_tov/Brazo-Robotico/install/robot_interfaces/include/robot_interfaces/robot_interfaces/msg/rosidl_generator_cpp__visibility_control.hpp
-- Up-to-date: /home/zuriel_tov/Brazo-Robotico/install/robot_interfaces/include/robot_interfaces/robot_interfaces/msg/detected_object.hpp
-- Up-to-date: /home/zuriel_tov/Brazo-Robotico/install/robot_interfaces/include/robot_interfaces/robot_interfaces/msg/detected_object_array.hpp
-- Up-to-date: /home/zuriel_tov/Brazo-Robotico/install/robot_interfaces/include/robot_interfaces/robot_interfaces
-- Up-to-date: /home/zuriel_tov/Brazo-Robotico/install/robot_interfaces/include/robot_interfaces/robot_interfaces/msg
-- Up-to-date: /home/zuriel_tov/Brazo-Robotico/install/robot_interfaces/include/robot_interfaces/robot_interfaces/msg/detail
-- Up-to-date: /home/zuriel_tov/Brazo-Robotico/install/robot_interfaces/include/robot_interfaces/robot_interfaces/msg/detail/dds_fastrtps
-- Up-to-date: /home/zuriel_tov/Brazo-Robotico/install/robot_interfaces/include/robot_interfaces/robot_interfaces/msg/detail/detected_object__rosidl_typesupport_fastrtps_cpp.hpp
-- Up-to-date: /home/zuriel_tov/Brazo-Robotico/install/robot_interfaces/include/robot_interfaces/robot_interfaces/msg/detail/detected_object_array__rosidl_typesupport_fastrtps_cpp.hpp
-- Up-to-date: /home/zuriel_tov/Brazo-Robotico/install/robot_interfaces/include/robot_interfaces/robot_interfaces/msg/rosidl_typesupport_fastrtps_cpp__visibility_control.h
-- Up-to-date: /home/zuriel_tov/Brazo-Robotico/install/robot_interfaces/lib/librobot_interfaces__rosidl_typesupport_fastrtps_cpp.so
-- Up-to-date: /home/zuriel_tov/Brazo-Robotico/install/robot_interfaces/include/robot_interfaces/robot_interfaces
-- Up-to-date: /home/zuriel_tov/Brazo-Robotico/install/robot_interfaces/include/robot_interfaces/robot_interfaces/msg
-- Up-to-date: /home/zuriel_tov/Brazo-Robotico/install/robot_interfaces/include/robot_interfaces/robot_interfaces/msg/detail
-- Up-to-date: /home/zuriel_tov/Brazo-Robotico/install/robot_interfaces/include/robot_interfaces/robot_interfaces/msg/detail/detected_object_array__rosidl_typesupport_introspection_cpp.hpp
-- Up-to-date: /home/zuriel_tov/Brazo-Robotico/install/robot_interfaces/include/robot_interfaces/robot_interfaces/msg/detail/detected_object__type_support.cpp
-- Up-to-date: /home/zuriel_tov/Brazo-Robotico/install/robot_interfaces/include/robot_interfaces/robot_interfaces/msg/detail/detected_object_array__type_support.cpp
-- Up-to-date: /home/zuriel_tov/Brazo-Robotico/install/robot_interfaces/include/robot_interfaces/robot_interfaces/msg/detail/detected_object__rosidl_typesupport_introspection_cpp.hpp
-- Up-to-date: /home/zuriel_tov/Brazo-Robotico/install/robot_interfaces/lib/librobot_interfaces__rosidl_typesupport_introspection_cpp.so
-- Up-to-date: /home/zuriel_tov/Brazo-Robotico/install/robot_interfaces/lib/librobot_interfaces__rosidl_typesupport_cpp.so
-- Up-to-date: /home/zuriel_tov/Brazo-Robotico/install/robot_interfaces/share/robot_interfaces/environment/pythonpath.sh
-- Up-to-date: /home/zuriel_tov/Brazo-Robotico/install/robot_interfaces/share/robot_interfaces/environment/pythonpath.dsv
-- Up-to-date: /home/zuriel_tov/Brazo-Robotico/install/robot_interfaces/lib/python3.12/site-packages/robot_interfaces-0.0.0-py3.12.egg-info
-- Installing: /home/zuriel_tov/Brazo-Robotico/install/robot_interfaces/lib/python3.12/site-packages/robot_interfaces-0.0.0-py3.12.egg-info/dependency_links.txt
-- Installing: /home/zuriel_tov/Brazo-Robotico/install/robot_interfaces/lib/python3.12/site-packages/robot_interfaces-0.0.0-py3.12.egg-info/PKG-INFO
-- Installing: /home/zuriel_tov/Brazo-Robotico/install/robot_interfaces/lib/python3.12/site-packages/robot_interfaces-0.0.0-py3.12.egg-info/top_level.txt
-- Installing: /home/zuriel_tov/Brazo-Robotico/install/robot_interfaces/lib/python3.12/site-packages/robot_interfaces-0.0.0-py3.12.egg-info/SOURCES.txt
-- Up-to-date: /home/zuriel_tov/Brazo-Robotico/install/robot_interfaces/lib/python3.12/site-packages/robot_interfaces
-- Up-to-date: /home/zuriel_tov/Brazo-Robotico/install/robot_interfaces/lib/python3.12/site-packages/robot_interfaces/_robot_interfaces_s.ep.rosidl_typesupport_introspection_c.c
-- Up-to-date: /home/zuriel_tov/Brazo-Robotico/install/robot_interfaces/lib/python3.12/site-packages/robot_interfaces/robot_interfaces_s__rosidl_typesupport_c.so
-- Up-to-date: /home/zuriel_tov/Brazo-Robotico/install/robot_interfaces/lib/python3.12/site-packages/robot_interfaces/__init__.py
-- Up-to-date: /home/zuriel_tov/Brazo-Robotico/install/robot_interfaces/lib/python3.12/site-packages/robot_interfaces/robot_interfaces_s__rosidl_typesupport_fastrtps_c.so
-- Up-to-date: /home/zuriel_tov/Brazo-Robotico/install/robot_interfaces/lib/python3.12/site-packages/robot_interfaces/robot_interfaces_s__rosidl_typesupport_introspection_c.so
-- Up-to-date: /home/zuriel_tov/Brazo-Robotico/install/robot_interfaces/lib/python3.12/site-packages/robot_interfaces/msg
-- Up-to-date: /home/zuriel_tov/Brazo-Robotico/install/robot_interfaces/lib/python3.12/site-packages/robot_interfaces/msg/_detected_object_s.c
-- Up-to-date: /home/zuriel_tov/Brazo-Robotico/install/robot_interfaces/lib/python3.12/site-packages/robot_interfaces/msg/_detected_object_array.py
-- Up-to-date: /home/zuriel_tov/Brazo-Robotico/install/robot_interfaces/lib/python3.12/site-packages/robot_interfaces/msg/__init__.py
-- Up-to-date: /home/zuriel_tov/Brazo-Robotico/install/robot_interfaces/lib/python3.12/site-packages/robot_interfaces/msg/_detected_object_array_s.c
-- Up-to-date: /home/zuriel_tov/Brazo-Robotico/install/robot_interfaces/lib/python3.12/site-packages/robot_interfaces/msg/_detected_object.py
-- Up-to-date: /home/zuriel_tov/Brazo-Robotico/install/robot_interfaces/lib/python3.12/site-packages/robot_interfaces/_robot_interfaces_s.ep.rosidl_typesupport_c.c
-- Up-to-date: /home/zuriel_tov/Brazo-Robotico/install/robot_interfaces/lib/python3.12/site-packages/robot_interfaces/_robot_interfaces_s.ep.rosidl_typesupport_fastrtps_c.c
Listing '/home/zuriel_tov/Brazo-Robotico/install/robot_interfaces/lib/python3.12/site-packages/robot_interfaces'...
Listing '/home/zuriel_tov/Brazo-Robotico/install/robot_interfaces/lib/python3.12/site-packages/robot_interfaces/msg'...
-- Up-to-date: /home/zuriel_tov/Brazo-Robotico/install/robot_interfaces/lib/python3.12/site-packages/robot_interfaces/robot_interfaces_s__rosidl_typesupport_fastrtps_c.so
-- Up-to-date: /home/zuriel_tov/Brazo-Robotico/install/robot_interfaces/lib/python3.12/site-packages/robot_interfaces/robot_interfaces_s__rosidl_typesupport_introspection_c.so
-- Up-to-date: /home/zuriel_tov/Brazo-Robotico/install/robot_interfaces/lib/python3.12/site-packages/robot_interfaces/robot_interfaces_s__rosidl_typesupport_c.so
-- Up-to-date: /home/zuriel_tov/Brazo-Robotico/install/robot_interfaces/lib/librobot_interfaces__rosidl_generator_py.so
-- Up-to-date: /home/zuriel_tov/Brazo-Robotico/install/robot_interfaces/share/robot_interfaces/msg/DetectedObject.idl
-- Up-to-date: /home/zuriel_tov/Brazo-Robotico/install/robot_interfaces/share/robot_interfaces/msg/DetectedObjectArray.idl
-- Up-to-date: /home/zuriel_tov/Brazo-Robotico/install/robot_interfaces/share/robot_interfaces/msg/DetectedObject.msg
-- Up-to-date: /home/zuriel_tov/Brazo-Robotico/install/robot_interfaces/share/robot_interfaces/msg/DetectedObjectArray.msg
-- Up-to-date: /home/zuriel_tov/Brazo-Robotico/install/robot_interfaces/share/ament_index/resource_index/package_run_dependencies/robot_interfaces
-- Up-to-date: /home/zuriel_tov/Brazo-Robotico/install/robot_interfaces/share/ament_index/resource_index/parent_prefix_path/robot_interfaces
-- Up-to-date: /home/zuriel_tov/Brazo-Robotico/install/robot_interfaces/share/robot_interfaces/environment/ament_prefix_path.sh
-- Up-to-date: /home/zuriel_tov/Brazo-Robotico/install/robot_interfaces/share/robot_interfaces/environment/ament_prefix_path.dsv
-- Up-to-date: /home/zuriel_tov/Brazo-Robotico/install/robot_interfaces/share/robot_interfaces/environment/path.sh
-- Up-to-date: /home/zuriel_tov/Brazo-Robotico/install/robot_interfaces/share/robot_interfaces/environment/path.dsv
-- Up-to-date: /home/zuriel_tov/Brazo-Robotico/install/robot_interfaces/share/robot_interfaces/local_setup.bash
-- Up-to-date: /home/zuriel_tov/Brazo-Robotico/install/robot_interfaces/share/robot_interfaces/local_setup.sh
-- Up-to-date: /home/zuriel_tov/Brazo-Robotico/install/robot_interfaces/share/robot_interfaces/local_setup.zsh
-- Up-to-date: /home/zuriel_tov/Brazo-Robotico/install/robot_interfaces/share/robot_interfaces/local_setup.dsv
-- Installing: /home/zuriel_tov/Brazo-Robotico/install/robot_interfaces/share/robot_interfaces/package.dsv
-- Up-to-date: /home/zuriel_tov/Brazo-Robotico/install/robot_interfaces/share/ament_index/resource_index/packages/robot_interfaces
-- Up-to-date: /home/zuriel_tov/Brazo-Robotico/install/robot_interfaces/share/robot_interfaces/cmake/export_robot_interfaces__rosidl_generator_cExport.cmake
-- Up-to-date: /home/zuriel_tov/Brazo-Robotico/install/robot_interfaces/share/robot_interfaces/cmake/export_robot_interfaces__rosidl_generator_cExport-noconfig.cmake
-- Up-to-date: /home/zuriel_tov/Brazo-Robotico/install/robot_interfaces/share/robot_interfaces/cmake/export_robot_interfaces__rosidl_typesupport_fastrtps_cExport.cmake
-- Up-to-date: /home/zuriel_tov/Brazo-Robotico/install/robot_interfaces/share/robot_interfaces/cmake/export_robot_interfaces__rosidl_typesupport_fastrtps_cExport-noconfig.cmake
-- Up-to-date: /home/zuriel_tov/Brazo-Robotico/install/robot_interfaces/share/robot_interfaces/cmake/robot_interfaces__rosidl_typesupport_introspection_cExport.cmake
-- Up-to-date: /home/zuriel_tov/Brazo-Robotico/install/robot_interfaces/share/robot_interfaces/cmake/robot_interfaces__rosidl_typesupport_introspection_cExport-noconfig.cmake
-- Up-to-date: /home/zuriel_tov/Brazo-Robotico/install/robot_interfaces/share/robot_interfaces/cmake/robot_interfaces__rosidl_typesupport_cExport.cmake
-- Up-to-date: /home/zuriel_tov/Brazo-Robotico/install/robot_interfaces/share/robot_interfaces/cmake/robot_interfaces__rosidl_typesupport_cExport-noconfig.cmake
-- Up-to-date: /home/zuriel_tov/Brazo-Robotico/install/robot_interfaces/share/robot_interfaces/cmake/export_robot_interfaces__rosidl_generator_cppExport.cmake
-- Up-to-date: /home/zuriel_tov/Brazo-Robotico/install/robot_interfaces/share/robot_interfaces/cmake/export_robot_interfaces__rosidl_typesupport_fastrtps_cppExport.cmake
-- Up-to-date: /home/zuriel_tov/Brazo-Robotico/install/robot_interfaces/share/robot_interfaces/cmake/export_robot_interfaces__rosidl_typesupport_fastrtps_cppExport-noconfig.cmake
-- Up-to-date: /home/zuriel_tov/Brazo-Robotico/install/robot_interfaces/share/robot_interfaces/cmake/robot_interfaces__rosidl_typesupport_introspection_cppExport.cmake
-- Up-to-date: /home/zuriel_tov/Brazo-Robotico/install/robot_interfaces/share/robot_interfaces/cmake/robot_interfaces__rosidl_typesupport_introspection_cppExport-noconfig.cmake
-- Up-to-date: /home/zuriel_tov/Brazo-Robotico/install/robot_interfaces/share/robot_interfaces/cmake/robot_interfaces__rosidl_typesupport_cppExport.cmake
-- Up-to-date: /home/zuriel_tov/Brazo-Robotico/install/robot_interfaces/share/robot_interfaces/cmake/robot_interfaces__rosidl_typesupport_cppExport-noconfig.cmake
-- Up-to-date: /home/zuriel_tov/Brazo-Robotico/install/robot_interfaces/share/robot_interfaces/cmake/export_robot_interfaces__rosidl_generator_pyExport.cmake
-- Up-to-date: /home/zuriel_tov/Brazo-Robotico/install/robot_interfaces/share/robot_interfaces/cmake/export_robot_interfaces__rosidl_generator_pyExport-noconfig.cmake
-- Up-to-date: /home/zuriel_tov/Brazo-Robotico/install/robot_interfaces/share/robot_interfaces/cmake/rosidl_cmake-extras.cmake
-- Up-to-date: /home/zuriel_tov/Brazo-Robotico/install/robot_interfaces/share/robot_interfaces/cmake/ament_cmake_export_dependencies-extras.cmake
-- Up-to-date: /home/zuriel_tov/Brazo-Robotico/install/robot_interfaces/share/robot_interfaces/cmake/ament_cmake_export_include_directories-extras.cmake
-- Up-to-date: /home/zuriel_tov/Brazo-Robotico/install/robot_interfaces/share/robot_interfaces/cmake/ament_cmake_export_libraries-extras.cmake
-- Up-to-date: /home/zuriel_tov/Brazo-Robotico/install/robot_interfaces/share/robot_interfaces/cmake/ament_cmake_export_targets-extras.cmake
-- Up-to-date: /home/zuriel_tov/Brazo-Robotico/install/robot_interfaces/share/robot_interfaces/cmake/rosidl_cmake_export_typesupport_targets-extras.cmake
-- Up-to-date: /home/zuriel_tov/Brazo-Robotico/install/robot_interfaces/share/robot_interfaces/cmake/rosidl_cmake_export_typesupport_libraries-extras.cmake
-- Up-to-date: /home/zuriel_tov/Brazo-Robotico/install/robot_interfaces/share/robot_interfaces/cmake/robot_interfacesConfig.cmake
-- Up-to-date: /home/zuriel_tov/Brazo-Robotico/install/robot_interfaces/share/robot_interfaces/cmake/robot_interfacesConfig-version.cmake
-- Up-to-date: /home/zuriel_tov/Brazo-Robotico/install/robot_interfaces/share/robot_interfaces/package.xml
