[0.901s] Invoking command in '/home/zuriel_tov/Brazo-Robotico/irb14050_ws/src/robot_task_manager': DEBUGINFOD_URLS=https://debuginfod.ubuntu.com PS1=(yolo_env) \[\e]0;\u@\h: \w\a\]${debian_chroot:+($debian_chroot)}\[\033[01;32m\]\u@\h\[\033[00m\]:\[\033[01;34m\]\w\[\033[00m\]\$ PYTHONPATH=/home/zuriel_tov/Brazo-Robotico/build/robot_task_manager/prefix_override:/usr/lib/python3/dist-packages/colcon_core/task/python/colcon_distutils_commands:/home/zuriel_tov/Brazo-Robotico/install/robot_task_manager/lib/python3.12/site-packages:${PYTHONPATH} VIRTUAL_ENV_PROMPT=(yolo_env) /usr/bin/python3 -W ignore:setup.py install is deprecated -W ignore:easy_install command is deprecated setup.py egg_info --egg-base ../../../build/robot_task_manager build --build-base /home/zuriel_tov/Brazo-Robotico/build/robot_task_manager/build install --record /home/zuriel_tov/Brazo-Robotico/build/robot_task_manager/install.log --single-version-externally-managed install_data
[1.086s] running egg_info
[1.100s] writing ../../../build/robot_task_manager/robot_task_manager.egg-info/PKG-INFO
[1.100s] writing dependency_links to ../../../build/robot_task_manager/robot_task_manager.egg-info/dependency_links.txt
[1.100s] writing requirements to ../../../build/robot_task_manager/robot_task_manager.egg-info/requires.txt
[1.100s] writing top-level names to ../../../build/robot_task_manager/robot_task_manager.egg-info/top_level.txt
[1.128s] reading manifest file '../../../build/robot_task_manager/robot_task_manager.egg-info/SOURCES.txt'
[1.129s] writing manifest file '../../../build/robot_task_manager/robot_task_manager.egg-info/SOURCES.txt'
[1.129s] running build
[1.129s] running build_py
[1.129s] copying robot_task_manager/__init__.py -> /home/zuriel_tov/Brazo-Robotico/build/robot_task_manager/build/lib/robot_task_manager
[1.129s] running install
[1.133s] running install_lib
[1.147s] running install_data
[1.147s] copying resource/robot_task_manager -> /home/zuriel_tov/Brazo-Robotico/install/robot_task_manager/share/ament_index/resource_index/packages
[1.147s] copying package.xml -> /home/zuriel_tov/Brazo-Robotico/install/robot_task_manager/share/robot_task_manager
[1.147s] running install_egg_info
[1.160s] removing '/home/zuriel_tov/Brazo-Robotico/install/robot_task_manager/lib/python3.12/site-packages/robot_task_manager-0.0.0-py3.12.egg-info' (and everything under it)
[1.160s] Copying ../../../build/robot_task_manager/robot_task_manager.egg-info to /home/zuriel_tov/Brazo-Robotico/install/robot_task_manager/lib/python3.12/site-packages/robot_task_manager-0.0.0-py3.12.egg-info
[1.161s] running install_scripts
[1.251s] writing list of installed files to '/home/zuriel_tov/Brazo-Robotico/build/robot_task_manager/install.log'
[1.269s] Invoked command in '/home/zuriel_tov/Brazo-Robotico/irb14050_ws/src/robot_task_manager' returned '0': DEBUGINFOD_URLS=https://debuginfod.ubuntu.com PS1=(yolo_env) \[\e]0;\u@\h: \w\a\]${debian_chroot:+($debian_chroot)}\[\033[01;32m\]\u@\h\[\033[00m\]:\[\033[01;34m\]\w\[\033[00m\]\$ PYTHONPATH=/home/zuriel_tov/Brazo-Robotico/build/robot_task_manager/prefix_override:/usr/lib/python3/dist-packages/colcon_core/task/python/colcon_distutils_commands:/home/zuriel_tov/Brazo-Robotico/install/robot_task_manager/lib/python3.12/site-packages:${PYTHONPATH} VIRTUAL_ENV_PROMPT=(yolo_env) /usr/bin/python3 -W ignore:setup.py install is deprecated -W ignore:easy_install command is deprecated setup.py egg_info --egg-base ../../../build/robot_task_manager build --build-base /home/zuriel_tov/Brazo-Robotico/build/robot_task_manager/build install --record /home/zuriel_tov/Brazo-Robotico/build/robot_task_manager/install.log --single-version-externally-managed install_data
