[0.055s] DEBUG:colcon:Command line arguments: ['/usr/bin/colcon', 'build']
[0.055s] DEBUG:colcon:Parsed command line arguments: Namespace(log_base=None, log_level=None, verb_name='build', build_base='build', install_base='install', merge_install=False, symlink_install=False, test_result_base=None, continue_on_error=False, executor='parallel', parallel_workers=32, event_handlers=None, ignore_user_meta=False, metas=['./colcon.meta'], base_paths=['.'], packages_ignore=None, packages_ignore_regex=None, paths=None, packages_up_to=None, packages_up_to_regex=None, packages_above=None, packages_above_and_dependencies=None, packages_above_depth=None, packages_select_by_dep=None, packages_skip_by_dep=None, packages_skip_up_to=None, packages_select_build_failed=False, packages_skip_build_finished=False, packages_select_test_failures=False, packages_skip_test_passed=False, packages_select=None, packages_skip=None, packages_select_regex=None, packages_skip_regex=None, packages_start=None, packages_end=None, allow_overriding=[], cmake_args=None, cmake_target=None, cmake_target_skip_unavailable=False, cmake_clean_cache=False, cmake_clean_first=False, cmake_force_configure=False, ament_cmake_args=None, catkin_cmake_args=None, catkin_skip_building_tests=False, mixin_files=None, mixin=None, verb_parser=<colcon_mixin.mixin.mixin_argument.MixinArgumentDecorator object at 0x77a5cf2a32f0>, verb_extension=<colcon_core.verb.build.BuildVerb object at 0x77a5ce5a2690>, main=<bound method BuildVerb.main of <colcon_core.verb.build.BuildVerb object at 0x77a5ce5a2690>>, mixin_verb=('build',))
[0.077s] Level 1:colcon.colcon_core.package_discovery:discover_packages(colcon_meta) check parameters
[0.077s] Level 1:colcon.colcon_core.package_discovery:discover_packages(recursive) check parameters
[0.077s] Level 1:colcon.colcon_core.package_discovery:discover_packages(ignore) check parameters
[0.077s] Level 1:colcon.colcon_core.package_discovery:discover_packages(path) check parameters
[0.077s] Level 1:colcon.colcon_core.package_discovery:discover_packages(colcon_meta) discover
[0.077s] Level 1:colcon.colcon_core.package_discovery:discover_packages(recursive) discover
[0.077s] INFO:colcon.colcon_core.package_discovery:Crawling recursively for packages in '/home/zuriel_tov/Brazo-Robotico'
[0.077s] Level 1:colcon.colcon_core.package_identification:_identify(.) by extensions ['ignore', 'ignore_ament_install']
[0.077s] Level 1:colcon.colcon_core.package_identification:_identify(.) by extension 'ignore'
[0.077s] Level 1:colcon.colcon_core.package_identification:_identify(.) by extension 'ignore_ament_install'
[0.077s] Level 1:colcon.colcon_core.package_identification:_identify(.) by extensions ['colcon_pkg']
[0.077s] Level 1:colcon.colcon_core.package_identification:_identify(.) by extension 'colcon_pkg'
[0.077s] Level 1:colcon.colcon_core.package_identification:_identify(.) by extensions ['colcon_meta']
[0.077s] Level 1:colcon.colcon_core.package_identification:_identify(.) by extension 'colcon_meta'
[0.077s] Level 1:colcon.colcon_core.package_identification:_identify(.) by extensions ['ros']
[0.077s] Level 1:colcon.colcon_core.package_identification:_identify(.) by extension 'ros'
[0.093s] Level 1:colcon.colcon_core.package_identification:_identify(.) by extensions ['cmake', 'python']
[0.093s] Level 1:colcon.colcon_core.package_identification:_identify(.) by extension 'cmake'
[0.093s] Level 1:colcon.colcon_core.package_identification:_identify(.) by extension 'python'
[0.093s] Level 1:colcon.colcon_core.package_identification:_identify(.) by extensions ['python_setup_py']
[0.093s] Level 1:colcon.colcon_core.package_identification:_identify(.) by extension 'python_setup_py'
[0.093s] Level 1:colcon.colcon_core.package_identification:_identify(build) by extensions ['ignore', 'ignore_ament_install']
[0.093s] Level 1:colcon.colcon_core.package_identification:_identify(build) by extension 'ignore'
[0.093s] Level 1:colcon.colcon_core.package_identification:_identify(build) ignored
[0.093s] Level 1:colcon.colcon_core.package_identification:_identify(install) by extensions ['ignore', 'ignore_ament_install']
[0.094s] Level 1:colcon.colcon_core.package_identification:_identify(install) by extension 'ignore'
[0.094s] Level 1:colcon.colcon_core.package_identification:_identify(install) ignored
[0.094s] Level 1:colcon.colcon_core.package_identification:_identify(irb14050_ws) by extensions ['ignore', 'ignore_ament_install']
[0.094s] Level 1:colcon.colcon_core.package_identification:_identify(irb14050_ws) by extension 'ignore'
[0.094s] Level 1:colcon.colcon_core.package_identification:_identify(irb14050_ws) by extension 'ignore_ament_install'
[0.094s] Level 1:colcon.colcon_core.package_identification:_identify(irb14050_ws) by extensions ['colcon_pkg']
[0.094s] Level 1:colcon.colcon_core.package_identification:_identify(irb14050_ws) by extension 'colcon_pkg'
[0.094s] Level 1:colcon.colcon_core.package_identification:_identify(irb14050_ws) by extensions ['colcon_meta']
[0.094s] Level 1:colcon.colcon_core.package_identification:_identify(irb14050_ws) by extension 'colcon_meta'
[0.094s] Level 1:colcon.colcon_core.package_identification:_identify(irb14050_ws) by extensions ['ros']
[0.094s] Level 1:colcon.colcon_core.package_identification:_identify(irb14050_ws) by extension 'ros'
[0.094s] Level 1:colcon.colcon_core.package_identification:_identify(irb14050_ws) by extensions ['cmake', 'python']
[0.094s] Level 1:colcon.colcon_core.package_identification:_identify(irb14050_ws) by extension 'cmake'
[0.094s] Level 1:colcon.colcon_core.package_identification:_identify(irb14050_ws) by extension 'python'
[0.094s] Level 1:colcon.colcon_core.package_identification:_identify(irb14050_ws) by extensions ['python_setup_py']
[0.094s] Level 1:colcon.colcon_core.package_identification:_identify(irb14050_ws) by extension 'python_setup_py'
[0.094s] Level 1:colcon.colcon_core.package_identification:_identify(irb14050_ws/build) by extensions ['ignore', 'ignore_ament_install']
[0.094s] Level 1:colcon.colcon_core.package_identification:_identify(irb14050_ws/build) by extension 'ignore'
[0.094s] Level 1:colcon.colcon_core.package_identification:_identify(irb14050_ws/build) ignored
[0.094s] Level 1:colcon.colcon_core.package_identification:_identify(irb14050_ws/calib_images) by extensions ['ignore', 'ignore_ament_install']
[0.094s] Level 1:colcon.colcon_core.package_identification:_identify(irb14050_ws/calib_images) by extension 'ignore'
[0.094s] Level 1:colcon.colcon_core.package_identification:_identify(irb14050_ws/calib_images) by extension 'ignore_ament_install'
[0.094s] Level 1:colcon.colcon_core.package_identification:_identify(irb14050_ws/calib_images) by extensions ['colcon_pkg']
[0.094s] Level 1:colcon.colcon_core.package_identification:_identify(irb14050_ws/calib_images) by extension 'colcon_pkg'
[0.094s] Level 1:colcon.colcon_core.package_identification:_identify(irb14050_ws/calib_images) by extensions ['colcon_meta']
[0.094s] Level 1:colcon.colcon_core.package_identification:_identify(irb14050_ws/calib_images) by extension 'colcon_meta'
[0.094s] Level 1:colcon.colcon_core.package_identification:_identify(irb14050_ws/calib_images) by extensions ['ros']
[0.094s] Level 1:colcon.colcon_core.package_identification:_identify(irb14050_ws/calib_images) by extension 'ros'
[0.094s] Level 1:colcon.colcon_core.package_identification:_identify(irb14050_ws/calib_images) by extensions ['cmake', 'python']
[0.094s] Level 1:colcon.colcon_core.package_identification:_identify(irb14050_ws/calib_images) by extension 'cmake'
[0.094s] Level 1:colcon.colcon_core.package_identification:_identify(irb14050_ws/calib_images) by extension 'python'
[0.094s] Level 1:colcon.colcon_core.package_identification:_identify(irb14050_ws/calib_images) by extensions ['python_setup_py']
[0.094s] Level 1:colcon.colcon_core.package_identification:_identify(irb14050_ws/calib_images) by extension 'python_setup_py'
[0.094s] Level 1:colcon.colcon_core.package_identification:_identify(irb14050_ws/install) by extensions ['ignore', 'ignore_ament_install']
[0.094s] Level 1:colcon.colcon_core.package_identification:_identify(irb14050_ws/install) by extension 'ignore'
[0.094s] Level 1:colcon.colcon_core.package_identification:_identify(irb14050_ws/install) ignored
[0.094s] Level 1:colcon.colcon_core.package_identification:_identify(irb14050_ws/log) by extensions ['ignore', 'ignore_ament_install']
[0.094s] Level 1:colcon.colcon_core.package_identification:_identify(irb14050_ws/log) by extension 'ignore'
[0.094s] Level 1:colcon.colcon_core.package_identification:_identify(irb14050_ws/log) ignored
[0.094s] Level 1:colcon.colcon_core.package_identification:_identify(irb14050_ws/src) by extensions ['ignore', 'ignore_ament_install']
[0.095s] Level 1:colcon.colcon_core.package_identification:_identify(irb14050_ws/src) by extension 'ignore'
[0.095s] Level 1:colcon.colcon_core.package_identification:_identify(irb14050_ws/src) by extension 'ignore_ament_install'
[0.095s] Level 1:colcon.colcon_core.package_identification:_identify(irb14050_ws/src) by extensions ['colcon_pkg']
[0.095s] Level 1:colcon.colcon_core.package_identification:_identify(irb14050_ws/src) by extension 'colcon_pkg'
[0.095s] Level 1:colcon.colcon_core.package_identification:_identify(irb14050_ws/src) by extensions ['colcon_meta']
[0.095s] Level 1:colcon.colcon_core.package_identification:_identify(irb14050_ws/src) by extension 'colcon_meta'
[0.095s] Level 1:colcon.colcon_core.package_identification:_identify(irb14050_ws/src) by extensions ['ros']
[0.095s] Level 1:colcon.colcon_core.package_identification:_identify(irb14050_ws/src) by extension 'ros'
[0.095s] Level 1:colcon.colcon_core.package_identification:_identify(irb14050_ws/src) by extensions ['cmake', 'python']
[0.095s] Level 1:colcon.colcon_core.package_identification:_identify(irb14050_ws/src) by extension 'cmake'
[0.095s] Level 1:colcon.colcon_core.package_identification:_identify(irb14050_ws/src) by extension 'python'
[0.095s] Level 1:colcon.colcon_core.package_identification:_identify(irb14050_ws/src) by extensions ['python_setup_py']
[0.095s] Level 1:colcon.colcon_core.package_identification:_identify(irb14050_ws/src) by extension 'python_setup_py'
[0.095s] Level 1:colcon.colcon_core.package_identification:_identify(irb14050_ws/src/robot_interfaces) by extensions ['ignore', 'ignore_ament_install']
[0.095s] Level 1:colcon.colcon_core.package_identification:_identify(irb14050_ws/src/robot_interfaces) by extension 'ignore'
[0.095s] Level 1:colcon.colcon_core.package_identification:_identify(irb14050_ws/src/robot_interfaces) by extension 'ignore_ament_install'
[0.095s] Level 1:colcon.colcon_core.package_identification:_identify(irb14050_ws/src/robot_interfaces) by extensions ['colcon_pkg']
[0.095s] Level 1:colcon.colcon_core.package_identification:_identify(irb14050_ws/src/robot_interfaces) by extension 'colcon_pkg'
[0.095s] Level 1:colcon.colcon_core.package_identification:_identify(irb14050_ws/src/robot_interfaces) by extensions ['colcon_meta']
[0.095s] Level 1:colcon.colcon_core.package_identification:_identify(irb14050_ws/src/robot_interfaces) by extension 'colcon_meta'
[0.095s] Level 1:colcon.colcon_core.package_identification:_identify(irb14050_ws/src/robot_interfaces) by extensions ['ros']
[0.095s] Level 1:colcon.colcon_core.package_identification:_identify(irb14050_ws/src/robot_interfaces) by extension 'ros'
[0.096s] DEBUG:colcon.colcon_core.package_identification:Package 'irb14050_ws/src/robot_interfaces' with type 'ros.ament_cmake' and name 'robot_interfaces'
[0.096s] Level 1:colcon.colcon_core.package_identification:_identify(irb14050_ws/src/robot_perception) by extensions ['ignore', 'ignore_ament_install']
[0.096s] Level 1:colcon.colcon_core.package_identification:_identify(irb14050_ws/src/robot_perception) by extension 'ignore'
[0.096s] Level 1:colcon.colcon_core.package_identification:_identify(irb14050_ws/src/robot_perception) by extension 'ignore_ament_install'
[0.096s] Level 1:colcon.colcon_core.package_identification:_identify(irb14050_ws/src/robot_perception) by extensions ['colcon_pkg']
[0.096s] Level 1:colcon.colcon_core.package_identification:_identify(irb14050_ws/src/robot_perception) by extension 'colcon_pkg'
[0.096s] Level 1:colcon.colcon_core.package_identification:_identify(irb14050_ws/src/robot_perception) by extensions ['colcon_meta']
[0.096s] Level 1:colcon.colcon_core.package_identification:_identify(irb14050_ws/src/robot_perception) by extension 'colcon_meta'
[0.096s] Level 1:colcon.colcon_core.package_identification:_identify(irb14050_ws/src/robot_perception) by extensions ['ros']
[0.096s] Level 1:colcon.colcon_core.package_identification:_identify(irb14050_ws/src/robot_perception) by extension 'ros'
[0.097s] DEBUG:colcon.colcon_core.package_identification:Package 'irb14050_ws/src/robot_perception' with type 'ros.ament_python' and name 'robot_perception'
[0.097s] Level 1:colcon.colcon_core.package_identification:_identify(irb14050_ws/src/robot_speech) by extensions ['ignore', 'ignore_ament_install']
[0.097s] Level 1:colcon.colcon_core.package_identification:_identify(irb14050_ws/src/robot_speech) by extension 'ignore'
[0.097s] Level 1:colcon.colcon_core.package_identification:_identify(irb14050_ws/src/robot_speech) by extension 'ignore_ament_install'
[0.097s] Level 1:colcon.colcon_core.package_identification:_identify(irb14050_ws/src/robot_speech) by extensions ['colcon_pkg']
[0.097s] Level 1:colcon.colcon_core.package_identification:_identify(irb14050_ws/src/robot_speech) by extension 'colcon_pkg'
[0.097s] Level 1:colcon.colcon_core.package_identification:_identify(irb14050_ws/src/robot_speech) by extensions ['colcon_meta']
[0.097s] Level 1:colcon.colcon_core.package_identification:_identify(irb14050_ws/src/robot_speech) by extension 'colcon_meta'
[0.097s] Level 1:colcon.colcon_core.package_identification:_identify(irb14050_ws/src/robot_speech) by extensions ['ros']
[0.097s] Level 1:colcon.colcon_core.package_identification:_identify(irb14050_ws/src/robot_speech) by extension 'ros'
[0.097s] DEBUG:colcon.colcon_core.package_identification:Package 'irb14050_ws/src/robot_speech' with type 'ros.ament_python' and name 'robot_speech'
[0.097s] Level 1:colcon.colcon_core.package_identification:_identify(irb14050_ws/src/robot_task_manager) by extensions ['ignore', 'ignore_ament_install']
[0.097s] Level 1:colcon.colcon_core.package_identification:_identify(irb14050_ws/src/robot_task_manager) by extension 'ignore'
[0.097s] Level 1:colcon.colcon_core.package_identification:_identify(irb14050_ws/src/robot_task_manager) by extension 'ignore_ament_install'
[0.097s] Level 1:colcon.colcon_core.package_identification:_identify(irb14050_ws/src/robot_task_manager) by extensions ['colcon_pkg']
[0.097s] Level 1:colcon.colcon_core.package_identification:_identify(irb14050_ws/src/robot_task_manager) by extension 'colcon_pkg'
[0.097s] Level 1:colcon.colcon_core.package_identification:_identify(irb14050_ws/src/robot_task_manager) by extensions ['colcon_meta']
[0.097s] Level 1:colcon.colcon_core.package_identification:_identify(irb14050_ws/src/robot_task_manager) by extension 'colcon_meta'
[0.097s] Level 1:colcon.colcon_core.package_identification:_identify(irb14050_ws/src/robot_task_manager) by extensions ['ros']
[0.098s] Level 1:colcon.colcon_core.package_identification:_identify(irb14050_ws/src/robot_task_manager) by extension 'ros'
[0.098s] DEBUG:colcon.colcon_core.package_identification:Package 'irb14050_ws/src/robot_task_manager' with type 'ros.ament_python' and name 'robot_task_manager'
[0.098s] Level 1:colcon.colcon_core.package_identification:_identify(log) by extensions ['ignore', 'ignore_ament_install']
[0.098s] Level 1:colcon.colcon_core.package_identification:_identify(log) by extension 'ignore'
[0.098s] Level 1:colcon.colcon_core.package_identification:_identify(log) ignored
[0.098s] Level 1:colcon.colcon_core.package_discovery:discover_packages(recursive) using defaults
[0.098s] Level 1:colcon.colcon_core.package_discovery:discover_packages(ignore) discover
[0.098s] Level 1:colcon.colcon_core.package_discovery:discover_packages(ignore) using defaults
[0.098s] Level 1:colcon.colcon_core.package_discovery:discover_packages(path) discover
[0.098s] Level 1:colcon.colcon_core.package_discovery:discover_packages(path) using defaults
[0.108s] Level 1:colcon.colcon_core.package_discovery:discover_packages(prefix_path) check parameters
[0.108s] Level 1:colcon.colcon_core.package_discovery:discover_packages(prefix_path) discover
[0.109s] DEBUG:colcon.colcon_installed_package_information.package_discovery:Found 4 installed packages in /home/zuriel_tov/Brazo-Robotico/irb14050_ws/install
[0.110s] DEBUG:colcon.colcon_installed_package_information.package_discovery:Found 365 installed packages in /opt/ros/jazzy
[0.110s] Level 1:colcon.colcon_core.package_discovery:discover_packages(prefix_path) using defaults
[0.135s] Level 5:colcon.colcon_core.verb:set package 'robot_interfaces' build argument 'cmake_args' from command line to 'None'
[0.135s] Level 5:colcon.colcon_core.verb:set package 'robot_interfaces' build argument 'cmake_target' from command line to 'None'
[0.135s] Level 5:colcon.colcon_core.verb:set package 'robot_interfaces' build argument 'cmake_target_skip_unavailable' from command line to 'False'
[0.135s] Level 5:colcon.colcon_core.verb:set package 'robot_interfaces' build argument 'cmake_clean_cache' from command line to 'False'
[0.135s] Level 5:colcon.colcon_core.verb:set package 'robot_interfaces' build argument 'cmake_clean_first' from command line to 'False'
[0.135s] Level 5:colcon.colcon_core.verb:set package 'robot_interfaces' build argument 'cmake_force_configure' from command line to 'False'
[0.135s] Level 5:colcon.colcon_core.verb:set package 'robot_interfaces' build argument 'ament_cmake_args' from command line to 'None'
[0.135s] Level 5:colcon.colcon_core.verb:set package 'robot_interfaces' build argument 'catkin_cmake_args' from command line to 'None'
[0.135s] Level 5:colcon.colcon_core.verb:set package 'robot_interfaces' build argument 'catkin_skip_building_tests' from command line to 'False'
[0.135s] DEBUG:colcon.colcon_core.verb:Building package 'robot_interfaces' with the following arguments: {'ament_cmake_args': None, 'build_base': '/home/zuriel_tov/Brazo-Robotico/build/robot_interfaces', 'catkin_cmake_args': None, 'catkin_skip_building_tests': False, 'cmake_args': None, 'cmake_clean_cache': False, 'cmake_clean_first': False, 'cmake_force_configure': False, 'cmake_target': None, 'cmake_target_skip_unavailable': False, 'install_base': '/home/zuriel_tov/Brazo-Robotico/install/robot_interfaces', 'merge_install': False, 'path': '/home/zuriel_tov/Brazo-Robotico/irb14050_ws/src/robot_interfaces', 'symlink_install': False, 'test_result_base': None}
[0.135s] Level 5:colcon.colcon_core.verb:set package 'robot_perception' build argument 'cmake_args' from command line to 'None'
[0.135s] Level 5:colcon.colcon_core.verb:set package 'robot_perception' build argument 'cmake_target' from command line to 'None'
[0.135s] Level 5:colcon.colcon_core.verb:set package 'robot_perception' build argument 'cmake_target_skip_unavailable' from command line to 'False'
[0.135s] Level 5:colcon.colcon_core.verb:set package 'robot_perception' build argument 'cmake_clean_cache' from command line to 'False'
[0.135s] Level 5:colcon.colcon_core.verb:set package 'robot_perception' build argument 'cmake_clean_first' from command line to 'False'
[0.135s] Level 5:colcon.colcon_core.verb:set package 'robot_perception' build argument 'cmake_force_configure' from command line to 'False'
[0.135s] Level 5:colcon.colcon_core.verb:set package 'robot_perception' build argument 'ament_cmake_args' from command line to 'None'
[0.135s] Level 5:colcon.colcon_core.verb:set package 'robot_perception' build argument 'catkin_cmake_args' from command line to 'None'
[0.135s] Level 5:colcon.colcon_core.verb:set package 'robot_perception' build argument 'catkin_skip_building_tests' from command line to 'False'
[0.135s] DEBUG:colcon.colcon_core.verb:Building package 'robot_perception' with the following arguments: {'ament_cmake_args': None, 'build_base': '/home/zuriel_tov/Brazo-Robotico/build/robot_perception', 'catkin_cmake_args': None, 'catkin_skip_building_tests': False, 'cmake_args': None, 'cmake_clean_cache': False, 'cmake_clean_first': False, 'cmake_force_configure': False, 'cmake_target': None, 'cmake_target_skip_unavailable': False, 'install_base': '/home/zuriel_tov/Brazo-Robotico/install/robot_perception', 'merge_install': False, 'path': '/home/zuriel_tov/Brazo-Robotico/irb14050_ws/src/robot_perception', 'symlink_install': False, 'test_result_base': None}
[0.135s] Level 5:colcon.colcon_core.verb:set package 'robot_speech' build argument 'cmake_args' from command line to 'None'
[0.135s] Level 5:colcon.colcon_core.verb:set package 'robot_speech' build argument 'cmake_target' from command line to 'None'
[0.135s] Level 5:colcon.colcon_core.verb:set package 'robot_speech' build argument 'cmake_target_skip_unavailable' from command line to 'False'
[0.135s] Level 5:colcon.colcon_core.verb:set package 'robot_speech' build argument 'cmake_clean_cache' from command line to 'False'
[0.135s] Level 5:colcon.colcon_core.verb:set package 'robot_speech' build argument 'cmake_clean_first' from command line to 'False'
[0.135s] Level 5:colcon.colcon_core.verb:set package 'robot_speech' build argument 'cmake_force_configure' from command line to 'False'
[0.135s] Level 5:colcon.colcon_core.verb:set package 'robot_speech' build argument 'ament_cmake_args' from command line to 'None'
[0.136s] Level 5:colcon.colcon_core.verb:set package 'robot_speech' build argument 'catkin_cmake_args' from command line to 'None'
[0.136s] Level 5:colcon.colcon_core.verb:set package 'robot_speech' build argument 'catkin_skip_building_tests' from command line to 'False'
[0.136s] DEBUG:colcon.colcon_core.verb:Building package 'robot_speech' with the following arguments: {'ament_cmake_args': None, 'build_base': '/home/zuriel_tov/Brazo-Robotico/build/robot_speech', 'catkin_cmake_args': None, 'catkin_skip_building_tests': False, 'cmake_args': None, 'cmake_clean_cache': False, 'cmake_clean_first': False, 'cmake_force_configure': False, 'cmake_target': None, 'cmake_target_skip_unavailable': False, 'install_base': '/home/zuriel_tov/Brazo-Robotico/install/robot_speech', 'merge_install': False, 'path': '/home/zuriel_tov/Brazo-Robotico/irb14050_ws/src/robot_speech', 'symlink_install': False, 'test_result_base': None}
[0.136s] Level 5:colcon.colcon_core.verb:set package 'robot_task_manager' build argument 'cmake_args' from command line to 'None'
[0.136s] Level 5:colcon.colcon_core.verb:set package 'robot_task_manager' build argument 'cmake_target' from command line to 'None'
[0.136s] Level 5:colcon.colcon_core.verb:set package 'robot_task_manager' build argument 'cmake_target_skip_unavailable' from command line to 'False'
[0.136s] Level 5:colcon.colcon_core.verb:set package 'robot_task_manager' build argument 'cmake_clean_cache' from command line to 'False'
[0.136s] Level 5:colcon.colcon_core.verb:set package 'robot_task_manager' build argument 'cmake_clean_first' from command line to 'False'
[0.136s] Level 5:colcon.colcon_core.verb:set package 'robot_task_manager' build argument 'cmake_force_configure' from command line to 'False'
[0.136s] Level 5:colcon.colcon_core.verb:set package 'robot_task_manager' build argument 'ament_cmake_args' from command line to 'None'
[0.136s] Level 5:colcon.colcon_core.verb:set package 'robot_task_manager' build argument 'catkin_cmake_args' from command line to 'None'
[0.136s] Level 5:colcon.colcon_core.verb:set package 'robot_task_manager' build argument 'catkin_skip_building_tests' from command line to 'False'
[0.136s] DEBUG:colcon.colcon_core.verb:Building package 'robot_task_manager' with the following arguments: {'ament_cmake_args': None, 'build_base': '/home/zuriel_tov/Brazo-Robotico/build/robot_task_manager', 'catkin_cmake_args': None, 'catkin_skip_building_tests': False, 'cmake_args': None, 'cmake_clean_cache': False, 'cmake_clean_first': False, 'cmake_force_configure': False, 'cmake_target': None, 'cmake_target_skip_unavailable': False, 'install_base': '/home/zuriel_tov/Brazo-Robotico/install/robot_task_manager', 'merge_install': False, 'path': '/home/zuriel_tov/Brazo-Robotico/irb14050_ws/src/robot_task_manager', 'symlink_install': False, 'test_result_base': None}
[0.136s] INFO:colcon.colcon_core.executor:Executing jobs using 'parallel' executor
[0.136s] DEBUG:colcon.colcon_parallel_executor.executor.parallel:run_until_complete
[0.137s] INFO:colcon.colcon_ros.task.ament_cmake.build:Building ROS package in '/home/zuriel_tov/Brazo-Robotico/irb14050_ws/src/robot_interfaces' with build type 'ament_cmake'
[0.137s] INFO:colcon.colcon_cmake.task.cmake.build:Building CMake package in '/home/zuriel_tov/Brazo-Robotico/irb14050_ws/src/robot_interfaces'
[0.138s] INFO:colcon.colcon_core.plugin_system:Skipping extension 'colcon_core.shell.bat': Not used on non-Windows systems
[0.138s] INFO:colcon.colcon_core.shell:Skip shell extension 'powershell' for command environment: Not usable outside of PowerShell
[0.138s] DEBUG:colcon.colcon_core.shell:Skip shell extension 'dsv' for command environment
[0.140s] INFO:colcon.colcon_ros.task.ament_python.build:Building ROS package in '/home/zuriel_tov/Brazo-Robotico/irb14050_ws/src/robot_perception' with build type 'ament_python'
[0.141s] Level 1:colcon.colcon_core.shell:create_environment_hook('robot_perception', 'ament_prefix_path')
[0.141s] INFO:colcon.colcon_core.shell:Creating environment hook '/home/zuriel_tov/Brazo-Robotico/install/robot_perception/share/robot_perception/hook/ament_prefix_path.ps1'
[0.141s] INFO:colcon.colcon_core.shell:Creating environment descriptor '/home/zuriel_tov/Brazo-Robotico/install/robot_perception/share/robot_perception/hook/ament_prefix_path.dsv'
[0.141s] INFO:colcon.colcon_core.shell:Creating environment hook '/home/zuriel_tov/Brazo-Robotico/install/robot_perception/share/robot_perception/hook/ament_prefix_path.sh'
[0.142s] INFO:colcon.colcon_core.shell:Skip shell extension 'powershell' for command environment: Not usable outside of PowerShell
[0.142s] DEBUG:colcon.colcon_core.shell:Skip shell extension 'dsv' for command environment
[0.144s] INFO:colcon.colcon_ros.task.ament_python.build:Building ROS package in '/home/zuriel_tov/Brazo-Robotico/irb14050_ws/src/robot_speech' with build type 'ament_python'
[0.144s] Level 1:colcon.colcon_core.shell:create_environment_hook('robot_speech', 'ament_prefix_path')
[0.144s] INFO:colcon.colcon_core.shell:Creating environment hook '/home/zuriel_tov/Brazo-Robotico/install/robot_speech/share/robot_speech/hook/ament_prefix_path.ps1'
[0.144s] INFO:colcon.colcon_core.shell:Creating environment descriptor '/home/zuriel_tov/Brazo-Robotico/install/robot_speech/share/robot_speech/hook/ament_prefix_path.dsv'
[0.145s] INFO:colcon.colcon_core.shell:Creating environment hook '/home/zuriel_tov/Brazo-Robotico/install/robot_speech/share/robot_speech/hook/ament_prefix_path.sh'
[0.145s] INFO:colcon.colcon_core.shell:Skip shell extension 'powershell' for command environment: Not usable outside of PowerShell
[0.145s] DEBUG:colcon.colcon_core.shell:Skip shell extension 'dsv' for command environment
[0.147s] INFO:colcon.colcon_ros.task.ament_python.build:Building ROS package in '/home/zuriel_tov/Brazo-Robotico/irb14050_ws/src/robot_task_manager' with build type 'ament_python'
[0.147s] Level 1:colcon.colcon_core.shell:create_environment_hook('robot_task_manager', 'ament_prefix_path')
[0.147s] INFO:colcon.colcon_core.shell:Creating environment hook '/home/zuriel_tov/Brazo-Robotico/install/robot_task_manager/share/robot_task_manager/hook/ament_prefix_path.ps1'
[0.148s] INFO:colcon.colcon_core.shell:Creating environment descriptor '/home/zuriel_tov/Brazo-Robotico/install/robot_task_manager/share/robot_task_manager/hook/ament_prefix_path.dsv'
[0.148s] INFO:colcon.colcon_core.shell:Creating environment hook '/home/zuriel_tov/Brazo-Robotico/install/robot_task_manager/share/robot_task_manager/hook/ament_prefix_path.sh'
[0.148s] INFO:colcon.colcon_core.shell:Skip shell extension 'powershell' for command environment: Not usable outside of PowerShell
[0.148s] DEBUG:colcon.colcon_core.shell:Skip shell extension 'dsv' for command environment
[0.153s] DEBUG:colcon.colcon_core.event_handler.log_command:Invoking command in '/home/zuriel_tov/Brazo-Robotico/build/robot_interfaces': CMAKE_PREFIX_PATH=${CMAKE_PREFIX_PATH}:/home/zuriel_tov/Brazo-Robotico/irb14050_ws/install/robot_task_manager:/home/zuriel_tov/Brazo-Robotico/irb14050_ws/install/robot_speech:/home/zuriel_tov/Brazo-Robotico/irb14050_ws/install/robot_perception:/opt/ros/jazzy DEBUGINFOD_URLS=https://debuginfod.ubuntu.com PS1=(yolo_env) \[\e]0;\u@\h: \w\a\]${debian_chroot:+($debian_chroot)}\[\033[01;32m\]\u@\h\[\033[00m\]:\[\033[01;34m\]\w\[\033[00m\]\$ VIRTUAL_ENV_PROMPT=(yolo_env) /usr/bin/cmake --build /home/zuriel_tov/Brazo-Robotico/build/robot_interfaces -- -j32 -l32
[0.284s] INFO:colcon.colcon_core.task.python.build:Building Python package in '/home/zuriel_tov/Brazo-Robotico/irb14050_ws/src/robot_perception'
[0.284s] INFO:colcon.colcon_core.shell:Skip shell extension 'powershell' for command environment: Not usable outside of PowerShell
[0.284s] DEBUG:colcon.colcon_core.shell:Skip shell extension 'dsv' for command environment
[0.417s] INFO:colcon.colcon_core.task.python.build:Building Python package in '/home/zuriel_tov/Brazo-Robotico/irb14050_ws/src/robot_speech'
[0.417s] INFO:colcon.colcon_core.shell:Skip shell extension 'powershell' for command environment: Not usable outside of PowerShell
[0.417s] DEBUG:colcon.colcon_core.shell:Skip shell extension 'dsv' for command environment
[0.564s] INFO:colcon.colcon_core.task.python.build:Building Python package in '/home/zuriel_tov/Brazo-Robotico/irb14050_ws/src/robot_task_manager'
[0.564s] INFO:colcon.colcon_core.shell:Skip shell extension 'powershell' for command environment: Not usable outside of PowerShell
[0.564s] DEBUG:colcon.colcon_core.shell:Skip shell extension 'dsv' for command environment
[1.062s] DEBUG:colcon.colcon_core.event_handler.log_command:Invoking command in '/home/zuriel_tov/Brazo-Robotico/irb14050_ws/src/robot_speech': DEBUGINFOD_URLS=https://debuginfod.ubuntu.com PS1=(yolo_env) \[\e]0;\u@\h: \w\a\]${debian_chroot:+($debian_chroot)}\[\033[01;32m\]\u@\h\[\033[00m\]:\[\033[01;34m\]\w\[\033[00m\]\$ PYTHONPATH=/home/zuriel_tov/Brazo-Robotico/build/robot_speech/prefix_override:/usr/lib/python3/dist-packages/colcon_core/task/python/colcon_distutils_commands:/home/zuriel_tov/Brazo-Robotico/install/robot_speech/lib/python3.12/site-packages:${PYTHONPATH} VIRTUAL_ENV_PROMPT=(yolo_env) /usr/bin/python3 -W ignore:setup.py install is deprecated -W ignore:easy_install command is deprecated setup.py egg_info --egg-base ../../../build/robot_speech build --build-base /home/zuriel_tov/Brazo-Robotico/build/robot_speech/build install --record /home/zuriel_tov/Brazo-Robotico/build/robot_speech/install.log --single-version-externally-managed install_data
[1.065s] DEBUG:colcon.colcon_core.event_handler.log_command:Invoking command in '/home/zuriel_tov/Brazo-Robotico/irb14050_ws/src/robot_perception': DEBUGINFOD_URLS=https://debuginfod.ubuntu.com PS1=(yolo_env) \[\e]0;\u@\h: \w\a\]${debian_chroot:+($debian_chroot)}\[\033[01;32m\]\u@\h\[\033[00m\]:\[\033[01;34m\]\w\[\033[00m\]\$ PYTHONPATH=/home/zuriel_tov/Brazo-Robotico/build/robot_perception/prefix_override:/usr/lib/python3/dist-packages/colcon_core/task/python/colcon_distutils_commands:/home/zuriel_tov/Brazo-Robotico/install/robot_perception/lib/python3.12/site-packages:${PYTHONPATH} VIRTUAL_ENV_PROMPT=(yolo_env) /usr/bin/python3 -W ignore:setup.py install is deprecated -W ignore:easy_install command is deprecated setup.py egg_info --egg-base ../../../build/robot_perception build --build-base /home/zuriel_tov/Brazo-Robotico/build/robot_perception/build install --record /home/zuriel_tov/Brazo-Robotico/build/robot_perception/install.log --single-version-externally-managed install_data
[1.067s] DEBUG:colcon.colcon_core.event_handler.log_command:Invoking command in '/home/zuriel_tov/Brazo-Robotico/irb14050_ws/src/robot_task_manager': DEBUGINFOD_URLS=https://debuginfod.ubuntu.com PS1=(yolo_env) \[\e]0;\u@\h: \w\a\]${debian_chroot:+($debian_chroot)}\[\033[01;32m\]\u@\h\[\033[00m\]:\[\033[01;34m\]\w\[\033[00m\]\$ PYTHONPATH=/home/zuriel_tov/Brazo-Robotico/build/robot_task_manager/prefix_override:/usr/lib/python3/dist-packages/colcon_core/task/python/colcon_distutils_commands:/home/zuriel_tov/Brazo-Robotico/install/robot_task_manager/lib/python3.12/site-packages:${PYTHONPATH} VIRTUAL_ENV_PROMPT=(yolo_env) /usr/bin/python3 -W ignore:setup.py install is deprecated -W ignore:easy_install command is deprecated setup.py egg_info --egg-base ../../../build/robot_task_manager build --build-base /home/zuriel_tov/Brazo-Robotico/build/robot_task_manager/build install --record /home/zuriel_tov/Brazo-Robotico/build/robot_task_manager/install.log --single-version-externally-managed install_data
[1.255s] DEBUG:colcon.colcon_core.event_handler.log_command:Invoked command in '/home/zuriel_tov/Brazo-Robotico/build/robot_interfaces' returned '0': CMAKE_PREFIX_PATH=${CMAKE_PREFIX_PATH}:/home/zuriel_tov/Brazo-Robotico/irb14050_ws/install/robot_task_manager:/home/zuriel_tov/Brazo-Robotico/irb14050_ws/install/robot_speech:/home/zuriel_tov/Brazo-Robotico/irb14050_ws/install/robot_perception:/opt/ros/jazzy DEBUGINFOD_URLS=https://debuginfod.ubuntu.com PS1=(yolo_env) \[\e]0;\u@\h: \w\a\]${debian_chroot:+($debian_chroot)}\[\033[01;32m\]\u@\h\[\033[00m\]:\[\033[01;34m\]\w\[\033[00m\]\$ VIRTUAL_ENV_PROMPT=(yolo_env) /usr/bin/cmake --build /home/zuriel_tov/Brazo-Robotico/build/robot_interfaces -- -j32 -l32
[1.262s] DEBUG:colcon.colcon_core.event_handler.log_command:Invoking command in '/home/zuriel_tov/Brazo-Robotico/build/robot_interfaces': CMAKE_PREFIX_PATH=${CMAKE_PREFIX_PATH}:/home/zuriel_tov/Brazo-Robotico/irb14050_ws/install/robot_task_manager:/home/zuriel_tov/Brazo-Robotico/irb14050_ws/install/robot_speech:/home/zuriel_tov/Brazo-Robotico/irb14050_ws/install/robot_perception:/opt/ros/jazzy DEBUGINFOD_URLS=https://debuginfod.ubuntu.com PS1=(yolo_env) \[\e]0;\u@\h: \w\a\]${debian_chroot:+($debian_chroot)}\[\033[01;32m\]\u@\h\[\033[00m\]:\[\033[01;34m\]\w\[\033[00m\]\$ VIRTUAL_ENV_PROMPT=(yolo_env) /usr/bin/cmake --install /home/zuriel_tov/Brazo-Robotico/build/robot_interfaces
[1.309s] Level 1:colcon.colcon_core.environment:create_environment_scripts_only(robot_interfaces)
[1.310s] DEBUG:colcon.colcon_core.event_handler.log_command:Invoked command in '/home/zuriel_tov/Brazo-Robotico/build/robot_interfaces' returned '0': CMAKE_PREFIX_PATH=${CMAKE_PREFIX_PATH}:/home/zuriel_tov/Brazo-Robotico/irb14050_ws/install/robot_task_manager:/home/zuriel_tov/Brazo-Robotico/irb14050_ws/install/robot_speech:/home/zuriel_tov/Brazo-Robotico/irb14050_ws/install/robot_perception:/opt/ros/jazzy DEBUGINFOD_URLS=https://debuginfod.ubuntu.com PS1=(yolo_env) \[\e]0;\u@\h: \w\a\]${debian_chroot:+($debian_chroot)}\[\033[01;32m\]\u@\h\[\033[00m\]:\[\033[01;34m\]\w\[\033[00m\]\$ VIRTUAL_ENV_PROMPT=(yolo_env) /usr/bin/cmake --install /home/zuriel_tov/Brazo-Robotico/build/robot_interfaces
[1.311s] Level 1:colcon.colcon_core.environment:checking '/home/zuriel_tov/Brazo-Robotico/install/robot_interfaces' for CMake module files
[1.311s] Level 1:colcon.colcon_core.environment:checking '/home/zuriel_tov/Brazo-Robotico/install/robot_interfaces' for CMake config files
[1.311s] Level 1:colcon.colcon_core.shell:create_environment_hook('robot_interfaces', 'cmake_prefix_path')
[1.312s] INFO:colcon.colcon_core.shell:Creating environment hook '/home/zuriel_tov/Brazo-Robotico/install/robot_interfaces/share/robot_interfaces/hook/cmake_prefix_path.ps1'
[1.312s] INFO:colcon.colcon_core.shell:Creating environment descriptor '/home/zuriel_tov/Brazo-Robotico/install/robot_interfaces/share/robot_interfaces/hook/cmake_prefix_path.dsv'
[1.312s] INFO:colcon.colcon_core.shell:Creating environment hook '/home/zuriel_tov/Brazo-Robotico/install/robot_interfaces/share/robot_interfaces/hook/cmake_prefix_path.sh'
[1.313s] Level 1:colcon.colcon_core.environment:checking '/home/zuriel_tov/Brazo-Robotico/install/robot_interfaces/lib'
[1.313s] Level 1:colcon.colcon_core.shell:create_environment_hook('robot_interfaces', 'ld_library_path_lib')
[1.313s] INFO:colcon.colcon_core.shell:Creating environment hook '/home/zuriel_tov/Brazo-Robotico/install/robot_interfaces/share/robot_interfaces/hook/ld_library_path_lib.ps1'
[1.313s] INFO:colcon.colcon_core.shell:Creating environment descriptor '/home/zuriel_tov/Brazo-Robotico/install/robot_interfaces/share/robot_interfaces/hook/ld_library_path_lib.dsv'
[1.314s] INFO:colcon.colcon_core.shell:Creating environment hook '/home/zuriel_tov/Brazo-Robotico/install/robot_interfaces/share/robot_interfaces/hook/ld_library_path_lib.sh'
[1.314s] Level 1:colcon.colcon_core.environment:checking '/home/zuriel_tov/Brazo-Robotico/install/robot_interfaces/bin'
[1.314s] Level 1:colcon.colcon_core.environment:checking '/home/zuriel_tov/Brazo-Robotico/install/robot_interfaces/lib/pkgconfig/robot_interfaces.pc'
[1.315s] Level 1:colcon.colcon_core.environment:checking '/home/zuriel_tov/Brazo-Robotico/install/robot_interfaces/lib/python3.12/site-packages'
[1.315s] Level 1:colcon.colcon_core.shell:create_environment_hook('robot_interfaces', 'pythonpath')
[1.315s] INFO:colcon.colcon_core.shell:Creating environment hook '/home/zuriel_tov/Brazo-Robotico/install/robot_interfaces/share/robot_interfaces/hook/pythonpath.ps1'
[1.316s] INFO:colcon.colcon_core.shell:Creating environment descriptor '/home/zuriel_tov/Brazo-Robotico/install/robot_interfaces/share/robot_interfaces/hook/pythonpath.dsv'
[1.317s] INFO:colcon.colcon_core.shell:Creating environment hook '/home/zuriel_tov/Brazo-Robotico/install/robot_interfaces/share/robot_interfaces/hook/pythonpath.sh'
[1.317s] Level 1:colcon.colcon_core.environment:checking '/home/zuriel_tov/Brazo-Robotico/install/robot_interfaces/bin'
[1.317s] INFO:colcon.colcon_core.shell:Creating package script '/home/zuriel_tov/Brazo-Robotico/install/robot_interfaces/share/robot_interfaces/package.ps1'
[1.318s] INFO:colcon.colcon_core.shell:Creating package descriptor '/home/zuriel_tov/Brazo-Robotico/install/robot_interfaces/share/robot_interfaces/package.dsv'
[1.319s] INFO:colcon.colcon_core.shell:Creating package script '/home/zuriel_tov/Brazo-Robotico/install/robot_interfaces/share/robot_interfaces/package.sh'
[1.319s] INFO:colcon.colcon_core.shell:Creating package script '/home/zuriel_tov/Brazo-Robotico/install/robot_interfaces/share/robot_interfaces/package.bash'
[1.320s] INFO:colcon.colcon_core.shell:Creating package script '/home/zuriel_tov/Brazo-Robotico/install/robot_interfaces/share/robot_interfaces/package.zsh'
[1.321s] Level 1:colcon.colcon_core.environment:create_file_with_runtime_dependencies(/home/zuriel_tov/Brazo-Robotico/install/robot_interfaces/share/colcon-core/packages/robot_interfaces)
[1.321s] Level 1:colcon.colcon_core.environment:create_environment_scripts_only(robot_interfaces)
[1.321s] Level 1:colcon.colcon_core.environment:checking '/home/zuriel_tov/Brazo-Robotico/install/robot_interfaces' for CMake module files
[1.322s] Level 1:colcon.colcon_core.environment:checking '/home/zuriel_tov/Brazo-Robotico/install/robot_interfaces' for CMake config files
[1.322s] Level 1:colcon.colcon_core.shell:create_environment_hook('robot_interfaces', 'cmake_prefix_path')
[1.322s] INFO:colcon.colcon_core.shell:Creating environment hook '/home/zuriel_tov/Brazo-Robotico/install/robot_interfaces/share/robot_interfaces/hook/cmake_prefix_path.ps1'
[1.322s] INFO:colcon.colcon_core.shell:Creating environment descriptor '/home/zuriel_tov/Brazo-Robotico/install/robot_interfaces/share/robot_interfaces/hook/cmake_prefix_path.dsv'
[1.323s] INFO:colcon.colcon_core.shell:Creating environment hook '/home/zuriel_tov/Brazo-Robotico/install/robot_interfaces/share/robot_interfaces/hook/cmake_prefix_path.sh'
[1.323s] Level 1:colcon.colcon_core.environment:checking '/home/zuriel_tov/Brazo-Robotico/install/robot_interfaces/lib'
[1.323s] Level 1:colcon.colcon_core.shell:create_environment_hook('robot_interfaces', 'ld_library_path_lib')
[1.323s] INFO:colcon.colcon_core.shell:Creating environment hook '/home/zuriel_tov/Brazo-Robotico/install/robot_interfaces/share/robot_interfaces/hook/ld_library_path_lib.ps1'
[1.324s] INFO:colcon.colcon_core.shell:Creating environment descriptor '/home/zuriel_tov/Brazo-Robotico/install/robot_interfaces/share/robot_interfaces/hook/ld_library_path_lib.dsv'
[1.324s] INFO:colcon.colcon_core.shell:Creating environment hook '/home/zuriel_tov/Brazo-Robotico/install/robot_interfaces/share/robot_interfaces/hook/ld_library_path_lib.sh'
[1.324s] Level 1:colcon.colcon_core.environment:checking '/home/zuriel_tov/Brazo-Robotico/install/robot_interfaces/bin'
[1.324s] Level 1:colcon.colcon_core.environment:checking '/home/zuriel_tov/Brazo-Robotico/install/robot_interfaces/lib/pkgconfig/robot_interfaces.pc'
[1.324s] Level 1:colcon.colcon_core.environment:checking '/home/zuriel_tov/Brazo-Robotico/install/robot_interfaces/lib/python3.12/site-packages'
[1.324s] Level 1:colcon.colcon_core.shell:create_environment_hook('robot_interfaces', 'pythonpath')
[1.325s] INFO:colcon.colcon_core.shell:Creating environment hook '/home/zuriel_tov/Brazo-Robotico/install/robot_interfaces/share/robot_interfaces/hook/pythonpath.ps1'
[1.325s] INFO:colcon.colcon_core.shell:Creating environment descriptor '/home/zuriel_tov/Brazo-Robotico/install/robot_interfaces/share/robot_interfaces/hook/pythonpath.dsv'
[1.325s] INFO:colcon.colcon_core.shell:Creating environment hook '/home/zuriel_tov/Brazo-Robotico/install/robot_interfaces/share/robot_interfaces/hook/pythonpath.sh'
[1.326s] Level 1:colcon.colcon_core.environment:checking '/home/zuriel_tov/Brazo-Robotico/install/robot_interfaces/bin'
[1.326s] INFO:colcon.colcon_core.shell:Creating package script '/home/zuriel_tov/Brazo-Robotico/install/robot_interfaces/share/robot_interfaces/package.ps1'
[1.326s] INFO:colcon.colcon_core.shell:Creating package descriptor '/home/zuriel_tov/Brazo-Robotico/install/robot_interfaces/share/robot_interfaces/package.dsv'
[1.327s] INFO:colcon.colcon_core.shell:Creating package script '/home/zuriel_tov/Brazo-Robotico/install/robot_interfaces/share/robot_interfaces/package.sh'
[1.327s] INFO:colcon.colcon_core.shell:Creating package script '/home/zuriel_tov/Brazo-Robotico/install/robot_interfaces/share/robot_interfaces/package.bash'
[1.328s] INFO:colcon.colcon_core.shell:Creating package script '/home/zuriel_tov/Brazo-Robotico/install/robot_interfaces/share/robot_interfaces/package.zsh'
[1.328s] Level 1:colcon.colcon_core.environment:create_file_with_runtime_dependencies(/home/zuriel_tov/Brazo-Robotico/install/robot_interfaces/share/colcon-core/packages/robot_interfaces)
[1.459s] Level 1:colcon.colcon_core.environment:checking '/home/zuriel_tov/Brazo-Robotico/install/robot_task_manager' for CMake module files
[1.460s] DEBUG:colcon.colcon_core.event_handler.log_command:Invoked command in '/home/zuriel_tov/Brazo-Robotico/irb14050_ws/src/robot_task_manager' returned '0': DEBUGINFOD_URLS=https://debuginfod.ubuntu.com PS1=(yolo_env) \[\e]0;\u@\h: \w\a\]${debian_chroot:+($debian_chroot)}\[\033[01;32m\]\u@\h\[\033[00m\]:\[\033[01;34m\]\w\[\033[00m\]\$ PYTHONPATH=/home/zuriel_tov/Brazo-Robotico/build/robot_task_manager/prefix_override:/usr/lib/python3/dist-packages/colcon_core/task/python/colcon_distutils_commands:/home/zuriel_tov/Brazo-Robotico/install/robot_task_manager/lib/python3.12/site-packages:${PYTHONPATH} VIRTUAL_ENV_PROMPT=(yolo_env) /usr/bin/python3 -W ignore:setup.py install is deprecated -W ignore:easy_install command is deprecated setup.py egg_info --egg-base ../../../build/robot_task_manager build --build-base /home/zuriel_tov/Brazo-Robotico/build/robot_task_manager/build install --record /home/zuriel_tov/Brazo-Robotico/build/robot_task_manager/install.log --single-version-externally-managed install_data
[1.460s] Level 1:colcon.colcon_core.environment:checking '/home/zuriel_tov/Brazo-Robotico/install/robot_task_manager' for CMake config files
[1.460s] Level 1:colcon.colcon_core.environment:checking '/home/zuriel_tov/Brazo-Robotico/install/robot_task_manager/lib'
[1.460s] Level 1:colcon.colcon_core.environment:checking '/home/zuriel_tov/Brazo-Robotico/install/robot_task_manager/bin'
[1.460s] Level 1:colcon.colcon_core.environment:checking '/home/zuriel_tov/Brazo-Robotico/install/robot_task_manager/lib/pkgconfig/robot_task_manager.pc'
[1.460s] Level 1:colcon.colcon_core.environment:checking '/home/zuriel_tov/Brazo-Robotico/install/robot_task_manager/lib/python3.12/site-packages'
[1.460s] Level 1:colcon.colcon_core.shell:create_environment_hook('robot_task_manager', 'pythonpath')
[1.461s] INFO:colcon.colcon_core.shell:Creating environment hook '/home/zuriel_tov/Brazo-Robotico/install/robot_task_manager/share/robot_task_manager/hook/pythonpath.ps1'
[1.461s] INFO:colcon.colcon_core.shell:Creating environment descriptor '/home/zuriel_tov/Brazo-Robotico/install/robot_task_manager/share/robot_task_manager/hook/pythonpath.dsv'
[1.461s] INFO:colcon.colcon_core.shell:Creating environment hook '/home/zuriel_tov/Brazo-Robotico/install/robot_task_manager/share/robot_task_manager/hook/pythonpath.sh'
[1.462s] Level 1:colcon.colcon_core.environment:checking '/home/zuriel_tov/Brazo-Robotico/install/robot_task_manager/bin'
[1.462s] Level 1:colcon.colcon_core.environment:create_environment_scripts_only(robot_task_manager)
[1.462s] INFO:colcon.colcon_core.shell:Creating package script '/home/zuriel_tov/Brazo-Robotico/install/robot_task_manager/share/robot_task_manager/package.ps1'
[1.462s] INFO:colcon.colcon_core.shell:Creating package descriptor '/home/zuriel_tov/Brazo-Robotico/install/robot_task_manager/share/robot_task_manager/package.dsv'
[1.463s] INFO:colcon.colcon_core.shell:Creating package script '/home/zuriel_tov/Brazo-Robotico/install/robot_task_manager/share/robot_task_manager/package.sh'
[1.463s] INFO:colcon.colcon_core.shell:Creating package script '/home/zuriel_tov/Brazo-Robotico/install/robot_task_manager/share/robot_task_manager/package.bash'
[1.463s] INFO:colcon.colcon_core.shell:Creating package script '/home/zuriel_tov/Brazo-Robotico/install/robot_task_manager/share/robot_task_manager/package.zsh'
[1.463s] Level 1:colcon.colcon_core.environment:create_file_with_runtime_dependencies(/home/zuriel_tov/Brazo-Robotico/install/robot_task_manager/share/colcon-core/packages/robot_task_manager)
[1.465s] Level 1:colcon.colcon_core.environment:checking '/home/zuriel_tov/Brazo-Robotico/install/robot_perception' for CMake module files
[1.465s] DEBUG:colcon.colcon_core.event_handler.log_command:Invoked command in '/home/zuriel_tov/Brazo-Robotico/irb14050_ws/src/robot_perception' returned '0': DEBUGINFOD_URLS=https://debuginfod.ubuntu.com PS1=(yolo_env) \[\e]0;\u@\h: \w\a\]${debian_chroot:+($debian_chroot)}\[\033[01;32m\]\u@\h\[\033[00m\]:\[\033[01;34m\]\w\[\033[00m\]\$ PYTHONPATH=/home/zuriel_tov/Brazo-Robotico/build/robot_perception/prefix_override:/usr/lib/python3/dist-packages/colcon_core/task/python/colcon_distutils_commands:/home/zuriel_tov/Brazo-Robotico/install/robot_perception/lib/python3.12/site-packages:${PYTHONPATH} VIRTUAL_ENV_PROMPT=(yolo_env) /usr/bin/python3 -W ignore:setup.py install is deprecated -W ignore:easy_install command is deprecated setup.py egg_info --egg-base ../../../build/robot_perception build --build-base /home/zuriel_tov/Brazo-Robotico/build/robot_perception/build install --record /home/zuriel_tov/Brazo-Robotico/build/robot_perception/install.log --single-version-externally-managed install_data
[1.465s] Level 1:colcon.colcon_core.environment:checking '/home/zuriel_tov/Brazo-Robotico/install/robot_perception' for CMake config files
[1.466s] Level 1:colcon.colcon_core.environment:checking '/home/zuriel_tov/Brazo-Robotico/install/robot_perception/lib'
[1.466s] Level 1:colcon.colcon_core.environment:checking '/home/zuriel_tov/Brazo-Robotico/install/robot_perception/bin'
[1.466s] Level 1:colcon.colcon_core.environment:checking '/home/zuriel_tov/Brazo-Robotico/install/robot_perception/lib/pkgconfig/robot_perception.pc'
[1.466s] Level 1:colcon.colcon_core.environment:checking '/home/zuriel_tov/Brazo-Robotico/install/robot_perception/lib/python3.12/site-packages'
[1.466s] Level 1:colcon.colcon_core.shell:create_environment_hook('robot_perception', 'pythonpath')
[1.466s] INFO:colcon.colcon_core.shell:Creating environment hook '/home/zuriel_tov/Brazo-Robotico/install/robot_perception/share/robot_perception/hook/pythonpath.ps1'
[1.466s] INFO:colcon.colcon_core.shell:Creating environment descriptor '/home/zuriel_tov/Brazo-Robotico/install/robot_perception/share/robot_perception/hook/pythonpath.dsv'
[1.467s] INFO:colcon.colcon_core.shell:Creating environment hook '/home/zuriel_tov/Brazo-Robotico/install/robot_perception/share/robot_perception/hook/pythonpath.sh'
[1.467s] Level 1:colcon.colcon_core.environment:checking '/home/zuriel_tov/Brazo-Robotico/install/robot_perception/bin'
[1.467s] Level 1:colcon.colcon_core.environment:create_environment_scripts_only(robot_perception)
[1.467s] INFO:colcon.colcon_core.shell:Creating package script '/home/zuriel_tov/Brazo-Robotico/install/robot_perception/share/robot_perception/package.ps1'
[1.468s] INFO:colcon.colcon_core.shell:Creating package descriptor '/home/zuriel_tov/Brazo-Robotico/install/robot_perception/share/robot_perception/package.dsv'
[1.468s] INFO:colcon.colcon_core.shell:Creating package script '/home/zuriel_tov/Brazo-Robotico/install/robot_perception/share/robot_perception/package.sh'
[1.468s] INFO:colcon.colcon_core.shell:Creating package script '/home/zuriel_tov/Brazo-Robotico/install/robot_perception/share/robot_perception/package.bash'
[1.468s] INFO:colcon.colcon_core.shell:Creating package script '/home/zuriel_tov/Brazo-Robotico/install/robot_perception/share/robot_perception/package.zsh'
[1.475s] Level 1:colcon.colcon_core.environment:create_file_with_runtime_dependencies(/home/zuriel_tov/Brazo-Robotico/install/robot_perception/share/colcon-core/packages/robot_perception)
[1.475s] Level 1:colcon.colcon_core.environment:checking '/home/zuriel_tov/Brazo-Robotico/install/robot_speech' for CMake module files
[1.476s] Level 1:colcon.colcon_core.environment:checking '/home/zuriel_tov/Brazo-Robotico/install/robot_speech' for CMake config files
[1.476s] DEBUG:colcon.colcon_core.event_handler.log_command:Invoked command in '/home/zuriel_tov/Brazo-Robotico/irb14050_ws/src/robot_speech' returned '0': DEBUGINFOD_URLS=https://debuginfod.ubuntu.com PS1=(yolo_env) \[\e]0;\u@\h: \w\a\]${debian_chroot:+($debian_chroot)}\[\033[01;32m\]\u@\h\[\033[00m\]:\[\033[01;34m\]\w\[\033[00m\]\$ PYTHONPATH=/home/zuriel_tov/Brazo-Robotico/build/robot_speech/prefix_override:/usr/lib/python3/dist-packages/colcon_core/task/python/colcon_distutils_commands:/home/zuriel_tov/Brazo-Robotico/install/robot_speech/lib/python3.12/site-packages:${PYTHONPATH} VIRTUAL_ENV_PROMPT=(yolo_env) /usr/bin/python3 -W ignore:setup.py install is deprecated -W ignore:easy_install command is deprecated setup.py egg_info --egg-base ../../../build/robot_speech build --build-base /home/zuriel_tov/Brazo-Robotico/build/robot_speech/build install --record /home/zuriel_tov/Brazo-Robotico/build/robot_speech/install.log --single-version-externally-managed install_data
[1.476s] Level 1:colcon.colcon_core.environment:checking '/home/zuriel_tov/Brazo-Robotico/install/robot_speech/lib'
[1.476s] Level 1:colcon.colcon_core.environment:checking '/home/zuriel_tov/Brazo-Robotico/install/robot_speech/bin'
[1.476s] Level 1:colcon.colcon_core.environment:checking '/home/zuriel_tov/Brazo-Robotico/install/robot_speech/lib/pkgconfig/robot_speech.pc'
[1.476s] Level 1:colcon.colcon_core.environment:checking '/home/zuriel_tov/Brazo-Robotico/install/robot_speech/lib/python3.12/site-packages'
[1.476s] Level 1:colcon.colcon_core.shell:create_environment_hook('robot_speech', 'pythonpath')
[1.476s] INFO:colcon.colcon_core.shell:Creating environment hook '/home/zuriel_tov/Brazo-Robotico/install/robot_speech/share/robot_speech/hook/pythonpath.ps1'
[1.477s] INFO:colcon.colcon_core.shell:Creating environment descriptor '/home/zuriel_tov/Brazo-Robotico/install/robot_speech/share/robot_speech/hook/pythonpath.dsv'
[1.477s] INFO:colcon.colcon_core.shell:Creating environment hook '/home/zuriel_tov/Brazo-Robotico/install/robot_speech/share/robot_speech/hook/pythonpath.sh'
[1.477s] Level 1:colcon.colcon_core.environment:checking '/home/zuriel_tov/Brazo-Robotico/install/robot_speech/bin'
[1.477s] Level 1:colcon.colcon_core.environment:create_environment_scripts_only(robot_speech)
[1.478s] INFO:colcon.colcon_core.shell:Creating package script '/home/zuriel_tov/Brazo-Robotico/install/robot_speech/share/robot_speech/package.ps1'
[1.478s] INFO:colcon.colcon_core.shell:Creating package descriptor '/home/zuriel_tov/Brazo-Robotico/install/robot_speech/share/robot_speech/package.dsv'
[1.478s] INFO:colcon.colcon_core.shell:Creating package script '/home/zuriel_tov/Brazo-Robotico/install/robot_speech/share/robot_speech/package.sh'
[1.478s] INFO:colcon.colcon_core.shell:Creating package script '/home/zuriel_tov/Brazo-Robotico/install/robot_speech/share/robot_speech/package.bash'
[1.479s] INFO:colcon.colcon_core.shell:Creating package script '/home/zuriel_tov/Brazo-Robotico/install/robot_speech/share/robot_speech/package.zsh'
[1.479s] Level 1:colcon.colcon_core.environment:create_file_with_runtime_dependencies(/home/zuriel_tov/Brazo-Robotico/install/robot_speech/share/colcon-core/packages/robot_speech)
[1.479s] DEBUG:colcon.colcon_parallel_executor.executor.parallel:closing loop
[1.479s] DEBUG:colcon.colcon_parallel_executor.executor.parallel:loop closed
[1.479s] DEBUG:colcon.colcon_parallel_executor.executor.parallel:run_until_complete finished with '0'
[1.479s] DEBUG:colcon.colcon_core.event_reactor:joining thread
[1.482s] INFO:colcon.colcon_core.plugin_system:Skipping extension 'colcon_notification.desktop_notification.terminal_notifier': Not used on non-Darwin systems
[1.482s] INFO:colcon.colcon_core.plugin_system:Skipping extension 'colcon_notification.desktop_notification.win32': Not used on non-Windows systems
[1.482s] INFO:colcon.colcon_notification.desktop_notification:Sending desktop notification using 'notify2'
[1.493s] DEBUG:colcon.colcon_core.event_reactor:joined thread
[1.493s] INFO:colcon.colcon_core.shell:Creating prefix script '/home/zuriel_tov/Brazo-Robotico/install/local_setup.ps1'
[1.494s] INFO:colcon.colcon_core.shell:Creating prefix util module '/home/zuriel_tov/Brazo-Robotico/install/_local_setup_util_ps1.py'
[1.495s] INFO:colcon.colcon_core.shell:Creating prefix chain script '/home/zuriel_tov/Brazo-Robotico/install/setup.ps1'
[1.496s] INFO:colcon.colcon_core.shell:Creating prefix script '/home/zuriel_tov/Brazo-Robotico/install/local_setup.sh'
[1.496s] INFO:colcon.colcon_core.shell:Creating prefix util module '/home/zuriel_tov/Brazo-Robotico/install/_local_setup_util_sh.py'
[1.497s] INFO:colcon.colcon_core.shell:Creating prefix chain script '/home/zuriel_tov/Brazo-Robotico/install/setup.sh'
[1.498s] INFO:colcon.colcon_core.shell:Creating prefix script '/home/zuriel_tov/Brazo-Robotico/install/local_setup.bash'
[1.498s] INFO:colcon.colcon_core.shell:Creating prefix chain script '/home/zuriel_tov/Brazo-Robotico/install/setup.bash'
[1.498s] INFO:colcon.colcon_core.shell:Creating prefix script '/home/zuriel_tov/Brazo-Robotico/install/local_setup.zsh'
[1.499s] INFO:colcon.colcon_core.shell:Creating prefix chain script '/home/zuriel_tov/Brazo-Robotico/install/setup.zsh'
