[0.048s] DEBUG:colcon:Command line arguments: ['/usr/bin/colcon', 'build']
[0.049s] DEBUG:colcon:Parsed command line arguments: Namespace(log_base=None, log_level=None, verb_name='build', build_base='build', install_base='install', merge_install=False, symlink_install=False, test_result_base=None, continue_on_error=False, executor='parallel', parallel_workers=32, event_handlers=None, ignore_user_meta=False, metas=['./colcon.meta'], base_paths=['.'], packages_ignore=None, packages_ignore_regex=None, paths=None, packages_up_to=None, packages_up_to_regex=None, packages_above=None, packages_above_and_dependencies=None, packages_above_depth=None, packages_select_by_dep=None, packages_skip_by_dep=None, packages_skip_up_to=None, packages_select_build_failed=False, packages_skip_build_finished=False, packages_select_test_failures=False, packages_skip_test_passed=False, packages_select=None, packages_skip=None, packages_select_regex=None, packages_skip_regex=None, packages_start=None, packages_end=None, allow_overriding=[], cmake_args=None, cmake_target=None, cmake_target_skip_unavailable=False, cmake_clean_cache=False, cmake_clean_first=False, cmake_force_configure=False, ament_cmake_args=None, catkin_cmake_args=None, catkin_skip_building_tests=False, mixin_files=None, mixin=None, verb_parser=<colcon_mixin.mixin.mixin_argument.MixinArgumentDecorator object at 0x7a08adda8dd0>, verb_extension=<colcon_core.verb.build.BuildVerb object at 0x7a08add1eae0>, main=<bound method BuildVerb.main of <colcon_core.verb.build.BuildVerb object at 0x7a08add1eae0>>, mixin_verb=('build',))
[0.067s] Level 1:colcon.colcon_core.package_discovery:discover_packages(colcon_meta) check parameters
[0.067s] Level 1:colcon.colcon_core.package_discovery:discover_packages(recursive) check parameters
[0.067s] Level 1:colcon.colcon_core.package_discovery:discover_packages(ignore) check parameters
[0.067s] Level 1:colcon.colcon_core.package_discovery:discover_packages(path) check parameters
[0.067s] Level 1:colcon.colcon_core.package_discovery:discover_packages(colcon_meta) discover
[0.067s] Level 1:colcon.colcon_core.package_discovery:discover_packages(recursive) discover
[0.067s] INFO:colcon.colcon_core.package_discovery:Crawling recursively for packages in '/home/zuriel_tov/Brazo-Robotico'
[0.067s] Level 1:colcon.colcon_core.package_identification:_identify(.) by extensions ['ignore', 'ignore_ament_install']
[0.067s] Level 1:colcon.colcon_core.package_identification:_identify(.) by extension 'ignore'
[0.067s] Level 1:colcon.colcon_core.package_identification:_identify(.) by extension 'ignore_ament_install'
[0.067s] Level 1:colcon.colcon_core.package_identification:_identify(.) by extensions ['colcon_pkg']
[0.067s] Level 1:colcon.colcon_core.package_identification:_identify(.) by extension 'colcon_pkg'
[0.067s] Level 1:colcon.colcon_core.package_identification:_identify(.) by extensions ['colcon_meta']
[0.067s] Level 1:colcon.colcon_core.package_identification:_identify(.) by extension 'colcon_meta'
[0.067s] Level 1:colcon.colcon_core.package_identification:_identify(.) by extensions ['ros']
[0.067s] Level 1:colcon.colcon_core.package_identification:_identify(.) by extension 'ros'
[0.080s] Level 1:colcon.colcon_core.package_identification:_identify(.) by extensions ['cmake', 'python']
[0.080s] Level 1:colcon.colcon_core.package_identification:_identify(.) by extension 'cmake'
[0.080s] Level 1:colcon.colcon_core.package_identification:_identify(.) by extension 'python'
[0.080s] Level 1:colcon.colcon_core.package_identification:_identify(.) by extensions ['python_setup_py']
[0.080s] Level 1:colcon.colcon_core.package_identification:_identify(.) by extension 'python_setup_py'
[0.080s] Level 1:colcon.colcon_core.package_identification:_identify(build) by extensions ['ignore', 'ignore_ament_install']
[0.080s] Level 1:colcon.colcon_core.package_identification:_identify(build) by extension 'ignore'
[0.080s] Level 1:colcon.colcon_core.package_identification:_identify(build) ignored
[0.080s] Level 1:colcon.colcon_core.package_identification:_identify(install) by extensions ['ignore', 'ignore_ament_install']
[0.080s] Level 1:colcon.colcon_core.package_identification:_identify(install) by extension 'ignore'
[0.080s] Level 1:colcon.colcon_core.package_identification:_identify(install) ignored
[0.080s] Level 1:colcon.colcon_core.package_identification:_identify(irb14050_ws) by extensions ['ignore', 'ignore_ament_install']
[0.081s] Level 1:colcon.colcon_core.package_identification:_identify(irb14050_ws) by extension 'ignore'
[0.081s] Level 1:colcon.colcon_core.package_identification:_identify(irb14050_ws) by extension 'ignore_ament_install'
[0.081s] Level 1:colcon.colcon_core.package_identification:_identify(irb14050_ws) by extensions ['colcon_pkg']
[0.081s] Level 1:colcon.colcon_core.package_identification:_identify(irb14050_ws) by extension 'colcon_pkg'
[0.081s] Level 1:colcon.colcon_core.package_identification:_identify(irb14050_ws) by extensions ['colcon_meta']
[0.081s] Level 1:colcon.colcon_core.package_identification:_identify(irb14050_ws) by extension 'colcon_meta'
[0.081s] Level 1:colcon.colcon_core.package_identification:_identify(irb14050_ws) by extensions ['ros']
[0.081s] Level 1:colcon.colcon_core.package_identification:_identify(irb14050_ws) by extension 'ros'
[0.081s] Level 1:colcon.colcon_core.package_identification:_identify(irb14050_ws) by extensions ['cmake', 'python']
[0.081s] Level 1:colcon.colcon_core.package_identification:_identify(irb14050_ws) by extension 'cmake'
[0.081s] Level 1:colcon.colcon_core.package_identification:_identify(irb14050_ws) by extension 'python'
[0.081s] Level 1:colcon.colcon_core.package_identification:_identify(irb14050_ws) by extensions ['python_setup_py']
[0.081s] Level 1:colcon.colcon_core.package_identification:_identify(irb14050_ws) by extension 'python_setup_py'
[0.081s] Level 1:colcon.colcon_core.package_identification:_identify(irb14050_ws/build) by extensions ['ignore', 'ignore_ament_install']
[0.081s] Level 1:colcon.colcon_core.package_identification:_identify(irb14050_ws/build) by extension 'ignore'
[0.081s] Level 1:colcon.colcon_core.package_identification:_identify(irb14050_ws/build) ignored
[0.081s] Level 1:colcon.colcon_core.package_identification:_identify(irb14050_ws/calib_images) by extensions ['ignore', 'ignore_ament_install']
[0.081s] Level 1:colcon.colcon_core.package_identification:_identify(irb14050_ws/calib_images) by extension 'ignore'
[0.081s] Level 1:colcon.colcon_core.package_identification:_identify(irb14050_ws/calib_images) by extension 'ignore_ament_install'
[0.081s] Level 1:colcon.colcon_core.package_identification:_identify(irb14050_ws/calib_images) by extensions ['colcon_pkg']
[0.081s] Level 1:colcon.colcon_core.package_identification:_identify(irb14050_ws/calib_images) by extension 'colcon_pkg'
[0.081s] Level 1:colcon.colcon_core.package_identification:_identify(irb14050_ws/calib_images) by extensions ['colcon_meta']
[0.081s] Level 1:colcon.colcon_core.package_identification:_identify(irb14050_ws/calib_images) by extension 'colcon_meta'
[0.081s] Level 1:colcon.colcon_core.package_identification:_identify(irb14050_ws/calib_images) by extensions ['ros']
[0.081s] Level 1:colcon.colcon_core.package_identification:_identify(irb14050_ws/calib_images) by extension 'ros'
[0.081s] Level 1:colcon.colcon_core.package_identification:_identify(irb14050_ws/calib_images) by extensions ['cmake', 'python']
[0.081s] Level 1:colcon.colcon_core.package_identification:_identify(irb14050_ws/calib_images) by extension 'cmake'
[0.081s] Level 1:colcon.colcon_core.package_identification:_identify(irb14050_ws/calib_images) by extension 'python'
[0.081s] Level 1:colcon.colcon_core.package_identification:_identify(irb14050_ws/calib_images) by extensions ['python_setup_py']
[0.081s] Level 1:colcon.colcon_core.package_identification:_identify(irb14050_ws/calib_images) by extension 'python_setup_py'
[0.081s] Level 1:colcon.colcon_core.package_identification:_identify(irb14050_ws/install) by extensions ['ignore', 'ignore_ament_install']
[0.081s] Level 1:colcon.colcon_core.package_identification:_identify(irb14050_ws/install) by extension 'ignore'
[0.081s] Level 1:colcon.colcon_core.package_identification:_identify(irb14050_ws/install) ignored
[0.081s] Level 1:colcon.colcon_core.package_identification:_identify(irb14050_ws/log) by extensions ['ignore', 'ignore_ament_install']
[0.081s] Level 1:colcon.colcon_core.package_identification:_identify(irb14050_ws/log) by extension 'ignore'
[0.081s] Level 1:colcon.colcon_core.package_identification:_identify(irb14050_ws/log) ignored
[0.081s] Level 1:colcon.colcon_core.package_identification:_identify(irb14050_ws/src) by extensions ['ignore', 'ignore_ament_install']
[0.081s] Level 1:colcon.colcon_core.package_identification:_identify(irb14050_ws/src) by extension 'ignore'
[0.081s] Level 1:colcon.colcon_core.package_identification:_identify(irb14050_ws/src) by extension 'ignore_ament_install'
[0.081s] Level 1:colcon.colcon_core.package_identification:_identify(irb14050_ws/src) by extensions ['colcon_pkg']
[0.081s] Level 1:colcon.colcon_core.package_identification:_identify(irb14050_ws/src) by extension 'colcon_pkg'
[0.081s] Level 1:colcon.colcon_core.package_identification:_identify(irb14050_ws/src) by extensions ['colcon_meta']
[0.081s] Level 1:colcon.colcon_core.package_identification:_identify(irb14050_ws/src) by extension 'colcon_meta'
[0.081s] Level 1:colcon.colcon_core.package_identification:_identify(irb14050_ws/src) by extensions ['ros']
[0.081s] Level 1:colcon.colcon_core.package_identification:_identify(irb14050_ws/src) by extension 'ros'
[0.081s] Level 1:colcon.colcon_core.package_identification:_identify(irb14050_ws/src) by extensions ['cmake', 'python']
[0.082s] Level 1:colcon.colcon_core.package_identification:_identify(irb14050_ws/src) by extension 'cmake'
[0.082s] Level 1:colcon.colcon_core.package_identification:_identify(irb14050_ws/src) by extension 'python'
[0.082s] Level 1:colcon.colcon_core.package_identification:_identify(irb14050_ws/src) by extensions ['python_setup_py']
[0.082s] Level 1:colcon.colcon_core.package_identification:_identify(irb14050_ws/src) by extension 'python_setup_py'
[0.082s] Level 1:colcon.colcon_core.package_identification:_identify(irb14050_ws/src/robot_interfaces) by extensions ['ignore', 'ignore_ament_install']
[0.082s] Level 1:colcon.colcon_core.package_identification:_identify(irb14050_ws/src/robot_interfaces) by extension 'ignore'
[0.082s] Level 1:colcon.colcon_core.package_identification:_identify(irb14050_ws/src/robot_interfaces) by extension 'ignore_ament_install'
[0.082s] Level 1:colcon.colcon_core.package_identification:_identify(irb14050_ws/src/robot_interfaces) by extensions ['colcon_pkg']
[0.082s] Level 1:colcon.colcon_core.package_identification:_identify(irb14050_ws/src/robot_interfaces) by extension 'colcon_pkg'
[0.082s] Level 1:colcon.colcon_core.package_identification:_identify(irb14050_ws/src/robot_interfaces) by extensions ['colcon_meta']
[0.082s] Level 1:colcon.colcon_core.package_identification:_identify(irb14050_ws/src/robot_interfaces) by extension 'colcon_meta'
[0.082s] Level 1:colcon.colcon_core.package_identification:_identify(irb14050_ws/src/robot_interfaces) by extensions ['ros']
[0.082s] Level 1:colcon.colcon_core.package_identification:_identify(irb14050_ws/src/robot_interfaces) by extension 'ros'
[0.083s] DEBUG:colcon.colcon_core.package_identification:Package 'irb14050_ws/src/robot_interfaces' with type 'ros.ament_cmake' and name 'robot_interfaces'
[0.083s] Level 1:colcon.colcon_core.package_identification:_identify(irb14050_ws/src/robot_perception) by extensions ['ignore', 'ignore_ament_install']
[0.083s] Level 1:colcon.colcon_core.package_identification:_identify(irb14050_ws/src/robot_perception) by extension 'ignore'
[0.083s] Level 1:colcon.colcon_core.package_identification:_identify(irb14050_ws/src/robot_perception) by extension 'ignore_ament_install'
[0.083s] Level 1:colcon.colcon_core.package_identification:_identify(irb14050_ws/src/robot_perception) by extensions ['colcon_pkg']
[0.083s] Level 1:colcon.colcon_core.package_identification:_identify(irb14050_ws/src/robot_perception) by extension 'colcon_pkg'
[0.083s] Level 1:colcon.colcon_core.package_identification:_identify(irb14050_ws/src/robot_perception) by extensions ['colcon_meta']
[0.083s] Level 1:colcon.colcon_core.package_identification:_identify(irb14050_ws/src/robot_perception) by extension 'colcon_meta'
[0.083s] Level 1:colcon.colcon_core.package_identification:_identify(irb14050_ws/src/robot_perception) by extensions ['ros']
[0.083s] Level 1:colcon.colcon_core.package_identification:_identify(irb14050_ws/src/robot_perception) by extension 'ros'
[0.084s] DEBUG:colcon.colcon_core.package_identification:Package 'irb14050_ws/src/robot_perception' with type 'ros.ament_python' and name 'robot_perception'
[0.084s] Level 1:colcon.colcon_core.package_identification:_identify(irb14050_ws/src/robot_speech) by extensions ['ignore', 'ignore_ament_install']
[0.084s] Level 1:colcon.colcon_core.package_identification:_identify(irb14050_ws/src/robot_speech) by extension 'ignore'
[0.084s] Level 1:colcon.colcon_core.package_identification:_identify(irb14050_ws/src/robot_speech) by extension 'ignore_ament_install'
[0.084s] Level 1:colcon.colcon_core.package_identification:_identify(irb14050_ws/src/robot_speech) by extensions ['colcon_pkg']
[0.084s] Level 1:colcon.colcon_core.package_identification:_identify(irb14050_ws/src/robot_speech) by extension 'colcon_pkg'
[0.084s] Level 1:colcon.colcon_core.package_identification:_identify(irb14050_ws/src/robot_speech) by extensions ['colcon_meta']
[0.084s] Level 1:colcon.colcon_core.package_identification:_identify(irb14050_ws/src/robot_speech) by extension 'colcon_meta'
[0.084s] Level 1:colcon.colcon_core.package_identification:_identify(irb14050_ws/src/robot_speech) by extensions ['ros']
[0.084s] Level 1:colcon.colcon_core.package_identification:_identify(irb14050_ws/src/robot_speech) by extension 'ros'
[0.084s] DEBUG:colcon.colcon_core.package_identification:Package 'irb14050_ws/src/robot_speech' with type 'ros.ament_python' and name 'robot_speech'
[0.084s] Level 1:colcon.colcon_core.package_identification:_identify(irb14050_ws/src/robot_task_manager) by extensions ['ignore', 'ignore_ament_install']
[0.084s] Level 1:colcon.colcon_core.package_identification:_identify(irb14050_ws/src/robot_task_manager) by extension 'ignore'
[0.084s] Level 1:colcon.colcon_core.package_identification:_identify(irb14050_ws/src/robot_task_manager) by extension 'ignore_ament_install'
[0.084s] Level 1:colcon.colcon_core.package_identification:_identify(irb14050_ws/src/robot_task_manager) by extensions ['colcon_pkg']
[0.084s] Level 1:colcon.colcon_core.package_identification:_identify(irb14050_ws/src/robot_task_manager) by extension 'colcon_pkg'
[0.084s] Level 1:colcon.colcon_core.package_identification:_identify(irb14050_ws/src/robot_task_manager) by extensions ['colcon_meta']
[0.084s] Level 1:colcon.colcon_core.package_identification:_identify(irb14050_ws/src/robot_task_manager) by extension 'colcon_meta'
[0.084s] Level 1:colcon.colcon_core.package_identification:_identify(irb14050_ws/src/robot_task_manager) by extensions ['ros']
[0.084s] Level 1:colcon.colcon_core.package_identification:_identify(irb14050_ws/src/robot_task_manager) by extension 'ros'
[0.085s] DEBUG:colcon.colcon_core.package_identification:Package 'irb14050_ws/src/robot_task_manager' with type 'ros.ament_python' and name 'robot_task_manager'
[0.085s] Level 1:colcon.colcon_core.package_identification:_identify(log) by extensions ['ignore', 'ignore_ament_install']
[0.085s] Level 1:colcon.colcon_core.package_identification:_identify(log) by extension 'ignore'
[0.085s] Level 1:colcon.colcon_core.package_identification:_identify(log) ignored
[0.085s] Level 1:colcon.colcon_core.package_discovery:discover_packages(recursive) using defaults
[0.085s] Level 1:colcon.colcon_core.package_discovery:discover_packages(ignore) discover
[0.085s] Level 1:colcon.colcon_core.package_discovery:discover_packages(ignore) using defaults
[0.085s] Level 1:colcon.colcon_core.package_discovery:discover_packages(path) discover
[0.085s] Level 1:colcon.colcon_core.package_discovery:discover_packages(path) using defaults
[0.093s] Level 1:colcon.colcon_core.package_discovery:discover_packages(prefix_path) check parameters
[0.093s] Level 1:colcon.colcon_core.package_discovery:discover_packages(prefix_path) discover
[0.095s] DEBUG:colcon.colcon_installed_package_information.package_discovery:Found 365 installed packages in /opt/ros/jazzy
[0.095s] Level 1:colcon.colcon_core.package_discovery:discover_packages(prefix_path) using defaults
[0.118s] Level 5:colcon.colcon_core.verb:set package 'robot_interfaces' build argument 'cmake_args' from command line to 'None'
[0.118s] Level 5:colcon.colcon_core.verb:set package 'robot_interfaces' build argument 'cmake_target' from command line to 'None'
[0.118s] Level 5:colcon.colcon_core.verb:set package 'robot_interfaces' build argument 'cmake_target_skip_unavailable' from command line to 'False'
[0.118s] Level 5:colcon.colcon_core.verb:set package 'robot_interfaces' build argument 'cmake_clean_cache' from command line to 'False'
[0.118s] Level 5:colcon.colcon_core.verb:set package 'robot_interfaces' build argument 'cmake_clean_first' from command line to 'False'
[0.118s] Level 5:colcon.colcon_core.verb:set package 'robot_interfaces' build argument 'cmake_force_configure' from command line to 'False'
[0.118s] Level 5:colcon.colcon_core.verb:set package 'robot_interfaces' build argument 'ament_cmake_args' from command line to 'None'
[0.118s] Level 5:colcon.colcon_core.verb:set package 'robot_interfaces' build argument 'catkin_cmake_args' from command line to 'None'
[0.118s] Level 5:colcon.colcon_core.verb:set package 'robot_interfaces' build argument 'catkin_skip_building_tests' from command line to 'False'
[0.118s] DEBUG:colcon.colcon_core.verb:Building package 'robot_interfaces' with the following arguments: {'ament_cmake_args': None, 'build_base': '/home/zuriel_tov/Brazo-Robotico/build/robot_interfaces', 'catkin_cmake_args': None, 'catkin_skip_building_tests': False, 'cmake_args': None, 'cmake_clean_cache': False, 'cmake_clean_first': False, 'cmake_force_configure': False, 'cmake_target': None, 'cmake_target_skip_unavailable': False, 'install_base': '/home/zuriel_tov/Brazo-Robotico/install/robot_interfaces', 'merge_install': False, 'path': '/home/zuriel_tov/Brazo-Robotico/irb14050_ws/src/robot_interfaces', 'symlink_install': False, 'test_result_base': None}
[0.118s] Level 5:colcon.colcon_core.verb:set package 'robot_perception' build argument 'cmake_args' from command line to 'None'
[0.118s] Level 5:colcon.colcon_core.verb:set package 'robot_perception' build argument 'cmake_target' from command line to 'None'
[0.118s] Level 5:colcon.colcon_core.verb:set package 'robot_perception' build argument 'cmake_target_skip_unavailable' from command line to 'False'
[0.118s] Level 5:colcon.colcon_core.verb:set package 'robot_perception' build argument 'cmake_clean_cache' from command line to 'False'
[0.118s] Level 5:colcon.colcon_core.verb:set package 'robot_perception' build argument 'cmake_clean_first' from command line to 'False'
[0.118s] Level 5:colcon.colcon_core.verb:set package 'robot_perception' build argument 'cmake_force_configure' from command line to 'False'
[0.118s] Level 5:colcon.colcon_core.verb:set package 'robot_perception' build argument 'ament_cmake_args' from command line to 'None'
[0.118s] Level 5:colcon.colcon_core.verb:set package 'robot_perception' build argument 'catkin_cmake_args' from command line to 'None'
[0.118s] Level 5:colcon.colcon_core.verb:set package 'robot_perception' build argument 'catkin_skip_building_tests' from command line to 'False'
[0.118s] DEBUG:colcon.colcon_core.verb:Building package 'robot_perception' with the following arguments: {'ament_cmake_args': None, 'build_base': '/home/zuriel_tov/Brazo-Robotico/build/robot_perception', 'catkin_cmake_args': None, 'catkin_skip_building_tests': False, 'cmake_args': None, 'cmake_clean_cache': False, 'cmake_clean_first': False, 'cmake_force_configure': False, 'cmake_target': None, 'cmake_target_skip_unavailable': False, 'install_base': '/home/zuriel_tov/Brazo-Robotico/install/robot_perception', 'merge_install': False, 'path': '/home/zuriel_tov/Brazo-Robotico/irb14050_ws/src/robot_perception', 'symlink_install': False, 'test_result_base': None}
[0.118s] Level 5:colcon.colcon_core.verb:set package 'robot_speech' build argument 'cmake_args' from command line to 'None'
[0.118s] Level 5:colcon.colcon_core.verb:set package 'robot_speech' build argument 'cmake_target' from command line to 'None'
[0.118s] Level 5:colcon.colcon_core.verb:set package 'robot_speech' build argument 'cmake_target_skip_unavailable' from command line to 'False'
[0.118s] Level 5:colcon.colcon_core.verb:set package 'robot_speech' build argument 'cmake_clean_cache' from command line to 'False'
[0.118s] Level 5:colcon.colcon_core.verb:set package 'robot_speech' build argument 'cmake_clean_first' from command line to 'False'
[0.118s] Level 5:colcon.colcon_core.verb:set package 'robot_speech' build argument 'cmake_force_configure' from command line to 'False'
[0.118s] Level 5:colcon.colcon_core.verb:set package 'robot_speech' build argument 'ament_cmake_args' from command line to 'None'
[0.118s] Level 5:colcon.colcon_core.verb:set package 'robot_speech' build argument 'catkin_cmake_args' from command line to 'None'
[0.118s] Level 5:colcon.colcon_core.verb:set package 'robot_speech' build argument 'catkin_skip_building_tests' from command line to 'False'
[0.118s] DEBUG:colcon.colcon_core.verb:Building package 'robot_speech' with the following arguments: {'ament_cmake_args': None, 'build_base': '/home/zuriel_tov/Brazo-Robotico/build/robot_speech', 'catkin_cmake_args': None, 'catkin_skip_building_tests': False, 'cmake_args': None, 'cmake_clean_cache': False, 'cmake_clean_first': False, 'cmake_force_configure': False, 'cmake_target': None, 'cmake_target_skip_unavailable': False, 'install_base': '/home/zuriel_tov/Brazo-Robotico/install/robot_speech', 'merge_install': False, 'path': '/home/zuriel_tov/Brazo-Robotico/irb14050_ws/src/robot_speech', 'symlink_install': False, 'test_result_base': None}
[0.119s] Level 5:colcon.colcon_core.verb:set package 'robot_task_manager' build argument 'cmake_args' from command line to 'None'
[0.119s] Level 5:colcon.colcon_core.verb:set package 'robot_task_manager' build argument 'cmake_target' from command line to 'None'
[0.119s] Level 5:colcon.colcon_core.verb:set package 'robot_task_manager' build argument 'cmake_target_skip_unavailable' from command line to 'False'
[0.119s] Level 5:colcon.colcon_core.verb:set package 'robot_task_manager' build argument 'cmake_clean_cache' from command line to 'False'
[0.119s] Level 5:colcon.colcon_core.verb:set package 'robot_task_manager' build argument 'cmake_clean_first' from command line to 'False'
[0.119s] Level 5:colcon.colcon_core.verb:set package 'robot_task_manager' build argument 'cmake_force_configure' from command line to 'False'
[0.119s] Level 5:colcon.colcon_core.verb:set package 'robot_task_manager' build argument 'ament_cmake_args' from command line to 'None'
[0.119s] Level 5:colcon.colcon_core.verb:set package 'robot_task_manager' build argument 'catkin_cmake_args' from command line to 'None'
[0.119s] Level 5:colcon.colcon_core.verb:set package 'robot_task_manager' build argument 'catkin_skip_building_tests' from command line to 'False'
[0.119s] DEBUG:colcon.colcon_core.verb:Building package 'robot_task_manager' with the following arguments: {'ament_cmake_args': None, 'build_base': '/home/zuriel_tov/Brazo-Robotico/build/robot_task_manager', 'catkin_cmake_args': None, 'catkin_skip_building_tests': False, 'cmake_args': None, 'cmake_clean_cache': False, 'cmake_clean_first': False, 'cmake_force_configure': False, 'cmake_target': None, 'cmake_target_skip_unavailable': False, 'install_base': '/home/zuriel_tov/Brazo-Robotico/install/robot_task_manager', 'merge_install': False, 'path': '/home/zuriel_tov/Brazo-Robotico/irb14050_ws/src/robot_task_manager', 'symlink_install': False, 'test_result_base': None}
[0.119s] INFO:colcon.colcon_core.executor:Executing jobs using 'parallel' executor
[0.119s] DEBUG:colcon.colcon_parallel_executor.executor.parallel:run_until_complete
[0.119s] INFO:colcon.colcon_ros.task.ament_cmake.build:Building ROS package in '/home/zuriel_tov/Brazo-Robotico/irb14050_ws/src/robot_interfaces' with build type 'ament_cmake'
[0.119s] INFO:colcon.colcon_cmake.task.cmake.build:Building CMake package in '/home/zuriel_tov/Brazo-Robotico/irb14050_ws/src/robot_interfaces'
[0.120s] INFO:colcon.colcon_core.plugin_system:Skipping extension 'colcon_core.shell.bat': Not used on non-Windows systems
[0.120s] INFO:colcon.colcon_core.shell:Skip shell extension 'powershell' for command environment: Not usable outside of PowerShell
[0.121s] DEBUG:colcon.colcon_core.shell:Skip shell extension 'dsv' for command environment
[0.122s] INFO:colcon.colcon_ros.task.ament_python.build:Building ROS package in '/home/zuriel_tov/Brazo-Robotico/irb14050_ws/src/robot_perception' with build type 'ament_python'
[0.122s] Level 1:colcon.colcon_core.shell:create_environment_hook('robot_perception', 'ament_prefix_path')
[0.122s] INFO:colcon.colcon_core.shell:Creating environment hook '/home/zuriel_tov/Brazo-Robotico/install/robot_perception/share/robot_perception/hook/ament_prefix_path.ps1'
[0.123s] INFO:colcon.colcon_core.shell:Creating environment descriptor '/home/zuriel_tov/Brazo-Robotico/install/robot_perception/share/robot_perception/hook/ament_prefix_path.dsv'
[0.123s] INFO:colcon.colcon_core.shell:Creating environment hook '/home/zuriel_tov/Brazo-Robotico/install/robot_perception/share/robot_perception/hook/ament_prefix_path.sh'
[0.123s] INFO:colcon.colcon_core.shell:Skip shell extension 'powershell' for command environment: Not usable outside of PowerShell
[0.123s] DEBUG:colcon.colcon_core.shell:Skip shell extension 'dsv' for command environment
[0.125s] INFO:colcon.colcon_ros.task.ament_python.build:Building ROS package in '/home/zuriel_tov/Brazo-Robotico/irb14050_ws/src/robot_speech' with build type 'ament_python'
[0.125s] Level 1:colcon.colcon_core.shell:create_environment_hook('robot_speech', 'ament_prefix_path')
[0.125s] INFO:colcon.colcon_core.shell:Creating environment hook '/home/zuriel_tov/Brazo-Robotico/install/robot_speech/share/robot_speech/hook/ament_prefix_path.ps1'
[0.125s] INFO:colcon.colcon_core.shell:Creating environment descriptor '/home/zuriel_tov/Brazo-Robotico/install/robot_speech/share/robot_speech/hook/ament_prefix_path.dsv'
[0.125s] INFO:colcon.colcon_core.shell:Creating environment hook '/home/zuriel_tov/Brazo-Robotico/install/robot_speech/share/robot_speech/hook/ament_prefix_path.sh'
[0.125s] INFO:colcon.colcon_core.shell:Skip shell extension 'powershell' for command environment: Not usable outside of PowerShell
[0.125s] DEBUG:colcon.colcon_core.shell:Skip shell extension 'dsv' for command environment
[0.128s] INFO:colcon.colcon_ros.task.ament_python.build:Building ROS package in '/home/zuriel_tov/Brazo-Robotico/irb14050_ws/src/robot_task_manager' with build type 'ament_python'
[0.129s] Level 1:colcon.colcon_core.shell:create_environment_hook('robot_task_manager', 'ament_prefix_path')
[0.129s] INFO:colcon.colcon_core.shell:Creating environment hook '/home/zuriel_tov/Brazo-Robotico/install/robot_task_manager/share/robot_task_manager/hook/ament_prefix_path.ps1'
[0.129s] INFO:colcon.colcon_core.shell:Creating environment descriptor '/home/zuriel_tov/Brazo-Robotico/install/robot_task_manager/share/robot_task_manager/hook/ament_prefix_path.dsv'
[0.129s] INFO:colcon.colcon_core.shell:Creating environment hook '/home/zuriel_tov/Brazo-Robotico/install/robot_task_manager/share/robot_task_manager/hook/ament_prefix_path.sh'
[0.129s] INFO:colcon.colcon_core.shell:Skip shell extension 'powershell' for command environment: Not usable outside of PowerShell
[0.129s] DEBUG:colcon.colcon_core.shell:Skip shell extension 'dsv' for command environment
[0.133s] DEBUG:colcon.colcon_core.event_handler.log_command:Invoking command in '/home/zuriel_tov/Brazo-Robotico/build/robot_interfaces': CMAKE_PREFIX_PATH=${CMAKE_PREFIX_PATH}:/opt/ros/jazzy DEBUGINFOD_URLS=https://debuginfod.ubuntu.com /usr/bin/cmake --build /home/zuriel_tov/Brazo-Robotico/build/robot_interfaces -- -j32 -l32
[0.261s] INFO:colcon.colcon_core.task.python.build:Building Python package in '/home/zuriel_tov/Brazo-Robotico/irb14050_ws/src/robot_perception'
[0.262s] INFO:colcon.colcon_core.shell:Skip shell extension 'powershell' for command environment: Not usable outside of PowerShell
[0.262s] DEBUG:colcon.colcon_core.shell:Skip shell extension 'dsv' for command environment
[0.382s] INFO:colcon.colcon_core.task.python.build:Building Python package in '/home/zuriel_tov/Brazo-Robotico/irb14050_ws/src/robot_speech'
[0.382s] INFO:colcon.colcon_core.shell:Skip shell extension 'powershell' for command environment: Not usable outside of PowerShell
[0.382s] DEBUG:colcon.colcon_core.shell:Skip shell extension 'dsv' for command environment
[0.496s] INFO:colcon.colcon_core.task.python.build:Building Python package in '/home/zuriel_tov/Brazo-Robotico/irb14050_ws/src/robot_task_manager'
[0.497s] INFO:colcon.colcon_core.shell:Skip shell extension 'powershell' for command environment: Not usable outside of PowerShell
[0.497s] DEBUG:colcon.colcon_core.shell:Skip shell extension 'dsv' for command environment
[0.498s] DEBUG:colcon.colcon_core.event_handler.log_command:Invoked command in '/home/zuriel_tov/Brazo-Robotico/build/robot_interfaces' returned '0': CMAKE_PREFIX_PATH=${CMAKE_PREFIX_PATH}:/opt/ros/jazzy DEBUGINFOD_URLS=https://debuginfod.ubuntu.com /usr/bin/cmake --build /home/zuriel_tov/Brazo-Robotico/build/robot_interfaces -- -j32 -l32
[0.507s] DEBUG:colcon.colcon_core.event_handler.log_command:Invoking command in '/home/zuriel_tov/Brazo-Robotico/build/robot_interfaces': CMAKE_PREFIX_PATH=${CMAKE_PREFIX_PATH}:/opt/ros/jazzy DEBUGINFOD_URLS=https://debuginfod.ubuntu.com /usr/bin/cmake --install /home/zuriel_tov/Brazo-Robotico/build/robot_interfaces
[0.547s] Level 1:colcon.colcon_core.environment:create_environment_scripts_only(robot_interfaces)
[0.548s] DEBUG:colcon.colcon_core.event_handler.log_command:Invoked command in '/home/zuriel_tov/Brazo-Robotico/build/robot_interfaces' returned '0': CMAKE_PREFIX_PATH=${CMAKE_PREFIX_PATH}:/opt/ros/jazzy DEBUGINFOD_URLS=https://debuginfod.ubuntu.com /usr/bin/cmake --install /home/zuriel_tov/Brazo-Robotico/build/robot_interfaces
[0.549s] Level 1:colcon.colcon_core.environment:checking '/home/zuriel_tov/Brazo-Robotico/install/robot_interfaces' for CMake module files
[0.549s] Level 1:colcon.colcon_core.environment:checking '/home/zuriel_tov/Brazo-Robotico/install/robot_interfaces' for CMake config files
[0.550s] Level 1:colcon.colcon_core.shell:create_environment_hook('robot_interfaces', 'cmake_prefix_path')
[0.550s] INFO:colcon.colcon_core.shell:Creating environment hook '/home/zuriel_tov/Brazo-Robotico/install/robot_interfaces/share/robot_interfaces/hook/cmake_prefix_path.ps1'
[0.550s] INFO:colcon.colcon_core.shell:Creating environment descriptor '/home/zuriel_tov/Brazo-Robotico/install/robot_interfaces/share/robot_interfaces/hook/cmake_prefix_path.dsv'
[0.550s] INFO:colcon.colcon_core.shell:Creating environment hook '/home/zuriel_tov/Brazo-Robotico/install/robot_interfaces/share/robot_interfaces/hook/cmake_prefix_path.sh'
[0.552s] Level 1:colcon.colcon_core.environment:checking '/home/zuriel_tov/Brazo-Robotico/install/robot_interfaces/lib'
[0.553s] Level 1:colcon.colcon_core.shell:create_environment_hook('robot_interfaces', 'ld_library_path_lib')
[0.553s] INFO:colcon.colcon_core.shell:Creating environment hook '/home/zuriel_tov/Brazo-Robotico/install/robot_interfaces/share/robot_interfaces/hook/ld_library_path_lib.ps1'
[0.554s] INFO:colcon.colcon_core.shell:Creating environment descriptor '/home/zuriel_tov/Brazo-Robotico/install/robot_interfaces/share/robot_interfaces/hook/ld_library_path_lib.dsv'
[0.554s] INFO:colcon.colcon_core.shell:Creating environment hook '/home/zuriel_tov/Brazo-Robotico/install/robot_interfaces/share/robot_interfaces/hook/ld_library_path_lib.sh'
[0.556s] Level 1:colcon.colcon_core.environment:checking '/home/zuriel_tov/Brazo-Robotico/install/robot_interfaces/bin'
[0.556s] Level 1:colcon.colcon_core.environment:checking '/home/zuriel_tov/Brazo-Robotico/install/robot_interfaces/lib/pkgconfig/robot_interfaces.pc'
[0.556s] Level 1:colcon.colcon_core.environment:checking '/home/zuriel_tov/Brazo-Robotico/install/robot_interfaces/lib/python3.12/site-packages'
[0.557s] Level 1:colcon.colcon_core.shell:create_environment_hook('robot_interfaces', 'pythonpath')
[0.557s] INFO:colcon.colcon_core.shell:Creating environment hook '/home/zuriel_tov/Brazo-Robotico/install/robot_interfaces/share/robot_interfaces/hook/pythonpath.ps1'
[0.558s] INFO:colcon.colcon_core.shell:Creating environment descriptor '/home/zuriel_tov/Brazo-Robotico/install/robot_interfaces/share/robot_interfaces/hook/pythonpath.dsv'
[0.558s] INFO:colcon.colcon_core.shell:Creating environment hook '/home/zuriel_tov/Brazo-Robotico/install/robot_interfaces/share/robot_interfaces/hook/pythonpath.sh'
[0.559s] Level 1:colcon.colcon_core.environment:checking '/home/zuriel_tov/Brazo-Robotico/install/robot_interfaces/bin'
[0.560s] INFO:colcon.colcon_core.shell:Creating package script '/home/zuriel_tov/Brazo-Robotico/install/robot_interfaces/share/robot_interfaces/package.ps1'
[0.561s] INFO:colcon.colcon_core.shell:Creating package descriptor '/home/zuriel_tov/Brazo-Robotico/install/robot_interfaces/share/robot_interfaces/package.dsv'
[0.562s] INFO:colcon.colcon_core.shell:Creating package script '/home/zuriel_tov/Brazo-Robotico/install/robot_interfaces/share/robot_interfaces/package.sh'
[0.563s] INFO:colcon.colcon_core.shell:Creating package script '/home/zuriel_tov/Brazo-Robotico/install/robot_interfaces/share/robot_interfaces/package.bash'
[0.563s] INFO:colcon.colcon_core.shell:Creating package script '/home/zuriel_tov/Brazo-Robotico/install/robot_interfaces/share/robot_interfaces/package.zsh'
[0.564s] Level 1:colcon.colcon_core.environment:create_file_with_runtime_dependencies(/home/zuriel_tov/Brazo-Robotico/install/robot_interfaces/share/colcon-core/packages/robot_interfaces)
[0.564s] Level 1:colcon.colcon_core.environment:create_environment_scripts_only(robot_interfaces)
[0.565s] Level 1:colcon.colcon_core.environment:checking '/home/zuriel_tov/Brazo-Robotico/install/robot_interfaces' for CMake module files
[0.565s] Level 1:colcon.colcon_core.environment:checking '/home/zuriel_tov/Brazo-Robotico/install/robot_interfaces' for CMake config files
[0.566s] Level 1:colcon.colcon_core.shell:create_environment_hook('robot_interfaces', 'cmake_prefix_path')
[0.566s] INFO:colcon.colcon_core.shell:Creating environment hook '/home/zuriel_tov/Brazo-Robotico/install/robot_interfaces/share/robot_interfaces/hook/cmake_prefix_path.ps1'
[0.566s] INFO:colcon.colcon_core.shell:Creating environment descriptor '/home/zuriel_tov/Brazo-Robotico/install/robot_interfaces/share/robot_interfaces/hook/cmake_prefix_path.dsv'
[0.567s] INFO:colcon.colcon_core.shell:Creating environment hook '/home/zuriel_tov/Brazo-Robotico/install/robot_interfaces/share/robot_interfaces/hook/cmake_prefix_path.sh'
[0.567s] Level 1:colcon.colcon_core.environment:checking '/home/zuriel_tov/Brazo-Robotico/install/robot_interfaces/lib'
[0.567s] Level 1:colcon.colcon_core.shell:create_environment_hook('robot_interfaces', 'ld_library_path_lib')
[0.567s] INFO:colcon.colcon_core.shell:Creating environment hook '/home/zuriel_tov/Brazo-Robotico/install/robot_interfaces/share/robot_interfaces/hook/ld_library_path_lib.ps1'
[0.568s] INFO:colcon.colcon_core.shell:Creating environment descriptor '/home/zuriel_tov/Brazo-Robotico/install/robot_interfaces/share/robot_interfaces/hook/ld_library_path_lib.dsv'
[0.568s] INFO:colcon.colcon_core.shell:Creating environment hook '/home/zuriel_tov/Brazo-Robotico/install/robot_interfaces/share/robot_interfaces/hook/ld_library_path_lib.sh'
[0.568s] Level 1:colcon.colcon_core.environment:checking '/home/zuriel_tov/Brazo-Robotico/install/robot_interfaces/bin'
[0.568s] Level 1:colcon.colcon_core.environment:checking '/home/zuriel_tov/Brazo-Robotico/install/robot_interfaces/lib/pkgconfig/robot_interfaces.pc'
[0.569s] Level 1:colcon.colcon_core.environment:checking '/home/zuriel_tov/Brazo-Robotico/install/robot_interfaces/lib/python3.12/site-packages'
[0.569s] Level 1:colcon.colcon_core.shell:create_environment_hook('robot_interfaces', 'pythonpath')
[0.569s] INFO:colcon.colcon_core.shell:Creating environment hook '/home/zuriel_tov/Brazo-Robotico/install/robot_interfaces/share/robot_interfaces/hook/pythonpath.ps1'
[0.569s] INFO:colcon.colcon_core.shell:Creating environment descriptor '/home/zuriel_tov/Brazo-Robotico/install/robot_interfaces/share/robot_interfaces/hook/pythonpath.dsv'
[0.570s] INFO:colcon.colcon_core.shell:Creating environment hook '/home/zuriel_tov/Brazo-Robotico/install/robot_interfaces/share/robot_interfaces/hook/pythonpath.sh'
[0.570s] Level 1:colcon.colcon_core.environment:checking '/home/zuriel_tov/Brazo-Robotico/install/robot_interfaces/bin'
[0.571s] INFO:colcon.colcon_core.shell:Creating package script '/home/zuriel_tov/Brazo-Robotico/install/robot_interfaces/share/robot_interfaces/package.ps1'
[0.571s] INFO:colcon.colcon_core.shell:Creating package descriptor '/home/zuriel_tov/Brazo-Robotico/install/robot_interfaces/share/robot_interfaces/package.dsv'
[0.572s] INFO:colcon.colcon_core.shell:Creating package script '/home/zuriel_tov/Brazo-Robotico/install/robot_interfaces/share/robot_interfaces/package.sh'
[0.572s] INFO:colcon.colcon_core.shell:Creating package script '/home/zuriel_tov/Brazo-Robotico/install/robot_interfaces/share/robot_interfaces/package.bash'
[0.572s] INFO:colcon.colcon_core.shell:Creating package script '/home/zuriel_tov/Brazo-Robotico/install/robot_interfaces/share/robot_interfaces/package.zsh'
[0.573s] Level 1:colcon.colcon_core.environment:create_file_with_runtime_dependencies(/home/zuriel_tov/Brazo-Robotico/install/robot_interfaces/share/colcon-core/packages/robot_interfaces)
[0.923s] DEBUG:colcon.colcon_core.event_handler.log_command:Invoking command in '/home/zuriel_tov/Brazo-Robotico/irb14050_ws/src/robot_perception': DEBUGINFOD_URLS=https://debuginfod.ubuntu.com PYTHONPATH=/home/zuriel_tov/Brazo-Robotico/build/robot_perception/prefix_override:/usr/lib/python3/dist-packages/colcon_core/task/python/colcon_distutils_commands:/home/zuriel_tov/Brazo-Robotico/install/robot_perception/lib/python3.12/site-packages:${PYTHONPATH} /usr/bin/python3 -W ignore:setup.py install is deprecated -W ignore:easy_install command is deprecated setup.py egg_info --egg-base ../../../build/robot_perception build --build-base /home/zuriel_tov/Brazo-Robotico/build/robot_perception/build install --record /home/zuriel_tov/Brazo-Robotico/build/robot_perception/install.log --single-version-externally-managed install_data
[0.925s] DEBUG:colcon.colcon_core.event_handler.log_command:Invoking command in '/home/zuriel_tov/Brazo-Robotico/irb14050_ws/src/robot_task_manager': DEBUGINFOD_URLS=https://debuginfod.ubuntu.com PYTHONPATH=/home/zuriel_tov/Brazo-Robotico/build/robot_task_manager/prefix_override:/usr/lib/python3/dist-packages/colcon_core/task/python/colcon_distutils_commands:/home/zuriel_tov/Brazo-Robotico/install/robot_task_manager/lib/python3.12/site-packages:${PYTHONPATH} /usr/bin/python3 -W ignore:setup.py install is deprecated -W ignore:easy_install command is deprecated setup.py egg_info --egg-base ../../../build/robot_task_manager build --build-base /home/zuriel_tov/Brazo-Robotico/build/robot_task_manager/build install --record /home/zuriel_tov/Brazo-Robotico/build/robot_task_manager/install.log --single-version-externally-managed install_data
[0.930s] DEBUG:colcon.colcon_core.event_handler.log_command:Invoking command in '/home/zuriel_tov/Brazo-Robotico/irb14050_ws/src/robot_speech': DEBUGINFOD_URLS=https://debuginfod.ubuntu.com PYTHONPATH=/home/zuriel_tov/Brazo-Robotico/build/robot_speech/prefix_override:/usr/lib/python3/dist-packages/colcon_core/task/python/colcon_distutils_commands:/home/zuriel_tov/Brazo-Robotico/install/robot_speech/lib/python3.12/site-packages:${PYTHONPATH} /usr/bin/python3 -W ignore:setup.py install is deprecated -W ignore:easy_install command is deprecated setup.py egg_info --egg-base ../../../build/robot_speech build --build-base /home/zuriel_tov/Brazo-Robotico/build/robot_speech/build install --record /home/zuriel_tov/Brazo-Robotico/build/robot_speech/install.log --single-version-externally-managed install_data
[1.257s] Level 1:colcon.colcon_core.environment:checking '/home/zuriel_tov/Brazo-Robotico/install/robot_perception' for CMake module files
[1.257s] Level 1:colcon.colcon_core.environment:checking '/home/zuriel_tov/Brazo-Robotico/install/robot_perception' for CMake config files
[1.258s] DEBUG:colcon.colcon_core.event_handler.log_command:Invoked command in '/home/zuriel_tov/Brazo-Robotico/irb14050_ws/src/robot_perception' returned '0': DEBUGINFOD_URLS=https://debuginfod.ubuntu.com PYTHONPATH=/home/zuriel_tov/Brazo-Robotico/build/robot_perception/prefix_override:/usr/lib/python3/dist-packages/colcon_core/task/python/colcon_distutils_commands:/home/zuriel_tov/Brazo-Robotico/install/robot_perception/lib/python3.12/site-packages:${PYTHONPATH} /usr/bin/python3 -W ignore:setup.py install is deprecated -W ignore:easy_install command is deprecated setup.py egg_info --egg-base ../../../build/robot_perception build --build-base /home/zuriel_tov/Brazo-Robotico/build/robot_perception/build install --record /home/zuriel_tov/Brazo-Robotico/build/robot_perception/install.log --single-version-externally-managed install_data
[1.258s] Level 1:colcon.colcon_core.environment:checking '/home/zuriel_tov/Brazo-Robotico/install/robot_perception/lib'
[1.258s] Level 1:colcon.colcon_core.environment:checking '/home/zuriel_tov/Brazo-Robotico/install/robot_perception/bin'
[1.258s] Level 1:colcon.colcon_core.environment:checking '/home/zuriel_tov/Brazo-Robotico/install/robot_perception/lib/pkgconfig/robot_perception.pc'
[1.258s] Level 1:colcon.colcon_core.environment:checking '/home/zuriel_tov/Brazo-Robotico/install/robot_perception/lib/python3.12/site-packages'
[1.258s] Level 1:colcon.colcon_core.shell:create_environment_hook('robot_perception', 'pythonpath')
[1.258s] INFO:colcon.colcon_core.shell:Creating environment hook '/home/zuriel_tov/Brazo-Robotico/install/robot_perception/share/robot_perception/hook/pythonpath.ps1'
[1.259s] INFO:colcon.colcon_core.shell:Creating environment descriptor '/home/zuriel_tov/Brazo-Robotico/install/robot_perception/share/robot_perception/hook/pythonpath.dsv'
[1.259s] INFO:colcon.colcon_core.shell:Creating environment hook '/home/zuriel_tov/Brazo-Robotico/install/robot_perception/share/robot_perception/hook/pythonpath.sh'
[1.259s] Level 1:colcon.colcon_core.environment:checking '/home/zuriel_tov/Brazo-Robotico/install/robot_perception/bin'
[1.259s] Level 1:colcon.colcon_core.environment:create_environment_scripts_only(robot_perception)
[1.259s] INFO:colcon.colcon_core.shell:Creating package script '/home/zuriel_tov/Brazo-Robotico/install/robot_perception/share/robot_perception/package.ps1'
[1.260s] INFO:colcon.colcon_core.shell:Creating package descriptor '/home/zuriel_tov/Brazo-Robotico/install/robot_perception/share/robot_perception/package.dsv'
[1.260s] INFO:colcon.colcon_core.shell:Creating package script '/home/zuriel_tov/Brazo-Robotico/install/robot_perception/share/robot_perception/package.sh'
[1.260s] INFO:colcon.colcon_core.shell:Creating package script '/home/zuriel_tov/Brazo-Robotico/install/robot_perception/share/robot_perception/package.bash'
[1.260s] INFO:colcon.colcon_core.shell:Creating package script '/home/zuriel_tov/Brazo-Robotico/install/robot_perception/share/robot_perception/package.zsh'
[1.260s] Level 1:colcon.colcon_core.environment:create_file_with_runtime_dependencies(/home/zuriel_tov/Brazo-Robotico/install/robot_perception/share/colcon-core/packages/robot_perception)
[1.261s] Level 1:colcon.colcon_core.environment:checking '/home/zuriel_tov/Brazo-Robotico/install/robot_speech' for CMake module files
[1.262s] DEBUG:colcon.colcon_core.event_handler.log_command:Invoked command in '/home/zuriel_tov/Brazo-Robotico/irb14050_ws/src/robot_speech' returned '0': DEBUGINFOD_URLS=https://debuginfod.ubuntu.com PYTHONPATH=/home/zuriel_tov/Brazo-Robotico/build/robot_speech/prefix_override:/usr/lib/python3/dist-packages/colcon_core/task/python/colcon_distutils_commands:/home/zuriel_tov/Brazo-Robotico/install/robot_speech/lib/python3.12/site-packages:${PYTHONPATH} /usr/bin/python3 -W ignore:setup.py install is deprecated -W ignore:easy_install command is deprecated setup.py egg_info --egg-base ../../../build/robot_speech build --build-base /home/zuriel_tov/Brazo-Robotico/build/robot_speech/build install --record /home/zuriel_tov/Brazo-Robotico/build/robot_speech/install.log --single-version-externally-managed install_data
[1.262s] Level 1:colcon.colcon_core.environment:checking '/home/zuriel_tov/Brazo-Robotico/install/robot_speech' for CMake config files
[1.262s] Level 1:colcon.colcon_core.environment:checking '/home/zuriel_tov/Brazo-Robotico/install/robot_speech/lib'
[1.262s] Level 1:colcon.colcon_core.environment:checking '/home/zuriel_tov/Brazo-Robotico/install/robot_speech/bin'
[1.262s] Level 1:colcon.colcon_core.environment:checking '/home/zuriel_tov/Brazo-Robotico/install/robot_speech/lib/pkgconfig/robot_speech.pc'
[1.263s] Level 1:colcon.colcon_core.environment:checking '/home/zuriel_tov/Brazo-Robotico/install/robot_speech/lib/python3.12/site-packages'
[1.263s] Level 1:colcon.colcon_core.shell:create_environment_hook('robot_speech', 'pythonpath')
[1.263s] INFO:colcon.colcon_core.shell:Creating environment hook '/home/zuriel_tov/Brazo-Robotico/install/robot_speech/share/robot_speech/hook/pythonpath.ps1'
[1.263s] INFO:colcon.colcon_core.shell:Creating environment descriptor '/home/zuriel_tov/Brazo-Robotico/install/robot_speech/share/robot_speech/hook/pythonpath.dsv'
[1.263s] INFO:colcon.colcon_core.shell:Creating environment hook '/home/zuriel_tov/Brazo-Robotico/install/robot_speech/share/robot_speech/hook/pythonpath.sh'
[1.264s] Level 1:colcon.colcon_core.environment:checking '/home/zuriel_tov/Brazo-Robotico/install/robot_speech/bin'
[1.264s] Level 1:colcon.colcon_core.environment:create_environment_scripts_only(robot_speech)
[1.264s] INFO:colcon.colcon_core.shell:Creating package script '/home/zuriel_tov/Brazo-Robotico/install/robot_speech/share/robot_speech/package.ps1'
[1.264s] INFO:colcon.colcon_core.shell:Creating package descriptor '/home/zuriel_tov/Brazo-Robotico/install/robot_speech/share/robot_speech/package.dsv'
[1.264s] INFO:colcon.colcon_core.shell:Creating package script '/home/zuriel_tov/Brazo-Robotico/install/robot_speech/share/robot_speech/package.sh'
[1.264s] INFO:colcon.colcon_core.shell:Creating package script '/home/zuriel_tov/Brazo-Robotico/install/robot_speech/share/robot_speech/package.bash'
[1.265s] INFO:colcon.colcon_core.shell:Creating package script '/home/zuriel_tov/Brazo-Robotico/install/robot_speech/share/robot_speech/package.zsh'
[1.265s] Level 1:colcon.colcon_core.environment:create_file_with_runtime_dependencies(/home/zuriel_tov/Brazo-Robotico/install/robot_speech/share/colcon-core/packages/robot_speech)
[1.271s] Level 1:colcon.colcon_core.environment:checking '/home/zuriel_tov/Brazo-Robotico/install/robot_task_manager' for CMake module files
[1.271s] DEBUG:colcon.colcon_core.event_handler.log_command:Invoked command in '/home/zuriel_tov/Brazo-Robotico/irb14050_ws/src/robot_task_manager' returned '0': DEBUGINFOD_URLS=https://debuginfod.ubuntu.com PYTHONPATH=/home/zuriel_tov/Brazo-Robotico/build/robot_task_manager/prefix_override:/usr/lib/python3/dist-packages/colcon_core/task/python/colcon_distutils_commands:/home/zuriel_tov/Brazo-Robotico/install/robot_task_manager/lib/python3.12/site-packages:${PYTHONPATH} /usr/bin/python3 -W ignore:setup.py install is deprecated -W ignore:easy_install command is deprecated setup.py egg_info --egg-base ../../../build/robot_task_manager build --build-base /home/zuriel_tov/Brazo-Robotico/build/robot_task_manager/build install --record /home/zuriel_tov/Brazo-Robotico/build/robot_task_manager/install.log --single-version-externally-managed install_data
[1.271s] Level 1:colcon.colcon_core.environment:checking '/home/zuriel_tov/Brazo-Robotico/install/robot_task_manager' for CMake config files
[1.272s] Level 1:colcon.colcon_core.environment:checking '/home/zuriel_tov/Brazo-Robotico/install/robot_task_manager/lib'
[1.272s] Level 1:colcon.colcon_core.environment:checking '/home/zuriel_tov/Brazo-Robotico/install/robot_task_manager/bin'
[1.272s] Level 1:colcon.colcon_core.environment:checking '/home/zuriel_tov/Brazo-Robotico/install/robot_task_manager/lib/pkgconfig/robot_task_manager.pc'
[1.272s] Level 1:colcon.colcon_core.environment:checking '/home/zuriel_tov/Brazo-Robotico/install/robot_task_manager/lib/python3.12/site-packages'
[1.272s] Level 1:colcon.colcon_core.shell:create_environment_hook('robot_task_manager', 'pythonpath')
[1.272s] INFO:colcon.colcon_core.shell:Creating environment hook '/home/zuriel_tov/Brazo-Robotico/install/robot_task_manager/share/robot_task_manager/hook/pythonpath.ps1'
[1.272s] INFO:colcon.colcon_core.shell:Creating environment descriptor '/home/zuriel_tov/Brazo-Robotico/install/robot_task_manager/share/robot_task_manager/hook/pythonpath.dsv'
[1.273s] INFO:colcon.colcon_core.shell:Creating environment hook '/home/zuriel_tov/Brazo-Robotico/install/robot_task_manager/share/robot_task_manager/hook/pythonpath.sh'
[1.273s] Level 1:colcon.colcon_core.environment:checking '/home/zuriel_tov/Brazo-Robotico/install/robot_task_manager/bin'
[1.273s] Level 1:colcon.colcon_core.environment:create_environment_scripts_only(robot_task_manager)
[1.273s] INFO:colcon.colcon_core.shell:Creating package script '/home/zuriel_tov/Brazo-Robotico/install/robot_task_manager/share/robot_task_manager/package.ps1'
[1.274s] INFO:colcon.colcon_core.shell:Creating package descriptor '/home/zuriel_tov/Brazo-Robotico/install/robot_task_manager/share/robot_task_manager/package.dsv'
[1.274s] INFO:colcon.colcon_core.shell:Creating package script '/home/zuriel_tov/Brazo-Robotico/install/robot_task_manager/share/robot_task_manager/package.sh'
[1.274s] INFO:colcon.colcon_core.shell:Creating package script '/home/zuriel_tov/Brazo-Robotico/install/robot_task_manager/share/robot_task_manager/package.bash'
[1.275s] INFO:colcon.colcon_core.shell:Creating package script '/home/zuriel_tov/Brazo-Robotico/install/robot_task_manager/share/robot_task_manager/package.zsh'
[1.275s] Level 1:colcon.colcon_core.environment:create_file_with_runtime_dependencies(/home/zuriel_tov/Brazo-Robotico/install/robot_task_manager/share/colcon-core/packages/robot_task_manager)
[1.275s] DEBUG:colcon.colcon_parallel_executor.executor.parallel:closing loop
[1.275s] DEBUG:colcon.colcon_parallel_executor.executor.parallel:loop closed
[1.276s] DEBUG:colcon.colcon_parallel_executor.executor.parallel:run_until_complete finished with '0'
[1.276s] DEBUG:colcon.colcon_core.event_reactor:joining thread
[1.278s] INFO:colcon.colcon_core.plugin_system:Skipping extension 'colcon_notification.desktop_notification.terminal_notifier': Not used on non-Darwin systems
[1.278s] INFO:colcon.colcon_core.plugin_system:Skipping extension 'colcon_notification.desktop_notification.win32': Not used on non-Windows systems
[1.278s] INFO:colcon.colcon_notification.desktop_notification:Sending desktop notification using 'notify2'
[1.286s] DEBUG:colcon.colcon_core.event_reactor:joined thread
[1.286s] INFO:colcon.colcon_core.shell:Creating prefix script '/home/zuriel_tov/Brazo-Robotico/install/local_setup.ps1'
[1.286s] INFO:colcon.colcon_core.shell:Creating prefix util module '/home/zuriel_tov/Brazo-Robotico/install/_local_setup_util_ps1.py'
[1.287s] INFO:colcon.colcon_core.shell:Creating prefix chain script '/home/zuriel_tov/Brazo-Robotico/install/setup.ps1'
[1.288s] INFO:colcon.colcon_core.shell:Creating prefix script '/home/zuriel_tov/Brazo-Robotico/install/local_setup.sh'
[1.288s] INFO:colcon.colcon_core.shell:Creating prefix util module '/home/zuriel_tov/Brazo-Robotico/install/_local_setup_util_sh.py'
[1.289s] INFO:colcon.colcon_core.shell:Creating prefix chain script '/home/zuriel_tov/Brazo-Robotico/install/setup.sh'
[1.289s] INFO:colcon.colcon_core.shell:Creating prefix script '/home/zuriel_tov/Brazo-Robotico/install/local_setup.bash'
[1.289s] INFO:colcon.colcon_core.shell:Creating prefix chain script '/home/zuriel_tov/Brazo-Robotico/install/setup.bash'
[1.290s] INFO:colcon.colcon_core.shell:Creating prefix script '/home/zuriel_tov/Brazo-Robotico/install/local_setup.zsh'
[1.290s] INFO:colcon.colcon_core.shell:Creating prefix chain script '/home/zuriel_tov/Brazo-Robotico/install/setup.zsh'
