[0.015s] Invoking command in '/home/zuriel_tov/Brazo-Robotico/build/robot_interfaces': CMAKE_PREFIX_PATH=${CMAKE_PREFIX_PATH}:/home/zuriel_tov/Brazo-Robotico/install/robot_task_manager:/home/zuriel_tov/Brazo-Robotico/install/robot_speech:/home/zuriel_tov/Brazo-Robotico/install/robot_perception:/opt/ros/jazzy DEBUGINFOD_URLS=https://debuginfod.ubuntu.com PS1=(yolo_env) \[\e]0;\u@\h: \w\a\]${debian_chroot:+($debian_chroot)}\[\033[01;32m\]\u@\h\[\033[00m\]:\[\033[01;34m\]\w\[\033[00m\]\$ VIRTUAL_ENV_PROMPT=(yolo_env) /usr/bin/cmake --build /home/zuriel_tov/Brazo-Robotico/build/robot_interfaces -- -j32 -l32
[0.339s] [  2%] Built target robot_interfaces__rosidl_generator_type_description
[0.339s] [  2%] Built target ament_cmake_python_copy_robot_interfaces
[0.340s] [  4%] Built target robot_interfaces__cpp
[0.340s] [ 22%] Built target robot_interfaces__rosidl_generator_c
[0.341s] [ 34%] Built target robot_interfaces__rosidl_typesupport_introspection_c
[0.341s] [ 45%] Built target robot_interfaces__rosidl_typesupport_fastrtps_cpp
[0.341s] [ 50%] Built target robot_interfaces__rosidl_typesupport_introspection_cpp
[0.341s] [ 59%] Built target robot_interfaces__rosidl_typesupport_fastrtps_c
[0.341s] [ 68%] Built target robot_interfaces__rosidl_typesupport_cpp
[0.341s] [ 77%] Built target robot_interfaces__rosidl_typesupport_c
[0.341s] [ 77%] Built target robot_interfaces
[0.341s] [ 79%] Built target robot_interfaces__py
[0.341s] [ 86%] Built target robot_interfaces__rosidl_generator_py
[0.341s] [ 90%] Built target robot_interfaces_s__rosidl_typesupport_fastrtps_c
[0.341s] [ 95%] Built target robot_interfaces_s__rosidl_typesupport_introspection_c
[0.341s] [100%] Built target robot_interfaces_s__rosidl_typesupport_c
[0.341s] running egg_info
[0.342s] writing robot_interfaces.egg-info/PKG-INFO
[0.342s] writing dependency_links to robot_interfaces.egg-info/dependency_links.txt
[0.342s] writing top-level names to robot_interfaces.egg-info/top_level.txt
[0.342s] reading manifest file 'robot_interfaces.egg-info/SOURCES.txt'
[0.342s] writing manifest file 'robot_interfaces.egg-info/SOURCES.txt'
[0.342s] [100%] Built target ament_cmake_python_build_robot_interfaces_egg
[0.342s] Invoked command in '/home/zuriel_tov/Brazo-Robotico/build/robot_interfaces' returned '0': CMAKE_PREFIX_PATH=${CMAKE_PREFIX_PATH}:/home/zuriel_tov/Brazo-Robotico/install/robot_task_manager:/home/zuriel_tov/Brazo-Robotico/install/robot_speech:/home/zuriel_tov/Brazo-Robotico/install/robot_perception:/opt/ros/jazzy DEBUGINFOD_URLS=https://debuginfod.ubuntu.com PS1=(yolo_env) \[\e]0;\u@\h: \w\a\]${debian_chroot:+($debian_chroot)}\[\033[01;32m\]\u@\h\[\033[00m\]:\[\033[01;34m\]\w\[\033[00m\]\$ VIRTUAL_ENV_PROMPT=(yolo_env) /usr/bin/cmake --build /home/zuriel_tov/Brazo-Robotico/build/robot_interfaces -- -j32 -l32
[0.350s] Invoking command in '/home/zuriel_tov/Brazo-Robotico/build/robot_interfaces': CMAKE_PREFIX_PATH=${CMAKE_PREFIX_PATH}:/home/zuriel_tov/Brazo-Robotico/install/robot_task_manager:/home/zuriel_tov/Brazo-Robotico/install/robot_speech:/home/zuriel_tov/Brazo-Robotico/install/robot_perception:/opt/ros/jazzy DEBUGINFOD_URLS=https://debuginfod.ubuntu.com PS1=(yolo_env) \[\e]0;\u@\h: \w\a\]${debian_chroot:+($debian_chroot)}\[\033[01;32m\]\u@\h\[\033[00m\]:\[\033[01;34m\]\w\[\033[00m\]\$ VIRTUAL_ENV_PROMPT=(yolo_env) /usr/bin/cmake --install /home/zuriel_tov/Brazo-Robotico/build/robot_interfaces
[0.499s] -- Install configuration: ""
[0.499s] -- Up-to-date: /home/zuriel_tov/Brazo-Robotico/install/robot_interfaces/share/ament_index/resource_index/rosidl_interfaces/robot_interfaces
[0.499s] -- Up-to-date: /home/zuriel_tov/Brazo-Robotico/install/robot_interfaces/share/robot_interfaces/msg/DetectedObject.json
[0.499s] -- Up-to-date: /home/zuriel_tov/Brazo-Robotico/install/robot_interfaces/share/robot_interfaces/msg/DetectedObjectArray.json
[0.499s] -- Up-to-date: /home/zuriel_tov/Brazo-Robotico/install/robot_interfaces/include/robot_interfaces/robot_interfaces
[0.499s] -- Up-to-date: /home/zuriel_tov/Brazo-Robotico/install/robot_interfaces/include/robot_interfaces/robot_interfaces/msg
[0.500s] -- Up-to-date: /home/zuriel_tov/Brazo-Robotico/install/robot_interfaces/include/robot_interfaces/robot_interfaces/msg/detail
[0.500s] -- Up-to-date: /home/zuriel_tov/Brazo-Robotico/install/robot_interfaces/include/robot_interfaces/robot_interfaces/msg/detail/detected_object__type_support.h
[0.500s] -- Up-to-date: /home/zuriel_tov/Brazo-Robotico/install/robot_interfaces/include/robot_interfaces/robot_interfaces/msg/detail/detected_object__description.c
[0.500s] -- Up-to-date: /home/zuriel_tov/Brazo-Robotico/install/robot_interfaces/include/robot_interfaces/robot_interfaces/msg/detail/detected_object_array__functions.c
[0.500s] -- Up-to-date: /home/zuriel_tov/Brazo-Robotico/install/robot_interfaces/include/robot_interfaces/robot_interfaces/msg/detail/detected_object_array__type_support.c
[0.500s] -- Up-to-date: /home/zuriel_tov/Brazo-Robotico/install/robot_interfaces/include/robot_interfaces/robot_interfaces/msg/detail/detected_object__struct.h
[0.500s] -- Up-to-date: /home/zuriel_tov/Brazo-Robotico/install/robot_interfaces/include/robot_interfaces/robot_interfaces/msg/detail/detected_object_array__functions.h
[0.500s] -- Up-to-date: /home/zuriel_tov/Brazo-Robotico/install/robot_interfaces/include/robot_interfaces/robot_interfaces/msg/detail/detected_object__functions.h
[0.500s] -- Up-to-date: /home/zuriel_tov/Brazo-Robotico/install/robot_interfaces/include/robot_interfaces/robot_interfaces/msg/detail/detected_object__type_support.c
[0.500s] -- Up-to-date: /home/zuriel_tov/Brazo-Robotico/install/robot_interfaces/include/robot_interfaces/robot_interfaces/msg/detail/detected_object_array__type_support.h
[0.500s] -- Up-to-date: /home/zuriel_tov/Brazo-Robotico/install/robot_interfaces/include/robot_interfaces/robot_interfaces/msg/detail/detected_object__functions.c
[0.500s] -- Up-to-date: /home/zuriel_tov/Brazo-Robotico/install/robot_interfaces/include/robot_interfaces/robot_interfaces/msg/detail/detected_object_array__struct.h
[0.500s] -- Up-to-date: /home/zuriel_tov/Brazo-Robotico/install/robot_interfaces/include/robot_interfaces/robot_interfaces/msg/detail/detected_object_array__description.c
[0.500s] -- Up-to-date: /home/zuriel_tov/Brazo-Robotico/install/robot_interfaces/include/robot_interfaces/robot_interfaces/msg/detected_object_array.h
[0.500s] -- Up-to-date: /home/zuriel_tov/Brazo-Robotico/install/robot_interfaces/include/robot_interfaces/robot_interfaces/msg/rosidl_generator_c__visibility_control.h
[0.500s] -- Up-to-date: /home/zuriel_tov/Brazo-Robotico/install/robot_interfaces/include/robot_interfaces/robot_interfaces/msg/detected_object.h
[0.500s] -- Up-to-date: /home/zuriel_tov/Brazo-Robotico/install/robot_interfaces/share/robot_interfaces/environment/library_path.sh
[0.500s] -- Up-to-date: /home/zuriel_tov/Brazo-Robotico/install/robot_interfaces/share/robot_interfaces/environment/library_path.dsv
[0.500s] -- Up-to-date: /home/zuriel_tov/Brazo-Robotico/install/robot_interfaces/lib/librobot_interfaces__rosidl_generator_c.so
[0.500s] -- Up-to-date: /home/zuriel_tov/Brazo-Robotico/install/robot_interfaces/include/robot_interfaces/robot_interfaces
[0.500s] -- Up-to-date: /home/zuriel_tov/Brazo-Robotico/install/robot_interfaces/include/robot_interfaces/robot_interfaces/msg
[0.500s] -- Up-to-date: /home/zuriel_tov/Brazo-Robotico/install/robot_interfaces/include/robot_interfaces/robot_interfaces/msg/detail
[0.501s] -- Up-to-date: /home/zuriel_tov/Brazo-Robotico/install/robot_interfaces/include/robot_interfaces/robot_interfaces/msg/detail/detected_object__rosidl_typesupport_fastrtps_c.h
[0.501s] -- Up-to-date: /home/zuriel_tov/Brazo-Robotico/install/robot_interfaces/include/robot_interfaces/robot_interfaces/msg/detail/detected_object_array__rosidl_typesupport_fastrtps_c.h
[0.501s] -- Up-to-date: /home/zuriel_tov/Brazo-Robotico/install/robot_interfaces/include/robot_interfaces/robot_interfaces/msg/rosidl_typesupport_fastrtps_c__visibility_control.h
[0.501s] -- Up-to-date: /home/zuriel_tov/Brazo-Robotico/install/robot_interfaces/lib/librobot_interfaces__rosidl_typesupport_fastrtps_c.so
[0.501s] -- Up-to-date: /home/zuriel_tov/Brazo-Robotico/install/robot_interfaces/include/robot_interfaces/robot_interfaces
[0.501s] -- Up-to-date: /home/zuriel_tov/Brazo-Robotico/install/robot_interfaces/include/robot_interfaces/robot_interfaces/msg
[0.501s] -- Up-to-date: /home/zuriel_tov/Brazo-Robotico/install/robot_interfaces/include/robot_interfaces/robot_interfaces/msg/detail
[0.501s] -- Up-to-date: /home/zuriel_tov/Brazo-Robotico/install/robot_interfaces/include/robot_interfaces/robot_interfaces/msg/detail/detected_object_array__rosidl_typesupport_introspection_c.h
[0.501s] -- Up-to-date: /home/zuriel_tov/Brazo-Robotico/install/robot_interfaces/include/robot_interfaces/robot_interfaces/msg/detail/detected_object_array__type_support.c
[0.501s] -- Up-to-date: /home/zuriel_tov/Brazo-Robotico/install/robot_interfaces/include/robot_interfaces/robot_interfaces/msg/detail/detected_object__type_support.c
[0.501s] -- Up-to-date: /home/zuriel_tov/Brazo-Robotico/install/robot_interfaces/include/robot_interfaces/robot_interfaces/msg/detail/detected_object__rosidl_typesupport_introspection_c.h
[0.501s] -- Up-to-date: /home/zuriel_tov/Brazo-Robotico/install/robot_interfaces/include/robot_interfaces/robot_interfaces/msg/rosidl_typesupport_introspection_c__visibility_control.h
[0.501s] -- Up-to-date: /home/zuriel_tov/Brazo-Robotico/install/robot_interfaces/lib/librobot_interfaces__rosidl_typesupport_introspection_c.so
[0.501s] -- Up-to-date: /home/zuriel_tov/Brazo-Robotico/install/robot_interfaces/lib/librobot_interfaces__rosidl_typesupport_c.so
[0.501s] -- Up-to-date: /home/zuriel_tov/Brazo-Robotico/install/robot_interfaces/include/robot_interfaces/robot_interfaces
[0.501s] -- Up-to-date: /home/zuriel_tov/Brazo-Robotico/install/robot_interfaces/include/robot_interfaces/robot_interfaces/msg
[0.501s] -- Up-to-date: /home/zuriel_tov/Brazo-Robotico/install/robot_interfaces/include/robot_interfaces/robot_interfaces/msg/detail
[0.501s] -- Up-to-date: /home/zuriel_tov/Brazo-Robotico/install/robot_interfaces/include/robot_interfaces/robot_interfaces/msg/detail/detected_object__traits.hpp
[0.501s] -- Up-to-date: /home/zuriel_tov/Brazo-Robotico/install/robot_interfaces/include/robot_interfaces/robot_interfaces/msg/detail/detected_object_array__struct.hpp
[0.501s] -- Up-to-date: /home/zuriel_tov/Brazo-Robotico/install/robot_interfaces/include/robot_interfaces/robot_interfaces/msg/detail/detected_object_array__builder.hpp
[0.501s] -- Up-to-date: /home/zuriel_tov/Brazo-Robotico/install/robot_interfaces/include/robot_interfaces/robot_interfaces/msg/detail/detected_object__type_support.hpp
[0.501s] -- Up-to-date: /home/zuriel_tov/Brazo-Robotico/install/robot_interfaces/include/robot_interfaces/robot_interfaces/msg/detail/detected_object__struct.hpp
[0.501s] -- Up-to-date: /home/zuriel_tov/Brazo-Robotico/install/robot_interfaces/include/robot_interfaces/robot_interfaces/msg/detail/detected_object_array__type_support.hpp
[0.501s] -- Up-to-date: /home/zuriel_tov/Brazo-Robotico/install/robot_interfaces/include/robot_interfaces/robot_interfaces/msg/detail/detected_object_array__traits.hpp
[0.501s] -- Up-to-date: /home/zuriel_tov/Brazo-Robotico/install/robot_interfaces/include/robot_interfaces/robot_interfaces/msg/detail/detected_object__builder.hpp
[0.501s] -- Up-to-date: /home/zuriel_tov/Brazo-Robotico/install/robot_interfaces/include/robot_interfaces/robot_interfaces/msg/rosidl_generator_cpp__visibility_control.hpp
[0.501s] -- Up-to-date: /home/zuriel_tov/Brazo-Robotico/install/robot_interfaces/include/robot_interfaces/robot_interfaces/msg/detected_object.hpp
[0.501s] -- Up-to-date: /home/zuriel_tov/Brazo-Robotico/install/robot_interfaces/include/robot_interfaces/robot_interfaces/msg/detected_object_array.hpp
[0.501s] -- Up-to-date: /home/zuriel_tov/Brazo-Robotico/install/robot_interfaces/include/robot_interfaces/robot_interfaces
[0.501s] -- Up-to-date: /home/zuriel_tov/Brazo-Robotico/install/robot_interfaces/include/robot_interfaces/robot_interfaces/msg
[0.502s] -- Up-to-date: /home/zuriel_tov/Brazo-Robotico/install/robot_interfaces/include/robot_interfaces/robot_interfaces/msg/detail
[0.502s] -- Up-to-date: /home/zuriel_tov/Brazo-Robotico/install/robot_interfaces/include/robot_interfaces/robot_interfaces/msg/detail/dds_fastrtps
[0.502s] -- Up-to-date: /home/zuriel_tov/Brazo-Robotico/install/robot_interfaces/include/robot_interfaces/robot_interfaces/msg/detail/detected_object__rosidl_typesupport_fastrtps_cpp.hpp
[0.502s] -- Up-to-date: /home/zuriel_tov/Brazo-Robotico/install/robot_interfaces/include/robot_interfaces/robot_interfaces/msg/detail/detected_object_array__rosidl_typesupport_fastrtps_cpp.hpp
[0.502s] -- Up-to-date: /home/zuriel_tov/Brazo-Robotico/install/robot_interfaces/include/robot_interfaces/robot_interfaces/msg/rosidl_typesupport_fastrtps_cpp__visibility_control.h
[0.502s] -- Up-to-date: /home/zuriel_tov/Brazo-Robotico/install/robot_interfaces/lib/librobot_interfaces__rosidl_typesupport_fastrtps_cpp.so
[0.502s] -- Up-to-date: /home/zuriel_tov/Brazo-Robotico/install/robot_interfaces/include/robot_interfaces/robot_interfaces
[0.502s] -- Up-to-date: /home/zuriel_tov/Brazo-Robotico/install/robot_interfaces/include/robot_interfaces/robot_interfaces/msg
[0.502s] -- Up-to-date: /home/zuriel_tov/Brazo-Robotico/install/robot_interfaces/include/robot_interfaces/robot_interfaces/msg/detail
[0.502s] -- Up-to-date: /home/zuriel_tov/Brazo-Robotico/install/robot_interfaces/include/robot_interfaces/robot_interfaces/msg/detail/detected_object_array__rosidl_typesupport_introspection_cpp.hpp
[0.502s] -- Up-to-date: /home/zuriel_tov/Brazo-Robotico/install/robot_interfaces/include/robot_interfaces/robot_interfaces/msg/detail/detected_object__type_support.cpp
[0.502s] -- Up-to-date: /home/zuriel_tov/Brazo-Robotico/install/robot_interfaces/include/robot_interfaces/robot_interfaces/msg/detail/detected_object_array__type_support.cpp
[0.502s] -- Up-to-date: /home/zuriel_tov/Brazo-Robotico/install/robot_interfaces/include/robot_interfaces/robot_interfaces/msg/detail/detected_object__rosidl_typesupport_introspection_cpp.hpp
[0.502s] -- Up-to-date: /home/zuriel_tov/Brazo-Robotico/install/robot_interfaces/lib/librobot_interfaces__rosidl_typesupport_introspection_cpp.so
[0.502s] -- Up-to-date: /home/zuriel_tov/Brazo-Robotico/install/robot_interfaces/lib/librobot_interfaces__rosidl_typesupport_cpp.so
[0.502s] -- Up-to-date: /home/zuriel_tov/Brazo-Robotico/install/robot_interfaces/share/robot_interfaces/environment/pythonpath.sh
[0.502s] -- Up-to-date: /home/zuriel_tov/Brazo-Robotico/install/robot_interfaces/share/robot_interfaces/environment/pythonpath.dsv
[0.502s] -- Up-to-date: /home/zuriel_tov/Brazo-Robotico/install/robot_interfaces/lib/python3.12/site-packages/robot_interfaces-0.0.0-py3.12.egg-info
[0.502s] -- Installing: /home/zuriel_tov/Brazo-Robotico/install/robot_interfaces/lib/python3.12/site-packages/robot_interfaces-0.0.0-py3.12.egg-info/dependency_links.txt
[0.502s] -- Installing: /home/zuriel_tov/Brazo-Robotico/install/robot_interfaces/lib/python3.12/site-packages/robot_interfaces-0.0.0-py3.12.egg-info/PKG-INFO
[0.502s] -- Installing: /home/zuriel_tov/Brazo-Robotico/install/robot_interfaces/lib/python3.12/site-packages/robot_interfaces-0.0.0-py3.12.egg-info/top_level.txt
[0.502s] -- Installing: /home/zuriel_tov/Brazo-Robotico/install/robot_interfaces/lib/python3.12/site-packages/robot_interfaces-0.0.0-py3.12.egg-info/SOURCES.txt
[0.502s] -- Up-to-date: /home/zuriel_tov/Brazo-Robotico/install/robot_interfaces/lib/python3.12/site-packages/robot_interfaces
[0.502s] -- Up-to-date: /home/zuriel_tov/Brazo-Robotico/install/robot_interfaces/lib/python3.12/site-packages/robot_interfaces/_robot_interfaces_s.ep.rosidl_typesupport_introspection_c.c
[0.502s] -- Up-to-date: /home/zuriel_tov/Brazo-Robotico/install/robot_interfaces/lib/python3.12/site-packages/robot_interfaces/robot_interfaces_s__rosidl_typesupport_c.so
[0.502s] -- Up-to-date: /home/zuriel_tov/Brazo-Robotico/install/robot_interfaces/lib/python3.12/site-packages/robot_interfaces/__init__.py
[0.502s] -- Up-to-date: /home/zuriel_tov/Brazo-Robotico/install/robot_interfaces/lib/python3.12/site-packages/robot_interfaces/robot_interfaces_s__rosidl_typesupport_fastrtps_c.so
[0.502s] -- Up-to-date: /home/zuriel_tov/Brazo-Robotico/install/robot_interfaces/lib/python3.12/site-packages/robot_interfaces/robot_interfaces_s__rosidl_typesupport_introspection_c.so
[0.502s] -- Up-to-date: /home/zuriel_tov/Brazo-Robotico/install/robot_interfaces/lib/python3.12/site-packages/robot_interfaces/msg
[0.502s] -- Up-to-date: /home/zuriel_tov/Brazo-Robotico/install/robot_interfaces/lib/python3.12/site-packages/robot_interfaces/msg/_detected_object_s.c
[0.502s] -- Up-to-date: /home/zuriel_tov/Brazo-Robotico/install/robot_interfaces/lib/python3.12/site-packages/robot_interfaces/msg/_detected_object_array.py
[0.502s] -- Up-to-date: /home/zuriel_tov/Brazo-Robotico/install/robot_interfaces/lib/python3.12/site-packages/robot_interfaces/msg/__init__.py
[0.502s] -- Up-to-date: /home/zuriel_tov/Brazo-Robotico/install/robot_interfaces/lib/python3.12/site-packages/robot_interfaces/msg/_detected_object_array_s.c
[0.502s] -- Up-to-date: /home/zuriel_tov/Brazo-Robotico/install/robot_interfaces/lib/python3.12/site-packages/robot_interfaces/msg/_detected_object.py
[0.502s] -- Up-to-date: /home/zuriel_tov/Brazo-Robotico/install/robot_interfaces/lib/python3.12/site-packages/robot_interfaces/_robot_interfaces_s.ep.rosidl_typesupport_c.c
[0.502s] -- Up-to-date: /home/zuriel_tov/Brazo-Robotico/install/robot_interfaces/lib/python3.12/site-packages/robot_interfaces/_robot_interfaces_s.ep.rosidl_typesupport_fastrtps_c.c
[0.503s] Listing '/home/zuriel_tov/Brazo-Robotico/install/robot_interfaces/lib/python3.12/site-packages/robot_interfaces'...
[0.503s] Listing '/home/zuriel_tov/Brazo-Robotico/install/robot_interfaces/lib/python3.12/site-packages/robot_interfaces/msg'...
[0.503s] -- Up-to-date: /home/zuriel_tov/Brazo-Robotico/install/robot_interfaces/lib/python3.12/site-packages/robot_interfaces/robot_interfaces_s__rosidl_typesupport_fastrtps_c.so
[0.503s] -- Up-to-date: /home/zuriel_tov/Brazo-Robotico/install/robot_interfaces/lib/python3.12/site-packages/robot_interfaces/robot_interfaces_s__rosidl_typesupport_introspection_c.so
[0.503s] -- Up-to-date: /home/zuriel_tov/Brazo-Robotico/install/robot_interfaces/lib/python3.12/site-packages/robot_interfaces/robot_interfaces_s__rosidl_typesupport_c.so
[0.503s] -- Up-to-date: /home/zuriel_tov/Brazo-Robotico/install/robot_interfaces/lib/librobot_interfaces__rosidl_generator_py.so
[0.503s] -- Up-to-date: /home/zuriel_tov/Brazo-Robotico/install/robot_interfaces/share/robot_interfaces/msg/DetectedObject.idl
[0.503s] -- Up-to-date: /home/zuriel_tov/Brazo-Robotico/install/robot_interfaces/share/robot_interfaces/msg/DetectedObjectArray.idl
[0.503s] -- Up-to-date: /home/zuriel_tov/Brazo-Robotico/install/robot_interfaces/share/robot_interfaces/msg/DetectedObject.msg
[0.503s] -- Up-to-date: /home/zuriel_tov/Brazo-Robotico/install/robot_interfaces/share/robot_interfaces/msg/DetectedObjectArray.msg
[0.503s] -- Up-to-date: /home/zuriel_tov/Brazo-Robotico/install/robot_interfaces/share/ament_index/resource_index/package_run_dependencies/robot_interfaces
[0.503s] -- Up-to-date: /home/zuriel_tov/Brazo-Robotico/install/robot_interfaces/share/ament_index/resource_index/parent_prefix_path/robot_interfaces
[0.503s] -- Up-to-date: /home/zuriel_tov/Brazo-Robotico/install/robot_interfaces/share/robot_interfaces/environment/ament_prefix_path.sh
[0.503s] -- Up-to-date: /home/zuriel_tov/Brazo-Robotico/install/robot_interfaces/share/robot_interfaces/environment/ament_prefix_path.dsv
[0.503s] -- Up-to-date: /home/zuriel_tov/Brazo-Robotico/install/robot_interfaces/share/robot_interfaces/environment/path.sh
[0.503s] -- Up-to-date: /home/zuriel_tov/Brazo-Robotico/install/robot_interfaces/share/robot_interfaces/environment/path.dsv
[0.503s] -- Up-to-date: /home/zuriel_tov/Brazo-Robotico/install/robot_interfaces/share/robot_interfaces/local_setup.bash
[0.503s] -- Up-to-date: /home/zuriel_tov/Brazo-Robotico/install/robot_interfaces/share/robot_interfaces/local_setup.sh
[0.503s] -- Up-to-date: /home/zuriel_tov/Brazo-Robotico/install/robot_interfaces/share/robot_interfaces/local_setup.zsh
[0.503s] -- Up-to-date: /home/zuriel_tov/Brazo-Robotico/install/robot_interfaces/share/robot_interfaces/local_setup.dsv
[0.503s] -- Installing: /home/zuriel_tov/Brazo-Robotico/install/robot_interfaces/share/robot_interfaces/package.dsv
[0.503s] -- Up-to-date: /home/zuriel_tov/Brazo-Robotico/install/robot_interfaces/share/ament_index/resource_index/packages/robot_interfaces
[0.503s] -- Up-to-date: /home/zuriel_tov/Brazo-Robotico/install/robot_interfaces/share/robot_interfaces/cmake/export_robot_interfaces__rosidl_generator_cExport.cmake
[0.503s] -- Up-to-date: /home/zuriel_tov/Brazo-Robotico/install/robot_interfaces/share/robot_interfaces/cmake/export_robot_interfaces__rosidl_generator_cExport-noconfig.cmake
[0.503s] -- Up-to-date: /home/zuriel_tov/Brazo-Robotico/install/robot_interfaces/share/robot_interfaces/cmake/export_robot_interfaces__rosidl_typesupport_fastrtps_cExport.cmake
[0.503s] -- Up-to-date: /home/zuriel_tov/Brazo-Robotico/install/robot_interfaces/share/robot_interfaces/cmake/export_robot_interfaces__rosidl_typesupport_fastrtps_cExport-noconfig.cmake
[0.503s] -- Up-to-date: /home/zuriel_tov/Brazo-Robotico/install/robot_interfaces/share/robot_interfaces/cmake/robot_interfaces__rosidl_typesupport_introspection_cExport.cmake
[0.503s] -- Up-to-date: /home/zuriel_tov/Brazo-Robotico/install/robot_interfaces/share/robot_interfaces/cmake/robot_interfaces__rosidl_typesupport_introspection_cExport-noconfig.cmake
[0.503s] -- Up-to-date: /home/zuriel_tov/Brazo-Robotico/install/robot_interfaces/share/robot_interfaces/cmake/robot_interfaces__rosidl_typesupport_cExport.cmake
[0.504s] -- Up-to-date: /home/zuriel_tov/Brazo-Robotico/install/robot_interfaces/share/robot_interfaces/cmake/robot_interfaces__rosidl_typesupport_cExport-noconfig.cmake
[0.504s] -- Up-to-date: /home/zuriel_tov/Brazo-Robotico/install/robot_interfaces/share/robot_interfaces/cmake/export_robot_interfaces__rosidl_generator_cppExport.cmake
[0.504s] -- Up-to-date: /home/zuriel_tov/Brazo-Robotico/install/robot_interfaces/share/robot_interfaces/cmake/export_robot_interfaces__rosidl_typesupport_fastrtps_cppExport.cmake
[0.504s] -- Up-to-date: /home/zuriel_tov/Brazo-Robotico/install/robot_interfaces/share/robot_interfaces/cmake/export_robot_interfaces__rosidl_typesupport_fastrtps_cppExport-noconfig.cmake
[0.504s] -- Up-to-date: /home/zuriel_tov/Brazo-Robotico/install/robot_interfaces/share/robot_interfaces/cmake/robot_interfaces__rosidl_typesupport_introspection_cppExport.cmake
[0.504s] -- Up-to-date: /home/zuriel_tov/Brazo-Robotico/install/robot_interfaces/share/robot_interfaces/cmake/robot_interfaces__rosidl_typesupport_introspection_cppExport-noconfig.cmake
[0.504s] -- Up-to-date: /home/zuriel_tov/Brazo-Robotico/install/robot_interfaces/share/robot_interfaces/cmake/robot_interfaces__rosidl_typesupport_cppExport.cmake
[0.504s] -- Up-to-date: /home/zuriel_tov/Brazo-Robotico/install/robot_interfaces/share/robot_interfaces/cmake/robot_interfaces__rosidl_typesupport_cppExport-noconfig.cmake
[0.504s] -- Up-to-date: /home/zuriel_tov/Brazo-Robotico/install/robot_interfaces/share/robot_interfaces/cmake/export_robot_interfaces__rosidl_generator_pyExport.cmake
[0.504s] -- Up-to-date: /home/zuriel_tov/Brazo-Robotico/install/robot_interfaces/share/robot_interfaces/cmake/export_robot_interfaces__rosidl_generator_pyExport-noconfig.cmake
[0.504s] -- Up-to-date: /home/zuriel_tov/Brazo-Robotico/install/robot_interfaces/share/robot_interfaces/cmake/rosidl_cmake-extras.cmake
[0.504s] -- Up-to-date: /home/zuriel_tov/Brazo-Robotico/install/robot_interfaces/share/robot_interfaces/cmake/ament_cmake_export_dependencies-extras.cmake
[0.504s] -- Up-to-date: /home/zuriel_tov/Brazo-Robotico/install/robot_interfaces/share/robot_interfaces/cmake/ament_cmake_export_include_directories-extras.cmake
[0.504s] -- Up-to-date: /home/zuriel_tov/Brazo-Robotico/install/robot_interfaces/share/robot_interfaces/cmake/ament_cmake_export_libraries-extras.cmake
[0.504s] -- Up-to-date: /home/zuriel_tov/Brazo-Robotico/install/robot_interfaces/share/robot_interfaces/cmake/ament_cmake_export_targets-extras.cmake
[0.504s] -- Up-to-date: /home/zuriel_tov/Brazo-Robotico/install/robot_interfaces/share/robot_interfaces/cmake/rosidl_cmake_export_typesupport_targets-extras.cmake
[0.504s] -- Up-to-date: /home/zuriel_tov/Brazo-Robotico/install/robot_interfaces/share/robot_interfaces/cmake/rosidl_cmake_export_typesupport_libraries-extras.cmake
[0.504s] -- Up-to-date: /home/zuriel_tov/Brazo-Robotico/install/robot_interfaces/share/robot_interfaces/cmake/robot_interfacesConfig.cmake
[0.504s] -- Up-to-date: /home/zuriel_tov/Brazo-Robotico/install/robot_interfaces/share/robot_interfaces/cmake/robot_interfacesConfig-version.cmake
[0.504s] -- Up-to-date: /home/zuriel_tov/Brazo-Robotico/install/robot_interfaces/share/robot_interfaces/package.xml
[0.506s] Invoked command in '/home/zuriel_tov/Brazo-Robotico/build/robot_interfaces' returned '0': CMAKE_PREFIX_PATH=${CMAKE_PREFIX_PATH}:/home/zuriel_tov/Brazo-Robotico/install/robot_task_manager:/home/zuriel_tov/Brazo-Robotico/install/robot_speech:/home/zuriel_tov/Brazo-Robotico/install/robot_perception:/opt/ros/jazzy DEBUGINFOD_URLS=https://debuginfod.ubuntu.com PS1=(yolo_env) \[\e]0;\u@\h: \w\a\]${debian_chroot:+($debian_chroot)}\[\033[01;32m\]\u@\h\[\033[00m\]:\[\033[01;34m\]\w\[\033[00m\]\$ VIRTUAL_ENV_PROMPT=(yolo_env) /usr/bin/cmake --install /home/zuriel_tov/Brazo-Robotico/build/robot_interfaces
