/home/zuriel_tov/Brazo-Robotico/install/robot_perception/lib/python3.12/site-packages/robot_perception/camera_node.py
/home/zuriel_tov/Brazo-Robotico/install/robot_perception/lib/python3.12/site-packages/robot_perception/__init__.py
/home/zuriel_tov/Brazo-Robotico/install/robot_perception/lib/python3.12/site-packages/robot_perception/depth_estimator.py
/home/zuriel_tov/Brazo-Robotico/install/robot_perception/lib/python3.12/site-packages/robot_perception/yolo_node.py
/home/zuriel_tov/Brazo-Robotico/install/robot_perception/lib/python3.12/site-packages/robot_perception/__pycache__/camera_node.cpython-312.pyc
/home/zuriel_tov/Brazo-Robotico/install/robot_perception/lib/python3.12/site-packages/robot_perception/__pycache__/__init__.cpython-312.pyc
/home/zuriel_tov/Brazo-Robotico/install/robot_perception/lib/python3.12/site-packages/robot_perception/__pycache__/depth_estimator.cpython-312.pyc
/home/zuriel_tov/Brazo-Robotico/install/robot_perception/lib/python3.12/site-packages/robot_perception/__pycache__/yolo_node.cpython-312.pyc
/home/zuriel_tov/Brazo-Robotico/install/robot_perception/share/ament_index/resource_index/packages/robot_perception
/home/zuriel_tov/Brazo-Robotico/install/robot_perception/share/robot_perception/package.xml
/home/zuriel_tov/Brazo-Robotico/install/robot_perception/lib/python3.12/site-packages/robot_perception-0.0.0-py3.12.egg-info/dependency_links.txt
/home/zuriel_tov/Brazo-Robotico/install/robot_perception/lib/python3.12/site-packages/robot_perception-0.0.0-py3.12.egg-info/zip-safe
/home/zuriel_tov/Brazo-Robotico/install/robot_perception/lib/python3.12/site-packages/robot_perception-0.0.0-py3.12.egg-info/requires.txt
/home/zuriel_tov/Brazo-Robotico/install/robot_perception/lib/python3.12/site-packages/robot_perception-0.0.0-py3.12.egg-info/PKG-INFO
/home/zuriel_tov/Brazo-Robotico/install/robot_perception/lib/python3.12/site-packages/robot_perception-0.0.0-py3.12.egg-info/top_level.txt
/home/zuriel_tov/Brazo-Robotico/install/robot_perception/lib/python3.12/site-packages/robot_perception-0.0.0-py3.12.egg-info/SOURCES.txt
/home/zuriel_tov/Brazo-Robotico/install/robot_perception/lib/python3.12/site-packages/robot_perception-0.0.0-py3.12.egg-info/entry_points.txt
/home/zuriel_tov/Brazo-Robotico/install/robot_perception/lib/robot_perception/camera_node
/home/zuriel_tov/Brazo-Robotico/install/robot_perception/lib/robot_perception/depth_node
/home/zuriel_tov/Brazo-Robotico/install/robot_perception/lib/robot_perception/yolo_node
